<?xml version="1.0" encoding="UTF-8"?>
<!-- Generated by org.testng.reporters.JUnitXMLReporter -->
<testsuite hostname="DLLA1439" name="Default test" tests="6" failures="0" timestamp="25 Apr 2018 09:29:31 GMT" time="126.014" errors="0">
  <testcase name="Test001_Login" time="19.899" classname="com.qait.politico.states.tests.PoliticoStates_CMS_Create_Core_User_Tests"/>
  <testcase name="Test002_Switch_To_States_Site" time="0.145" classname="com.qait.politico.states.tests.PoliticoStates_CMS_Create_Core_User_Tests"/>
  <testcase name="Test003_Launch_AccountManagement_Window" time="5.85" classname="com.qait.politico.states.tests.PoliticoStates_CMS_Create_Core_User_Tests"/>
  <testcase name="Test004_Launch_Create_User_Window" time="2.326" classname="com.qait.politico.states.tests.PoliticoStates_CMS_Create_Core_User_Tests"/>
  <testcase name="Test005_Fill_User_Details" time="14.901" classname="com.qait.politico.states.tests.PoliticoStates_CMS_Create_Core_User_Tests"/>
  <testcase name="Test006_Verify_Creation_Of_User_Through_Frontend" time="64.243" classname="com.qait.politico.states.tests.PoliticoStates_CMS_Create_Core_User_Tests"/>
</testsuite> <!-- Default test -->
