<?xml version="1.0" encoding="UTF-8"?>
<testng-results skipped="0" failed="100" total="130" passed="30">
  <reporter-output>
    <line>
      <![CDATA[Test running on westcoast environment]]>
    </line>
    <line>
      <![CDATA[Platform - web
Browser - chrome]]>
    </line>
    <line>
      <![CDATA[Test running on chrome browser]]>
    </line>
    <line>
      <![CDATA[Test running on westcoast environment]]>
    </line>
    <line>
      <![CDATA[Platform - web
Browser - chrome]]>
    </line>
    <line>
      <![CDATA[Test running on chrome browser]]>
    </line>
    <line>
      <![CDATA[
***** STARTING TEST: FEDERALBILLDETAILTEST *****

Launching browser /chrome/ against starting URL: https://west.ops.politico.com/pro-marketing.html]]>
    </line>
    <line>
      <![CDATA[
***** STARTING TEST: LEGISLATIONSEARCHTEST *****

Launching browser /chrome/ against starting URL: https://west.ops.politico.com/pro-marketing.html]]>
    </line>
    <line>
      <![CDATA[ ]]>
    </line>
    <line>
      <![CDATA[***** STARTING TEST STEP: TEST001_LOGIN *****]]>
    </line>
    <line>
      <![CDATA[ ]]>
    </line>
    <line>
      <![CDATA[ ]]>
    </line>
    <line>
      <![CDATA[***** STARTING TEST STEP: TEST001_LOGIN *****]]>
    </line>
    <line>
      <![CDATA[ ]]>
    </line>
    <line>
      <![CDATA[Entered Email 'AutomationLCUser001@yopmail.com' !! ]]>
    </line>
    <line>
      <![CDATA[Entered Password 'Qatest@123' !! ]]>
    </line>
    <line>
      <![CDATA[Entered Email 'AutomationLCUser002@yopmail.com' !! ]]>
    </line>
    <line>
      <![CDATA[Entered Password 'Qatest@123' !! ]]>
    </line>
    <line>
      <![CDATA[Clicked Submit button successfully !!]]>
    </line>
    <line>
      <![CDATA[Clicked Submit button successfully !!]]>
    </line>
    <line>
      <![CDATA[[PASSED] element text_loggedProUser_Name is displayed.]]>
    </line>
    <line>
      <![CDATA[[PASSED]: User has successfully logged into Politico Pro !! ]]>
    </line>
    <line>
      <![CDATA[ ]]>
    </line>
    <line>
      <![CDATA[***** STARTING TEST STEP: TEST002_LAUNCH_LEGISLATIVECOMPASS *****]]>
    </line>
    <line>
      <![CDATA[ ]]>
    </line>
    <line>
      <![CDATA[[PASSED] element text_loggedProUser_Name is displayed.]]>
    </line>
    <line>
      <![CDATA[[PASSED]: User has successfully logged into Politico Pro !! ]]>
    </line>
    <line>
      <![CDATA[ ]]>
    </line>
    <line>
      <![CDATA[***** STARTING TEST STEP: TEST002_LAUNCH_LEGISLATIVECOMPASS *****]]>
    </line>
    <line>
      <![CDATA[ ]]>
    </line>
    <line>
      <![CDATA[  [info] Window closed]]>
    </line>
    <line>
      <![CDATA[  [info] Window closed]]>
    </line>
    <line>
      <![CDATA[  [info] After switching windows, new window title: Bill Search - POLITICO Pro]]>
    </line>
    <line>
      <![CDATA[  [info] Legislative Compass link clicked]]>
    </line>
    <line>
      <![CDATA[  [info] After switching windows, new window title: Bill Search - POLITICO Pro]]>
    </line>
    <line>
      <![CDATA[  [info] Legislative Compass link clicked]]>
    </line>
    <line>
      <![CDATA[[PASSED] Page title verified]]>
    </line>
    <line>
      <![CDATA[[PASSED] Page title verified]]>
    </line>
    <line>
      <![CDATA[ ]]>
    </line>
    <line>
      <![CDATA[***** STARTING TEST STEP: TEST003_SEARCH_BY_KEYWORD_OR_BILL *****]]>
    </line>
    <line>
      <![CDATA[ ]]>
    </line>
    <line>
      <![CDATA[[PASSED] element lnk-first-fresh-bill is displayed]]>
    </line>
    <line>
      <![CDATA[  [info] Keyword to search entered]]>
    </line>
    <line>
      <![CDATA[First unused bill on the Legislation Compass page clicked]]>
    </line>
    <line>
      <![CDATA[  [info] Keyword search verified]]>
    </line>
    <line>
      <![CDATA[  [info] After switching windows, new window title: Bill Overview - POLITICO Pro]]>
    </line>
    <line>
      <![CDATA[[PASSED] element label-federalBill is displayed.]]>
    </line>
    <line>
      <![CDATA[[PASSED] element txt-billNum is displayed.]]>
    </line>
    <line>
      <![CDATA[[PASSED] element txt-billNameDetailPage is displayed.]]>
    </line>
    <line>
      <![CDATA[[PASSED] element txt-proTitle is not displayed]]>
    </line>
    <line>
      <![CDATA[[PASSED] element lnk-sponsor is displayed.]]>
    </line>
    <line>
      <![CDATA[  [info] Details of the Federal bill including sponsor verified]]>
    </line>
    <line>
      <![CDATA[  [info] Bill Detail Page opened successfully]]>
    </line>
    <line>
      <![CDATA[[PASSED] element lnk-sponsor is displayed]]>
    </line>
    <line>
      <![CDATA[  [info] After switching windows, new window title: POLITICO Pro Congressional Directory | Sen. Roy Blunt]]>
    </line>
    <line>
      <![CDATA[ [INFO] Saving screenshot to D:\POLITICO\2017_automationscripts\./target/screenshots/\FederalBillDetailTest\2018_04_24_01_53_PM\screenshot.png]]>
    </line>
    <line>
      <![CDATA[ ]]>
    </line>
    <line>
      <![CDATA[***** STARTING TEST STEP: TEST003_VERIFY_BUTTONS_ON_BILL_DETAIL_PAGE *****]]>
    </line>
    <line>
      <![CDATA[ ]]>
    </line>
    <line>
      <![CDATA[ [INFO] Saving screenshot to D:\POLITICO\2017_automationscripts\./target/screenshots/\FederalBillDetailTest\2018_04_24_01_53_PM\screenshot.png]]>
    </line>
    <line>
      <![CDATA[ ]]>
    </line>
    <line>
      <![CDATA[***** STARTING TEST STEP: TEST004_VERIFY_OVERVIEW_TAB_FOR_FEDERAL_BILL *****]]>
    </line>
    <line>
      <![CDATA[ ]]>
    </line>
    <line>
      <![CDATA[ [INFO] Saving screenshot to D:\POLITICO\2017_automationscripts\./target/screenshots/\FederalBillDetailTest\2018_04_24_01_53_PM\screenshot.png]]>
    </line>
    <line>
      <![CDATA[ ]]>
    </line>
    <line>
      <![CDATA[***** STARTING TEST STEP: TEST005_VERIFY_BILL_TEXT_TAB_FOR_FEDERAL_BILL *****]]>
    </line>
    <line>
      <![CDATA[ ]]>
    </line>
    <line>
      <![CDATA[  [info] Window closed]]>
    </line>
    <line>
      <![CDATA[  [info] After switching windows, new window title: Bill Search - POLITICO Pro]]>
    </line>
    <line>
      <![CDATA[  [info] Window closed and switched to the previous window]]>
    </line>
    <line>
      <![CDATA[ [INFO] Saving screenshot to D:\POLITICO\2017_automationscripts\./target/screenshots/\LegislationSearchTest\2018_04_24_01_53_PM\screenshot.png]]>
    </line>
    <line>
      <![CDATA[ ]]>
    </line>
    <line>
      <![CDATA[***** STARTING TEST STEP: TEST004_SEARCH_BY_CONGRESS *****]]>
    </line>
    <line>
      <![CDATA[ ]]>
    </line>
    <line>
      <![CDATA[ [INFO] Saving screenshot to D:\POLITICO\2017_automationscripts\./target/screenshots/\FederalBillDetailTest\2018_04_24_01_53_PM\screenshot.png]]>
    </line>
    <line>
      <![CDATA[ ]]>
    </line>
    <line>
      <![CDATA[***** STARTING TEST STEP: TEST006_VERIFY_COMPARE_BILL_VERSION_FOR_FEDERAL_BILL *****]]>
    </line>
    <line>
      <![CDATA[ ]]>
    </line>
    <line>
      <![CDATA[  [info] Window closed]]>
    </line>
    <line>
      <![CDATA[  [info] Filters cleared]]>
    </line>
    <line>
      <![CDATA[  [info] After switching windows, new window title: Bill Search - POLITICO Pro]]>
    </line>
    <line>
      <![CDATA[  [info] Window closed and switched to the previous window]]>
    </line>
    <line>
      <![CDATA[[PASSED] element input-searchByKeyword is displayed.]]>
    </line>
    <line>
      <![CDATA[[PASSED] element txtfield-congress is displayed.]]>
    </line>
    <line>
      <![CDATA[[PASSED] element select-chamberFilter is displayed.]]>
    </line>
    <line>
      <![CDATA[[PASSED] element input-legislationType is displayed.]]>
    </line>
    <line>
      <![CDATA[[PASSED] element input-sponsor is displayed.]]>
    </line>
    <line>
      <![CDATA[[PASSED] element input-cosponsor is displayed.]]>
    </line>
    <line>
      <![CDATA[[PASSED] element input-committee is displayed.]]>
    </line>
    <line>
      <![CDATA[[PASSED] element select-currentStatus is displayed.]]>
    </line>
    <line>
      <![CDATA[[PASSED] element select-actions is displayed.]]>
    </line>
    <line>
      <![CDATA[  [info] Filters in the left rail verified]]>
    </line>
    <line>
      <![CDATA[[ASSERT PASSED]: Selected congress filter verified]]>
    </line>
    <line>
      <![CDATA[  [info] Results for congress 115th verified]]>
    </line>
    <line>
      <![CDATA[  [info] After switching windows, new window title: Bill Overview - POLITICO Pro]]>
    </line>
    <line>
      <![CDATA[[PASSED] element txt-billTxtCount is displayed]]>
    </line>
    <line>
      <![CDATA[  [info] Congress filter 114th applied]]>
    </line>
    <line>
      <![CDATA[  [info] Window closed]]>
    </line>
    <line>
      <![CDATA[  [info] Results for congress 114th verified]]>
    </line>
    <line>
      <![CDATA[ ]]>
    </line>
    <line>
      <![CDATA[***** STARTING TEST STEP: TEST005_SEARCH_BY_CHAMBER *****]]>
    </line>
    <line>
      <![CDATA[ ]]>
    </line>
    <line>
      <![CDATA[  [info] After switching windows, new window title: Bill Search - POLITICO Pro]]>
    </line>
    <line>
      <![CDATA[  [info] Window closed and switched to the previous window]]>
    </line>
    <line>
      <![CDATA[[ASSERT PASSED]: All chambers filter selected by default verified]]>
    </line>
    <line>
      <![CDATA[[PASSED] element item-chamberFilter with text 'House' is displayed.]]>
    </line>
    <line>
      <![CDATA[[PASSED] element item-chamberFilter with text 'Senate' is displayed.]]>
    </line>
    <line>
      <![CDATA[  [info] Chamber filter options verified]]>
    </line>
    <line>
      <![CDATA[  [info] House chamber filter applied]]>
    </line>
    <line>
      <![CDATA[  [info] After switching windows, new window title: Bill Overview - POLITICO Pro]]>
    </line>
    <line>
      <![CDATA[[PASSED] element txt-billTxtCount is displayed]]>
    </line>
    <line>
      <![CDATA[  [info] Window closed]]>
    </line>
    <line>
      <![CDATA[  [info] After switching windows, new window title: Bill Search - POLITICO Pro]]>
    </line>
    <line>
      <![CDATA[  [info] Window closed and switched to the previous window]]>
    </line>
    <line>
      <![CDATA[  [info] After switching windows, new window title: Bill Overview - POLITICO Pro]]>
    </line>
    <line>
      <![CDATA[  [info] After switching windows, new window title: subscriber-stage.politicopro.com]]>
    </line>
    <line>
      <![CDATA[[PASSED] element txt-billTxtCount is not displayed]]>
    </line>
    <line>
      <![CDATA[  [info] Window closed]]>
    </line>
    <line>
      <![CDATA[  [info] After switching windows, new window title: Bill Search - POLITICO Pro]]>
    </line>
    <line>
      <![CDATA[  [info] Window closed and switched to the previous window]]>
    </line>
    <line>
      <![CDATA[  [info] After switching windows, new window title: Bill Overview - POLITICO Pro]]>
    </line>
    <line>
      <![CDATA[[PASSED] element txt-billTxtCount is displayed]]>
    </line>
    <line>
      <![CDATA[  [info] Window closed]]>
    </line>
    <line>
      <![CDATA[  [info] After switching windows, new window title: Bill Search - POLITICO Pro]]>
    </line>
    <line>
      <![CDATA[  [info] Window closed and switched to the previous window]]>
    </line>
    <line>
      <![CDATA[ [INFO] Saving screenshot to D:\POLITICO\2017_automationscripts\./target/screenshots/\LegislationSearchTest\2018_04_24_01_54_PM\screenshot.png]]>
    </line>
    <line>
      <![CDATA[ ]]>
    </line>
    <line>
      <![CDATA[***** STARTING TEST STEP: TEST006_SEARCH_BY_LEGISLATION_TYPE *****]]>
    </line>
    <line>
      <![CDATA[ ]]>
    </line>
    <line>
      <![CDATA[  [info] After switching windows, new window title: Bill Overview - POLITICO Pro]]>
    </line>
    <line>
      <![CDATA[[PASSED] element txt-billTxtCount is displayed]]>
    </line>
    <line>
      <![CDATA[  [info] Window closed]]>
    </line>
    <line>
      <![CDATA[  [info] After switching windows, new window title: Bill Search - POLITICO Pro]]>
    </line>
    <line>
      <![CDATA[  [info] Window closed and switched to the previous window]]>
    </line>
    <line>
      <![CDATA[  [info] After switching windows, new window title: Bill Overview - POLITICO Pro]]>
    </line>
    <line>
      <![CDATA[[PASSED] element txt-billTxtCount is displayed]]>
    </line>
    <line>
      <![CDATA[  [info] Window closed]]>
    </line>
    <line>
      <![CDATA[  [info] After switching windows, new window title: Bill Search - POLITICO Pro]]>
    </line>
    <line>
      <![CDATA[  [info] Window closed and switched to the previous window]]>
    </line>
    <line>
      <![CDATA[ [INFO] Saving screenshot to D:\POLITICO\2017_automationscripts\./target/screenshots/\LegislationSearchTest\2018_04_24_01_55_PM\screenshot.png]]>
    </line>
    <line>
      <![CDATA[ ]]>
    </line>
    <line>
      <![CDATA[***** STARTING TEST STEP: TEST007_SEARCH_BY_CRS_ISUUE_AREA *****]]>
    </line>
    <line>
      <![CDATA[ ]]>
    </line>
    <line>
      <![CDATA[  [info] After switching windows, new window title: subscriber-stage.politicopro.com]]>
    </line>
    <line>
      <![CDATA[[PASSED] element txt-billTxtCount is not displayed]]>
    </line>
    <line>
      <![CDATA[  [info] Window closed]]>
    </line>
    <line>
      <![CDATA[  [info] After switching windows, new window title: Bill Search - POLITICO Pro]]>
    </line>
    <line>
      <![CDATA[  [info] Window closed and switched to the previous window]]>
    </line>
    <line>
      <![CDATA[  [info] After switching windows, new window title: Bill Overview - POLITICO Pro]]>
    </line>
    <line>
      <![CDATA[[PASSED] element txt-billTxtCount is displayed]]>
    </line>
    <line>
      <![CDATA[  [info] Window closed]]>
    </line>
    <line>
      <![CDATA[ [INFO] Saving screenshot to D:\POLITICO\2017_automationscripts\./target/screenshots/\LegislationSearchTest\2018_04_24_01_55_PM\screenshot.png]]>
    </line>
    <line>
      <![CDATA[ ]]>
    </line>
    <line>
      <![CDATA[***** STARTING TEST STEP: TEST008_SEARCH_BY_SPONSORS *****]]>
    </line>
    <line>
      <![CDATA[ ]]>
    </line>
    <line>
      <![CDATA[  [info] After switching windows, new window title: Bill Search - POLITICO Pro]]>
    </line>
    <line>
      <![CDATA[  [info] Window closed and switched to the previous window]]>
    </line>
    <line>
      <![CDATA[  [info] After switching windows, new window title: Bill Overview - POLITICO Pro]]>
    </line>
    <line>
      <![CDATA[[PASSED] element txt-billTxtCount is displayed]]>
    </line>
    <line>
      <![CDATA[  [info] Window closed]]>
    </line>
    <line>
      <![CDATA[  [info] After switching windows, new window title: Bill Search - POLITICO Pro]]>
    </line>
    <line>
      <![CDATA[  [info] Window closed and switched to the previous window]]>
    </line>
    <line>
      <![CDATA[  [info] After switching windows, new window title: Bill Overview - POLITICO Pro]]>
    </line>
    <line>
      <![CDATA[[PASSED] element txt-billTxtCount is displayed]]>
    </line>
    <line>
      <![CDATA[  [info] Window closed]]>
    </line>
    <line>
      <![CDATA[ [INFO] Saving screenshot to D:\POLITICO\2017_automationscripts\./target/screenshots/\LegislationSearchTest\2018_04_24_01_56_PM\screenshot.png]]>
    </line>
    <line>
      <![CDATA[ ]]>
    </line>
    <line>
      <![CDATA[***** STARTING TEST STEP: TEST009_SEARCH_BY_COSPONSORS *****]]>
    </line>
    <line>
      <![CDATA[ ]]>
    </line>
    <line>
      <![CDATA[  [info] After switching windows, new window title: Bill Search - POLITICO Pro]]>
    </line>
    <line>
      <![CDATA[  [info] Window closed and switched to the previous window]]>
    </line>
    <line>
      <![CDATA[  [info] After switching windows, new window title: subscriber-stage.politicopro.com]]>
    </line>
    <line>
      <![CDATA[[PASSED] element txt-billTxtCount is not displayed]]>
    </line>
    <line>
      <![CDATA[  [info] Window closed]]>
    </line>
    <line>
      <![CDATA[  [info] After switching windows, new window title: Bill Search - POLITICO Pro]]>
    </line>
    <line>
      <![CDATA[  [info] Window closed and switched to the previous window]]>
    </line>
    <line>
      <![CDATA[  [info] After switching windows, new window title: Bill Overview - POLITICO Pro]]>
    </line>
    <line>
      <![CDATA[[PASSED] element txt-billTxtCount is displayed]]>
    </line>
    <line>
      <![CDATA[ [INFO] Saving screenshot to D:\POLITICO\2017_automationscripts\./target/screenshots/\LegislationSearchTest\2018_04_24_01_57_PM\screenshot.png]]>
    </line>
    <line>
      <![CDATA[ ]]>
    </line>
    <line>
      <![CDATA[***** STARTING TEST STEP: TEST010_SEARCH_BY_COMMITTEES *****]]>
    </line>
    <line>
      <![CDATA[ ]]>
    </line>
    <line>
      <![CDATA[  [info] Window closed]]>
    </line>
    <line>
      <![CDATA[  [info] After switching windows, new window title: Bill Search - POLITICO Pro]]>
    </line>
    <line>
      <![CDATA[  [info] Window closed and switched to the previous window]]>
    </line>
    <line>
      <![CDATA[  [info] After switching windows, new window title: Bill Overview - POLITICO Pro]]>
    </line>
    <line>
      <![CDATA[[PASSED] element txt-billTxtCount is displayed]]>
    </line>
    <line>
      <![CDATA[First bill on the Legislation Compass page to verify Bill having less Bill Text clicked]]>
    </line>
    <line>
      <![CDATA[  [info] Bill Text tab on right rail clicked]]>
    </line>
    <line>
      <![CDATA[  [info] Single option in Bill version dropdown verified]]>
    </line>
    <line>
      <![CDATA[[PASSED] element btn-billVersion is not displayed]]>
    </line>
    <line>
      <![CDATA[  [info] Compare Bill Versions button verified]]>
    </line>
    <line>
      <![CDATA[ [INFO] Saving screenshot to D:\POLITICO\2017_automationscripts\./target/screenshots/\LegislationSearchTest\2018_04_24_01_57_PM\screenshot.png]]>
    </line>
    <line>
      <![CDATA[ ]]>
    </line>
    <line>
      <![CDATA[***** STARTING TEST STEP: TEST011_SEARCH_BY_CURRENT_STATUS *****]]>
    </line>
    <line>
      <![CDATA[ ]]>
    </line>
    <line>
      <![CDATA[  [info] Window closed]]>
    </line>
    <line>
      <![CDATA[  [info] After switching windows, new window title: Bill Search - POLITICO Pro]]>
    </line>
    <line>
      <![CDATA[  [info] Window closed and switched to the previous window]]>
    </line>
    <line>
      <![CDATA[  [info] After switching windows, new window title: Bill Overview - POLITICO Pro]]>
    </line>
    <line>
      <![CDATA[[PASSED] element txt-billTxtCount is displayed]]>
    </line>
    <line>
      <![CDATA[  [info] Window closed]]>
    </line>
    <line>
      <![CDATA[  [info] After switching windows, new window title: Bill Search - POLITICO Pro]]>
    </line>
    <line>
      <![CDATA[  [info] Window closed and switched to the previous window]]>
    </line>
    <line>
      <![CDATA[  [info] After switching windows, new window title: Bill Overview - POLITICO Pro]]>
    </line>
    <line>
      <![CDATA[[PASSED] element txt-billTxtCount is displayed]]>
    </line>
    <line>
      <![CDATA[ [INFO] Saving screenshot to D:\POLITICO\2017_automationscripts\./target/screenshots/\LegislationSearchTest\2018_04_24_01_58_PM\screenshot.png]]>
    </line>
    <line>
      <![CDATA[ ]]>
    </line>
    <line>
      <![CDATA[***** STARTING TEST STEP: TEST012_SEARCH_BY_ACTIONS *****]]>
    </line>
    <line>
      <![CDATA[ ]]>
    </line>
    <line>
      <![CDATA[  [info] Window closed]]>
    </line>
    <line>
      <![CDATA[  [info] After switching windows, new window title: Bill Search - POLITICO Pro]]>
    </line>
    <line>
      <![CDATA[  [info] Window closed and switched to the previous window]]>
    </line>
    <line>
      <![CDATA[  [info] After switching windows, new window title: Bill Overview - POLITICO Pro]]>
    </line>
    <line>
      <![CDATA[[PASSED] element txt-billTxtCount is displayed]]>
    </line>
    <line>
      <![CDATA[  [info] Window closed]]>
    </line>
    <line>
      <![CDATA[  [info] After switching windows, new window title: Bill Search - POLITICO Pro]]>
    </line>
    <line>
      <![CDATA[  [info] Window closed and switched to the previous window]]>
    </line>
    <line>
      <![CDATA[  [info] After switching windows, new window title: Bill Overview - POLITICO Pro]]>
    </line>
    <line>
      <![CDATA[ [INFO] Saving screenshot to D:\POLITICO\2017_automationscripts\./target/screenshots/\LegislationSearchTest\2018_04_24_01_58_PM\screenshot.png]]>
    </line>
    <line>
      <![CDATA[ ]]>
    </line>
    <line>
      <![CDATA[***** STARTING TEST STEP: TEST013_SEARCH_BY_DATE_RANGE *****]]>
    </line>
    <line>
      <![CDATA[ ]]>
    </line>
    <line>
      <![CDATA[[PASSED] element txt-billTxtCount is displayed]]>
    </line>
    <line>
      <![CDATA[  [info] Window closed]]>
    </line>
    <line>
      <![CDATA[  [info] After switching windows, new window title: Bill Search - POLITICO Pro]]>
    </line>
    <line>
      <![CDATA[  [info] Window closed and switched to the previous window]]>
    </line>
    <line>
      <![CDATA[  [info] After switching windows, new window title: Legislative Compass: Federal and State Legislative Tracking | POLITICO Pro]]>
    </line>
    <line>
      <![CDATA[[PASSED] element txt-billTxtCount is not displayed]]>
    </line>
    <line>
      <![CDATA[  [info] Window closed]]>
    </line>
    <line>
      <![CDATA[  [info] After switching windows, new window title: Bill Search - POLITICO Pro]]>
    </line>
    <line>
      <![CDATA[  [info] Window closed and switched to the previous window]]>
    </line>
    <line>
      <![CDATA[ [INFO] Saving screenshot to D:\POLITICO\2017_automationscripts\./target/screenshots/\LegislationSearchTest\2018_04_24_01_59_PM\screenshot.png]]>
    </line>
    <line>
      <![CDATA[ ]]>
    </line>
    <line>
      <![CDATA[***** STARTING TEST STEP: TEST014_SAVE_SEARCH_MODAL *****]]>
    </line>
    <line>
      <![CDATA[ ]]>
    </line>
    <line>
      <![CDATA[  [info] After switching windows, new window title: Legislative Compass: Federal and State Legislative Tracking | POLITICO Pro]]>
    </line>
    <line>
      <![CDATA[[PASSED] element txt-billTxtCount is not displayed]]>
    </line>
    <line>
      <![CDATA[  [info] Window closed]]>
    </line>
    <line>
      <![CDATA[  [info] After switching windows, new window title: Bill Search - POLITICO Pro]]>
    </line>
    <line>
      <![CDATA[  [info] Window closed and switched to the previous window]]>
    </line>
    <line>
      <![CDATA[  [info] After switching windows, new window title: Legislative Compass: Federal and State Legislative Tracking | POLITICO Pro]]>
    </line>
    <line>
      <![CDATA[[PASSED] element txt-billTxtCount is not displayed]]>
    </line>
    <line>
      <![CDATA[  [info] Window closed]]>
    </line>
    <line>
      <![CDATA[  [info] After switching windows, new window title: Bill Search - POLITICO Pro]]>
    </line>
    <line>
      <![CDATA[  [info] Window closed and switched to the previous window]]>
    </line>
    <line>
      <![CDATA[ [INFO] Saving screenshot to D:\POLITICO\2017_automationscripts\./target/screenshots/\LegislationSearchTest\2018_04_24_01_59_PM\screenshot.png]]>
    </line>
    <line>
      <![CDATA[ ]]>
    </line>
    <line>
      <![CDATA[***** STARTING TEST STEP: TEST015_SELECT_ALL_BOX *****]]>
    </line>
    <line>
      <![CDATA[ ]]>
    </line>
    <line>
      <![CDATA[  [info] After switching windows, new window title: Legislative Compass: Federal and State Legislative Tracking | POLITICO Pro]]>
    </line>
    <line>
      <![CDATA[[PASSED] element txt-billTxtCount is not displayed]]>
    </line>
    <line>
      <![CDATA[  [info] Legislation Search clicked]]>
    </line>
    <line>
      <![CDATA[  [info] Window closed]]>
    </line>
    <line>
      <![CDATA[  [info] After switching windows, new window title: Bill Search - POLITICO Pro]]>
    </line>
    <line>
      <![CDATA[  [info] Window closed and switched to the previous window]]>
    </line>
    <line>
      <![CDATA[  [info] After switching windows, new window title: Legislative Compass: Federal and State Legislative Tracking | POLITICO Pro]]>
    </line>
    <line>
      <![CDATA[[PASSED] element txt-billTxtCount is not displayed]]>
    </line>
    <line>
      <![CDATA[  [info] Window closed]]>
    </line>
    <line>
      <![CDATA[  [info] After switching windows, new window title: Bill Search - POLITICO Pro]]>
    </line>
    <line>
      <![CDATA[  [info] Window closed and switched to the previous window]]>
    </line>
    <line>
      <![CDATA[  [info] After switching windows, new window title: Legislative Compass: Federal and State Legislative Tracking | POLITICO Pro]]>
    </line>
    <line>
      <![CDATA[ [INFO] Saving screenshot to D:\POLITICO\2017_automationscripts\./target/screenshots/\LegislationSearchTest\2018_04_24_02_00_PM\screenshot.png]]>
    </line>
    <line>
      <![CDATA[ ]]>
    </line>
    <line>
      <![CDATA[***** STARTING TEST STEP: TEST016_TRACK_BILL_FROM_LEGISLATION_PAGE_WITH_ALERTS *****]]>
    </line>
    <line>
      <![CDATA[ ]]>
    </line>
    <line>
      <![CDATA[[PASSED] element txt-billTxtCount is not displayed]]>
    </line>
    <line>
      <![CDATA[  [info] Window closed]]>
    </line>
    <line>
      <![CDATA[  [info] After switching windows, new window title: Bill Search - POLITICO Pro]]>
    </line>
    <line>
      <![CDATA[  [info] Window closed and switched to the previous window]]>
    </line>
    <line>
      <![CDATA[  [info] After switching windows, new window title: Legislative Compass: Federal and State Legislative Tracking | POLITICO Pro]]>
    </line>
    <line>
      <![CDATA[[PASSED] element txt-billTxtCount is not displayed]]>
    </line>
    <line>
      <![CDATA[  [info] Window closed]]>
    </line>
    <line>
      <![CDATA[  [info] After switching windows, new window title: Bill Search - POLITICO Pro]]>
    </line>
    <line>
      <![CDATA[  [info] Window closed and switched to the previous window]]>
    </line>
    <line>
      <![CDATA[ [INFO] Saving screenshot to D:\POLITICO\2017_automationscripts\./target/screenshots/\LegislationSearchTest\2018_04_24_02_00_PM\screenshot.png]]>
    </line>
    <line>
      <![CDATA[ ]]>
    </line>
    <line>
      <![CDATA[***** STARTING TEST STEP: TEST017_TRACK_BILL_FROM_LEGISLATION_PAGE_WITHOUT_ALERTS *****]]>
    </line>
    <line>
      <![CDATA[ ]]>
    </line>
    <line>
      <![CDATA[  [info] After switching windows, new window title: Legislative Compass: Federal and State Legislative Tracking | POLITICO Pro]]>
    </line>
    <line>
      <![CDATA[[PASSED] element txt-billTxtCount is not displayed]]>
    </line>
    <line>
      <![CDATA[  [info] Window closed]]>
    </line>
    <line>
      <![CDATA[  [info] After switching windows, new window title: Bill Search - POLITICO Pro]]>
    </line>
    <line>
      <![CDATA[  [info] Window closed and switched to the previous window]]>
    </line>
    <line>
      <![CDATA[  [info] After switching windows, new window title: Legislative Compass: Federal and State Legislative Tracking | POLITICO Pro]]>
    </line>
    <line>
      <![CDATA[[PASSED] element txt-billTxtCount is not displayed]]>
    </line>
    <line>
      <![CDATA[  [info] Window closed]]>
    </line>
    <line>
      <![CDATA[  [info] After switching windows, new window title: Bill Search - POLITICO Pro]]>
    </line>
    <line>
      <![CDATA[  [info] Window closed and switched to the previous window]]>
    </line>
    <line>
      <![CDATA[ [INFO] Saving screenshot to D:\POLITICO\2017_automationscripts\./target/screenshots/\LegislationSearchTest\2018_04_24_02_01_PM\screenshot.png]]>
    </line>
    <line>
      <![CDATA[ ]]>
    </line>
    <line>
      <![CDATA[***** STARTING TEST STEP: TEST018_ADD_FOLDER_FROM_LEGISLATION_PAGE *****]]>
    </line>
    <line>
      <![CDATA[ ]]>
    </line>
    <line>
      <![CDATA[  [info] After switching windows, new window title: Legislative Compass: Federal and State Legislative Tracking | POLITICO Pro]]>
    </line>
    <line>
      <![CDATA[[PASSED] element txt-billTxtCount is not displayed]]>
    </line>
    <line>
      <![CDATA[  [info] Window closed]]>
    </line>
    <line>
      <![CDATA[  [info] After switching windows, new window title: Bill Search - POLITICO Pro]]>
    </line>
    <line>
      <![CDATA[  [info] Window closed and switched to the previous window]]>
    </line>
    <line>
      <![CDATA[  [info] After switching windows, new window title: Legislative Compass: Federal and State Legislative Tracking | POLITICO Pro]]>
    </line>
    <line>
      <![CDATA[[PASSED] element txt-billTxtCount is not displayed]]>
    </line>
    <line>
      <![CDATA[  [info] Window closed]]>
    </line>
    <line>
      <![CDATA[  [info] After switching windows, new window title: Bill Search - POLITICO Pro]]>
    </line>
    <line>
      <![CDATA[  [info] Window closed and switched to the previous window]]>
    </line>
    <line>
      <![CDATA[ [INFO] Saving screenshot to D:\POLITICO\2017_automationscripts\./target/screenshots/\LegislationSearchTest\2018_04_24_02_01_PM\screenshot.png]]>
    </line>
    <line>
      <![CDATA[ ]]>
    </line>
    <line>
      <![CDATA[***** STARTING TEST STEP: TEST019_DOWNLOAD_EXCEL_FROM_LEGISLATION_PAGE *****]]>
    </line>
    <line>
      <![CDATA[ ]]>
    </line>
    <line>
      <![CDATA[  [info] After switching windows, new window title: Legislative Compass: Federal and State Legislative Tracking | POLITICO Pro]]>
    </line>
    <line>
      <![CDATA[[PASSED] element txt-billTxtCount is not displayed]]>
    </line>
    <line>
      <![CDATA[  [info] Window closed]]>
    </line>
    <line>
      <![CDATA[  [info] After switching windows, new window title: Bill Search - POLITICO Pro]]>
    </line>
    <line>
      <![CDATA[  [info] Window closed and switched to the previous window]]>
    </line>
    <line>
      <![CDATA[  [info] After switching windows, new window title: Legislative Compass: Federal and State Legislative Tracking | POLITICO Pro]]>
    </line>
    <line>
      <![CDATA[[PASSED] element txt-billTxtCount is not displayed]]>
    </line>
    <line>
      <![CDATA[  [info] Window closed]]>
    </line>
    <line>
      <![CDATA[  [info] After switching windows, new window title: Bill Search - POLITICO Pro]]>
    </line>
    <line>
      <![CDATA[  [info] Window closed and switched to the previous window]]>
    </line>
    <line>
      <![CDATA[ [INFO] Saving screenshot to D:\POLITICO\2017_automationscripts\./target/screenshots/\LegislationSearchTest\2018_04_24_02_02_PM\screenshot.png]]>
    </line>
    <line>
      <![CDATA[ ]]>
    </line>
    <line>
      <![CDATA[***** STARTING TEST STEP: TEST020_VERIFY_PAGINATION *****]]>
    </line>
    <line>
      <![CDATA[ ]]>
    </line>
    <line>
      <![CDATA[  [info] After switching windows, new window title: Legislative Compass: Federal and State Legislative Tracking | POLITICO Pro]]>
    </line>
    <line>
      <![CDATA[[PASSED] element txt-billTxtCount is not displayed]]>
    </line>
    <line>
      <![CDATA[  [info] Window closed]]>
    </line>
    <line>
      <![CDATA[  [info] After switching windows, new window title: Bill Search - POLITICO Pro]]>
    </line>
    <line>
      <![CDATA[  [info] Window closed and switched to the previous window]]>
    </line>
    <line>
      <![CDATA[  [info] After switching windows, new window title: Legislative Compass: Federal and State Legislative Tracking | POLITICO Pro]]>
    </line>
    <line>
      <![CDATA[[PASSED] element txt-billTxtCount is not displayed]]>
    </line>
    <line>
      <![CDATA[ [INFO] Saving screenshot to D:\POLITICO\2017_automationscripts\./target/screenshots/\LegislationSearchTest\2018_04_24_02_02_PM\screenshot.png]]>
    </line>
    <line>
      <![CDATA[ ]]>
    </line>
    <line>
      <![CDATA[***** STARTING TEST STEP: TEST021_VERIFY_OPENING_OF_A_BILL *****]]>
    </line>
    <line>
      <![CDATA[ ]]>
    </line>
    <line>
      <![CDATA[  [info] Window closed]]>
    </line>
    <line>
      <![CDATA[  [info] After switching windows, new window title: Bill Search - POLITICO Pro]]>
    </line>
    <line>
      <![CDATA[  [info] Window closed and switched to the previous window]]>
    </line>
    <line>
      <![CDATA[[PASSED] element lnk-first-fresh-bill is not displayed]]>
    </line>
    <line>
      <![CDATA[ [INFO] Saving screenshot to D:\POLITICO\2017_automationscripts\./target/screenshots/\LegislationSearchTest\2018_04_24_02_02_PM\screenshot.png]]>
    </line>
    <line>
      <![CDATA[ ]]>
    </line>
    <line>
      <![CDATA[***** STARTING TEST STEP: TEST022_SEARCH_BY_KEYWORD_OR_BILL_STATE *****]]>
    </line>
    <line>
      <![CDATA[ ]]>
    </line>
    <line>
      <![CDATA[  [info] After switching windows, new window title: Bill Search - POLITICO Pro]]>
    </line>
    <line>
      <![CDATA[  [info] After switching windows, new window title: Legislative Compass: Federal and State Legislative Tracking | POLITICO Pro]]>
    </line>
    <line>
      <![CDATA[[PASSED] element txt-billTxtCount is not displayed]]>
    </line>
    <line>
      <![CDATA[  [info] Window closed]]>
    </line>
    <line>
      <![CDATA[  [info] After switching windows, new window title: Bill Search - POLITICO Pro]]>
    </line>
    <line>
      <![CDATA[  [info] Window closed and switched to the previous window]]>
    </line>
    <line>
      <![CDATA[Could not find appropriate Bill in the Search Page]]>
    </line>
    <line>
      <![CDATA[ [INFO] Saving screenshot to D:\POLITICO\2017_automationscripts\./target/screenshots/\FederalBillDetailTest\2018_04_24_02_03_PM\screenshot.png]]>
    </line>
    <line>
      <![CDATA[ ]]>
    </line>
    <line>
      <![CDATA[***** STARTING TEST STEP: TEST007_VERIFY_TRACK_FUNCTIONALITY_FOR_FEDERAL_BILL *****]]>
    </line>
    <line>
      <![CDATA[ ]]>
    </line>
    <line>
      <![CDATA[  [info] Legilation filter State selected]]>
    </line>
    <line>
      <![CDATA[[PASSED] element lnk-first-fresh-bill is displayed]]>
    </line>
    <line>
      <![CDATA[  [info] New York state entered]]>
    </line>
    <line>
      <![CDATA[First unused bill on the Legislation Compass page clicked]]>
    </line>
    <line>
      <![CDATA[  [info] Results for state New York verified]]>
    </line>
    <line>
      <![CDATA[[PASSED] element input-sessionFilter is displayed.]]>
    </line>
    <line>
      <![CDATA[[PASSED] element input-searchByKeyword is displayed.]]>
    </line>
    <line>
      <![CDATA[[PASSED] element select-chamberFilter is displayed.]]>
    </line>
    <line>
      <![CDATA[[PASSED] element input-legislationType is displayed.]]>
    </line>
    <line>
      <![CDATA[[PASSED] element input-sponsor is displayed.]]>
    </line>
    <line>
      <![CDATA[[PASSED] element input-cosponsor is displayed.]]>
    </line>
    <line>
      <![CDATA[[PASSED] element input-committee is displayed.]]>
    </line>
    <line>
      <![CDATA[  [info] Filters in the left rail verified]]>
    </line>
    <line>
      <![CDATA[ [INFO] Saving screenshot to D:\POLITICO\2017_automationscripts\./target/screenshots/\FederalBillDetailTest\2018_04_24_02_03_PM\screenshot.png]]>
    </line>
    <line>
      <![CDATA[ ]]>
    </line>
    <line>
      <![CDATA[***** STARTING TEST STEP: TEST008_STOP_TRACKING *****]]>
    </line>
    <line>
      <![CDATA[ ]]>
    </line>
    <line>
      <![CDATA[ [INFO] Saving screenshot to D:\POLITICO\2017_automationscripts\./target/screenshots/\FederalBillDetailTest\2018_04_24_02_03_PM\screenshot.png]]>
    </line>
    <line>
      <![CDATA[ ]]>
    </line>
    <line>
      <![CDATA[***** STARTING TEST STEP: TEST009_VERIFY_TRACK_FUNCTIONALITY_FOR_AMENDMENT_BILL *****]]>
    </line>
    <line>
      <![CDATA[ ]]>
    </line>
    <line>
      <![CDATA[  [info] Window closed]]>
    </line>
    <line>
      <![CDATA[  [info] Keyword to search entered]]>
    </line>
    <line>
      <![CDATA[  [info] After switching windows, new window title: Bill Search - POLITICO Pro]]>
    </line>
    <line>
      <![CDATA[  [info] Window closed and switched to the previous window]]>
    </line>
    <line>
      <![CDATA[  [info] Bill number filter verified]]>
    </line>
    <line>
      <![CDATA[[PASSED] element lnk-frst-fresh-amdt is not displayed]]>
    </line>
    <line>
      <![CDATA[[PASSED] Page title verified]]>
    </line>
    <line>
      <![CDATA[ ]]>
    </line>
    <line>
      <![CDATA[***** STARTING TEST STEP: TEST023_SAVE_SEARCH_STATE *****]]>
    </line>
    <line>
      <![CDATA[ ]]>
    </line>
    <line>
      <![CDATA[[PASSED] element lnk-frst-fresh-amdt is not displayed]]>
    </line>
    <line>
      <![CDATA[  [info] Filters cleared]]>
    </line>
    <line>
      <![CDATA[  [info] Keyword to search entered]]>
    </line>
    <line>
      <![CDATA[  [info] California state entered]]>
    </line>
    <line>
      <![CDATA[ [INFO] Saving screenshot to D:\POLITICO\2017_automationscripts\./target/screenshots/\FederalBillDetailTest\2018_04_24_02_03_PM\screenshot.png]]>
    </line>
    <line>
      <![CDATA[ ]]>
    </line>
    <line>
      <![CDATA[***** STARTING TEST STEP: TEST010_STOP_TRACKING_AMENDMENT *****]]>
    </line>
    <line>
      <![CDATA[ ]]>
    </line>
    <line>
      <![CDATA[ [INFO] Saving screenshot to D:\POLITICO\2017_automationscripts\./target/screenshots/\FederalBillDetailTest\2018_04_24_02_04_PM\screenshot.png]]>
    </line>
    <line>
      <![CDATA[ ]]>
    </line>
    <line>
      <![CDATA[***** STARTING TEST STEP: TEST011_VERIFY_ACTIONS_TAB_FOR_FEDERAL_BILL *****]]>
    </line>
    <line>
      <![CDATA[ ]]>
    </line>
    <line>
      <![CDATA[  [info] Window closed]]>
    </line>
    <line>
      <![CDATA[  [info] Nevada state entered]]>
    </line>
    <line>
      <![CDATA[  [info] After switching windows, new window title: Legislative Compass: Federal and State Legislative Tracking | POLITICO Pro]]>
    </line>
    <line>
      <![CDATA[  [info] Window closed and switched to the previous window]]>
    </line>
    <line>
      <![CDATA[  [info] Keyword to search entered]]>
    </line>
    <line>
      <![CDATA[  [info] Save Search button clicked]]>
    </line>
    <line>
      <![CDATA[[PASSED] element txt-searchName is displayed.]]>
    </line>
    <line>
      <![CDATA[[PASSED] element txt-saveSearchModal is displayed.]]>
    </line>
    <line>
      <![CDATA[[PASSED] element btn-saveModal is displayed.]]>
    </line>
    <line>
      <![CDATA[[PASSED] element lnk-cancelSearch is displayed.]]>
    </line>
    <line>
      <![CDATA[  [info] Information on Save Search modal verified]]>
    </line>
    <line>
      <![CDATA[[PASSED] element lnk-first-fresh-bill is not displayed]]>
    </line>
    <line>
      <![CDATA[  [info] Search Name entered in the Save Search modal dialog]]>
    </line>
    <line>
      <![CDATA[ [INFO] Saving screenshot to D:\POLITICO\2017_automationscripts\./target/screenshots/\FederalBillDetailTest\2018_04_24_02_04_PM\screenshot.png]]>
    </line>
    <line>
      <![CDATA[ ]]>
    </line>
    <line>
      <![CDATA[***** STARTING TEST STEP: TEST012_VERIFY_NEWS_TAB_FOR_FEDERAL_BILL *****]]>
    </line>
    <line>
      <![CDATA[ ]]>
    </line>
    <line>
      <![CDATA[[PASSED] element txt-searchSuccess is displayed.]]>
    </line>
    <line>
      <![CDATA[[PASSED] element btn-okSearchSaved is displayed.]]>
    </line>
    <line>
      <![CDATA[  [info] Window closed]]>
    </line>
    <line>
      <![CDATA[Driver is null while taking screen shot]]>
    </line>
    <line>
      <![CDATA[ ]]>
    </line>
    <line>
      <![CDATA[***** STARTING TEST STEP: TEST013_VERIFY_CRS_SUMMARY_TAB *****]]>
    </line>
    <line>
      <![CDATA[ ]]>
    </line>
    <line>
      <![CDATA[Driver is null while taking screen shot]]>
    </line>
    <line>
      <![CDATA[ ]]>
    </line>
    <line>
      <![CDATA[***** STARTING TEST STEP: TEST014_VERIFY_NEWS_COUNT *****]]>
    </line>
    <line>
      <![CDATA[ ]]>
    </line>
    <line>
      <![CDATA[Driver is null while taking screen shot]]>
    </line>
    <line>
      <![CDATA[ ]]>
    </line>
    <line>
      <![CDATA[***** STARTING TEST STEP: TEST015_VERIFY_ROLL_CALL_VOTES_TAB_MODULES_FOR_FEDERAL_BILL *****]]>
    </line>
    <line>
      <![CDATA[ ]]>
    </line>
    <line>
      <![CDATA[Driver is null while taking screen shot]]>
    </line>
    <line>
      <![CDATA[ ]]>
    </line>
    <line>
      <![CDATA[***** STARTING TEST STEP: TEST016_VERIFY_VOTE_COUNT_BY_MEMBER_MODULE_FOR_FEDERAL_BILL *****]]>
    </line>
    <line>
      <![CDATA[ ]]>
    </line>
    <line>
      <![CDATA[Driver is null while taking screen shot]]>
    </line>
    <line>
      <![CDATA[ ]]>
    </line>
    <line>
      <![CDATA[***** STARTING TEST STEP: TEST017_VERIFY_BILL_TITLES_ON_RELATED_BILL_TAB *****]]>
    </line>
    <line>
      <![CDATA[ ]]>
    </line>
    <line>
      <![CDATA[Driver is null while taking screen shot]]>
    </line>
    <line>
      <![CDATA[ ]]>
    </line>
    <line>
      <![CDATA[***** STARTING TEST STEP: TEST018_VERIFY_BILL_TITLES_FOR_SIMILAR_BILL *****]]>
    </line>
    <line>
      <![CDATA[ ]]>
    </line>
    <line>
      <![CDATA[Driver is null while taking screen shot]]>
    </line>
    <line>
      <![CDATA[ ]]>
    </line>
    <line>
      <![CDATA[***** STARTING TEST STEP: TEST019_VERIFY_AMMENDMENTS_TAB *****]]>
    </line>
    <line>
      <![CDATA[ ]]>
    </line>
    <line>
      <![CDATA[Driver is null while taking screen shot]]>
    </line>
    <line>
      <![CDATA[ ]]>
    </line>
    <line>
      <![CDATA[***** STARTING TEST STEP: TEST020_VERIFY_COSPONSORS_TAB *****]]>
    </line>
    <line>
      <![CDATA[ ]]>
    </line>
    <line>
      <![CDATA[Driver is null while taking screen shot]]>
    </line>
    <line>
      <![CDATA[ ]]>
    </line>
    <line>
      <![CDATA[***** STARTING TEST STEP: TEST021_VERIFY_DOCUMENT_TAB *****]]>
    </line>
    <line>
      <![CDATA[ ]]>
    </line>
    <line>
      <![CDATA[Driver is null while taking screen shot]]>
    </line>
    <line>
      <![CDATA[ ]]>
    </line>
    <line>
      <![CDATA[***** STARTING TEST STEP: TEST022_VERIFY_PRO_DOCUMENT *****]]>
    </line>
    <line>
      <![CDATA[ ]]>
    </line>
    <line>
      <![CDATA[Driver is null while taking screen shot]]>
    </line>
    <line>
      <![CDATA[ ]]>
    </line>
    <line>
      <![CDATA[***** STARTING TEST STEP: TEST023_VERIFY_BILL_TEXT_DOCUMENT *****]]>
    </line>
    <line>
      <![CDATA[ ]]>
    </line>
    <line>
      <![CDATA[Driver is null while taking screen shot]]>
    </line>
    <line>
      <![CDATA[ ]]>
    </line>
    <line>
      <![CDATA[***** STARTING TEST STEP: TEST024_VERIFY_CBO_COST_ESTIMATE_DOCUMENT *****]]>
    </line>
    <line>
      <![CDATA[ ]]>
    </line>
    <line>
      <![CDATA[Driver is null while taking screen shot]]>
    </line>
    <line>
      <![CDATA[ ]]>
    </line>
    <line>
      <![CDATA[***** STARTING TEST STEP: TEST025_VERIFY_COMMITTEE_REPORTS_DOCUMENT *****]]>
    </line>
    <line>
      <![CDATA[ ]]>
    </line>
    <line>
      <![CDATA[Driver is null while taking screen shot]]>
    </line>
    <line>
      <![CDATA[ ]]>
    </line>
    <line>
      <![CDATA[***** STARTING TEST STEP: TEST026_VERIFY_CREATE_A_NOTE_FUNCTIONALITY_FOR_AMENDMENT_BILL *****]]>
    </line>
    <line>
      <![CDATA[ ]]>
    </line>
    <line>
      <![CDATA[Driver is null while taking screen shot]]>
    </line>
    <line>
      <![CDATA[ ]]>
    </line>
    <line>
      <![CDATA[***** STARTING TEST STEP: TEST027_VERIFY_PUBLISHED_NOTE_FOR_AMENDMENT_BILL *****]]>
    </line>
    <line>
      <![CDATA[ ]]>
    </line>
    <line>
      <![CDATA[Driver is null while taking screen shot]]>
    </line>
    <line>
      <![CDATA[ ]]>
    </line>
    <line>
      <![CDATA[***** STARTING TEST STEP: TEST028_VERIFY_NEWS_COUNT *****]]>
    </line>
    <line>
      <![CDATA[ ]]>
    </line>
    <line>
      <![CDATA[Driver is null while taking screen shot]]>
    </line>
    <line>
      <![CDATA[Test running on westcoast environment]]>
    </line>
    <line>
      <![CDATA[Platform - web
Browser - chrome]]>
    </line>
    <line>
      <![CDATA[Test running on chrome browser]]>
    </line>
    <line>
      <![CDATA[
***** STARTING TEST: STATEBILLDETAILTEST *****

Launching browser /chrome/ against starting URL: https://west.ops.politico.com/pro-marketing.html]]>
    </line>
    <line>
      <![CDATA[ ]]>
    </line>
    <line>
      <![CDATA[***** STARTING TEST STEP: TEST001_LOGIN *****]]>
    </line>
    <line>
      <![CDATA[ ]]>
    </line>
    <line>
      <![CDATA[  [info] Save Search modal verified and Your Preference link clicked]]>
    </line>
    <line>
      <![CDATA[[PASSED] element header-jumpTo is displayed.]]>
    </line>
    <line>
      <![CDATA[  [info] Jump to header verified]]>
    </line>
    <line>
      <![CDATA[  [info] Scrolled to top]]>
    </line>
    <line>
      <![CDATA[  [info] Link Saved Searches clicked]]>
    </line>
    <line>
      <![CDATA[[PASSED] element lnk-savedSearchName with text 'medical marijuana SearchTue Apr 24 13:51:28 IST 2018' is displayed.]]>
    </line>
    <line>
      <![CDATA[  [info] Saved Search on the top verified]]>
    </line>
    <line>
      <![CDATA[[PASSED] element SavedSearchShowAll is displayed]]>
    </line>
    <line>
      <![CDATA[[PASSED] element lnk-savedSearchName with text 'medical marijuana SearchTue Apr 24 13:51:28 IST 2018' is displayed.]]>
    </line>
    <line>
      <![CDATA[  [info] Saved Search verified]]>
    </line>
    <line>
      <![CDATA[Entered Email 'AutomationLCUser003@yopmail.com' !! ]]>
    </line>
    <line>
      <![CDATA[Entered Password 'Qatest@123' !! ]]>
    </line>
    <line>
      <![CDATA[  [info] After switching windows, new window title: subscriber-stage.politicopro.com]]>
    </line>
    <line>
      <![CDATA[  [info] Saved search medical marijuana SearchTue Apr 24 13:51:28 IST 2018 opened]]>
    </line>
    <line>
      <![CDATA[Clicked Submit button successfully !!]]>
    </line>
    <line>
      <![CDATA[[PASSED] element text_loggedProUser_Name is displayed.]]>
    </line>
    <line>
      <![CDATA[[PASSED]: User has successfully logged into Politico Pro !! ]]>
    </line>
    <line>
      <![CDATA[ ]]>
    </line>
    <line>
      <![CDATA[***** STARTING TEST STEP: TEST002_LAUNCH_LEGISLATIVECOMPASS *****]]>
    </line>
    <line>
      <![CDATA[ ]]>
    </line>
    <line>
      <![CDATA[  [info] Window closed]]>
    </line>
    <line>
      <![CDATA[ [INFO] Saving screenshot to D:\POLITICO\2017_automationscripts\./target/screenshots/\LegislationSearchTest\2018_04_24_02_05_PM\screenshot.png]]>
    </line>
    <line>
      <![CDATA[ ]]>
    </line>
    <line>
      <![CDATA[***** STARTING TEST STEP: TEST024_SWITCH_FROM_FEDERAL_TO_STATE *****]]>
    </line>
    <line>
      <![CDATA[ ]]>
    </line>
    <line>
      <![CDATA[ [INFO] Saving screenshot to D:\POLITICO\2017_automationscripts\./target/screenshots/\LegislationSearchTest\2018_04_24_02_05_PM\screenshot.png]]>
    </line>
    <line>
      <![CDATA[ ]]>
    </line>
    <line>
      <![CDATA[***** STARTING TEST STEP: TEST025_SEARCH_BY_CHAMBER_FOR_STATE *****]]>
    </line>
    <line>
      <![CDATA[ ]]>
    </line>
    <line>
      <![CDATA[  [info] After switching windows, new window title: Bill Search - POLITICO Pro]]>
    </line>
    <line>
      <![CDATA[  [info] Legislative Compass link clicked]]>
    </line>
    <line>
      <![CDATA[ [INFO] Saving screenshot to D:\POLITICO\2017_automationscripts\./target/screenshots/\LegislationSearchTest\2018_04_24_02_05_PM\screenshot.png]]>
    </line>
    <line>
      <![CDATA[ ]]>
    </line>
    <line>
      <![CDATA[***** STARTING TEST STEP: TEST026_SEARCH_BY_LEGISLATION_TYPE_FOR_STATE *****]]>
    </line>
    <line>
      <![CDATA[ ]]>
    </line>
    <line>
      <![CDATA[ [INFO] Saving screenshot to D:\POLITICO\2017_automationscripts\./target/screenshots/\LegislationSearchTest\2018_04_24_02_05_PM\screenshot.png]]>
    </line>
    <line>
      <![CDATA[ ]]>
    </line>
    <line>
      <![CDATA[***** STARTING TEST STEP: TEST027_SEARCH_BY_SPONSORS_FOR_STATE *****]]>
    </line>
    <line>
      <![CDATA[ ]]>
    </line>
    <line>
      <![CDATA[ [INFO] Saving screenshot to D:\POLITICO\2017_automationscripts\./target/screenshots/\LegislationSearchTest\2018_04_24_02_05_PM\screenshot.png]]>
    </line>
    <line>
      <![CDATA[ ]]>
    </line>
    <line>
      <![CDATA[***** STARTING TEST STEP: TEST028_SEARCH_BY_COSPONSORS_FOR_STATE *****]]>
    </line>
    <line>
      <![CDATA[ ]]>
    </line>
    <line>
      <![CDATA[ [INFO] Saving screenshot to D:\POLITICO\2017_automationscripts\./target/screenshots/\LegislationSearchTest\2018_04_24_02_05_PM\screenshot.png]]>
    </line>
    <line>
      <![CDATA[ ]]>
    </line>
    <line>
      <![CDATA[***** STARTING TEST STEP: TEST029_SEARCH_BY_COMMITTEES_FOR_STATE *****]]>
    </line>
    <line>
      <![CDATA[ ]]>
    </line>
    <line>
      <![CDATA[[PASSED] Page title verified]]>
    </line>
    <line>
      <![CDATA[ ]]>
    </line>
    <line>
      <![CDATA[***** STARTING TEST STEP: TEST003_VERIFY_OVERVIEW_TAB_FOR_STATE_BILL *****]]>
    </line>
    <line>
      <![CDATA[ ]]>
    </line>
    <line>
      <![CDATA[ [INFO] Saving screenshot to D:\POLITICO\2017_automationscripts\./target/screenshots/\LegislationSearchTest\2018_04_24_02_05_PM\screenshot.png]]>
    </line>
    <line>
      <![CDATA[ ]]>
    </line>
    <line>
      <![CDATA[***** STARTING TEST STEP: TEST030_SEARCH_FOR_MULTIPLE_FIELDS *****]]>
    </line>
    <line>
      <![CDATA[ ]]>
    </line>
    <line>
      <![CDATA[ [INFO] Saving screenshot to D:\POLITICO\2017_automationscripts\./target/screenshots/\LegislationSearchTest\2018_04_24_02_05_PM\screenshot.png]]>
    </line>
    <line>
      <![CDATA[ ]]>
    </line>
    <line>
      <![CDATA[***** STARTING TEST STEP: TEST031_SEARCH_BY_DATE_RANGE_FOR_STATE *****]]>
    </line>
    <line>
      <![CDATA[ ]]>
    </line>
    <line>
      <![CDATA[  [info] After switching windows, new window title: Bill Search - POLITICO Pro]]>
    </line>
    <line>
      <![CDATA[ [INFO] Saving screenshot to D:\POLITICO\2017_automationscripts\./target/screenshots/\LegislationSearchTest\2018_04_24_02_05_PM\screenshot.png]]>
    </line>
    <line>
      <![CDATA[ ]]>
    </line>
    <line>
      <![CDATA[***** STARTING TEST STEP: TEST032_VERIFY_LEGISLATION_TYPE_FOR_STATES *****]]>
    </line>
    <line>
      <![CDATA[ ]]>
    </line>
    <line>
      <![CDATA[ [INFO] Saving screenshot to D:\POLITICO\2017_automationscripts\./target/screenshots/\LegislationSearchTest\2018_04_24_02_05_PM\screenshot.png]]>
    </line>
    <line>
      <![CDATA[ ]]>
    </line>
    <line>
      <![CDATA[***** STARTING TEST STEP: TEST033_SEARCH_BY_KEYWORD_LC2521 *****]]>
    </line>
    <line>
      <![CDATA[ ]]>
    </line>
    <line>
      <![CDATA[ [INFO] Saving screenshot to D:\POLITICO\2017_automationscripts\./target/screenshots/\LegislationSearchTest\2018_04_24_02_05_PM\screenshot.png]]>
    </line>
    <line>
      <![CDATA[ ]]>
    </line>
    <line>
      <![CDATA[***** STARTING TEST STEP: TEST034_SEARCH_BY_KEYWORD_LC_2524 *****]]>
    </line>
    <line>
      <![CDATA[ ]]>
    </line>
    <line>
      <![CDATA[ [INFO] Saving screenshot to D:\POLITICO\2017_automationscripts\./target/screenshots/\LegislationSearchTest\2018_04_24_02_05_PM\screenshot.png]]>
    </line>
    <line>
      <![CDATA[ ]]>
    </line>
    <line>
      <![CDATA[***** STARTING TEST STEP: TEST035_CRS_ISUUE_AREA_FOR_APOSTROPHE_LC_2514 *****]]>
    </line>
    <line>
      <![CDATA[ ]]>
    </line>
    <line>
      <![CDATA[ [INFO] Saving screenshot to D:\POLITICO\2017_automationscripts\./target/screenshots/\LegislationSearchTest\2018_04_24_02_05_PM\screenshot.png]]>
    </line>
    <line>
      <![CDATA[ ]]>
    </line>
    <line>
      <![CDATA[***** STARTING TEST STEP: TEST036_LC_2549 *****]]>
    </line>
    <line>
      <![CDATA[ ]]>
    </line>
    <line>
      <![CDATA[ [INFO] Saving screenshot to D:\POLITICO\2017_automationscripts\./target/screenshots/\LegislationSearchTest\2018_04_24_02_05_PM\screenshot.png]]>
    </line>
    <line>
      <![CDATA[Test running on westcoast environment]]>
    </line>
    <line>
      <![CDATA[Platform - web
Browser - chrome]]>
    </line>
    <line>
      <![CDATA[Test running on chrome browser]]>
    </line>
    <line>
      <![CDATA[  [info] Legilation filter State selected]]>
    </line>
    <line>
      <![CDATA[
***** STARTING TEST: YOURPREFERENCEPAGETEST *****

Launching browser /chrome/ against starting URL: https://west.ops.politico.com/pro-marketing.html]]>
    </line>
    <line>
      <![CDATA[ ]]>
    </line>
    <line>
      <![CDATA[***** STARTING TEST STEP: TEST001_LOGIN *****]]>
    </line>
    <line>
      <![CDATA[ ]]>
    </line>
    <line>
      <![CDATA[[PASSED] element lnk-first-fresh-bill is displayed]]>
    </line>
    <line>
      <![CDATA[First unused bill on the Legislation Compass page clicked]]>
    </line>
    <line>
      <![CDATA[  [info] After switching windows, new window title: subscriber-stage.politicopro.com]]>
    </line>
    <line>
      <![CDATA[ [INFO] Saving screenshot to D:\POLITICO\2017_automationscripts\./target/screenshots/\StateBillDetailTest\2018_04_24_02_06_PM\screenshot.png]]>
    </line>
    <line>
      <![CDATA[ ]]>
    </line>
    <line>
      <![CDATA[***** STARTING TEST STEP: TEST004_VERIFY_NEWS_COUNT_FOR_STATES_BILL *****]]>
    </line>
    <line>
      <![CDATA[ ]]>
    </line>
    <line>
      <![CDATA[  [info] Window closed]]>
    </line>
    <line>
      <![CDATA[  [info] After switching windows, new window title: Bill Search - POLITICO Pro]]>
    </line>
    <line>
      <![CDATA[  [info] Window closed and switched to the previous window]]>
    </line>
    <line>
      <![CDATA[  [info] Keyword to search entered]]>
    </line>
    <line>
      <![CDATA[Entered Email 'AutomationLCUser006@yopmail.com' !! ]]>
    </line>
    <line>
      <![CDATA[Entered Password 'Qatest@123' !! ]]>
    </line>
    <line>
      <![CDATA[  [info] Bill number filter verified]]>
    </line>
    <line>
      <![CDATA[[PASSED] Page title verified]]>
    </line>
    <line>
      <![CDATA[First bill on the Legislation Compass page clicked]]>
    </line>
    <line>
      <![CDATA[  [info] After switching windows, new window title: Bill Overview - POLITICO Pro]]>
    </line>
    <line>
      <![CDATA[[PASSED] element label-stateBill is displayed.]]>
    </line>
    <line>
      <![CDATA[[PASSED] element txt-billNum is displayed.]]>
    </line>
    <line>
      <![CDATA[[PASSED] element txt-billNameDetailPage is displayed.]]>
    </line>
    <line>
      <![CDATA[[PASSED] element txt-proTitle is not displayed]]>
    </line>
    <line>
      <![CDATA[[PASSED] element lnk-stateSponsor is displayed.]]>
    </line>
    <line>
      <![CDATA[[PASSED] element track_button_billPage is displayed.]]>
    </line>
    <line>
      <![CDATA[Track button verified]]>
    </line>
    <line>
      <![CDATA[[PASSED] element btn-bill-header with text 'Add to folder' is displayed.]]>
    </line>
    <line>
      <![CDATA[Add to folder button verified]]>
    </line>
    <line>
      <![CDATA[[PASSED] element btn-bill-header with text 'Create a Note' is displayed.]]>
    </line>
    <line>
      <![CDATA[Create a Note button verified]]>
    </line>
    <line>
      <![CDATA[  [info] Details of the State bill including sponsor verified]]>
    </line>
    <line>
      <![CDATA[  [info] State bill opened verified]]>
    </line>
    <line>
      <![CDATA[Clicked Submit button successfully !!]]>
    </line>
    <line>
      <![CDATA[  [info] News tab on right rail clicked]]>
    </line>
    <line>
      <![CDATA[[PASSED] element text_loggedProUser_Name is displayed.]]>
    </line>
    <line>
      <![CDATA[[PASSED]: User has successfully logged into Politico Pro !! ]]>
    </line>
    <line>
      <![CDATA[ ]]>
    </line>
    <line>
      <![CDATA[***** STARTING TEST STEP: TEST002_LAUNCH_LEGISLATIVECOMPASS *****]]>
    </line>
    <line>
      <![CDATA[ ]]>
    </line>
    <line>
      <![CDATA[  [info] After switching windows, new window title: News - POLITICO Pro]]>
    </line>
    <line>
      <![CDATA[[PASSED] element label-stateBill is displayed.]]>
    </line>
    <line>
      <![CDATA[[PASSED] element txt-billNum is displayed.]]>
    </line>
    <line>
      <![CDATA[[PASSED] element txt-billNameDetailPage is displayed.]]>
    </line>
    <line>
      <![CDATA[  [info] Window closed]]>
    </line>
    <line>
      <![CDATA[[PASSED] element txt-proTitle is not displayed]]>
    </line>
    <line>
      <![CDATA[[PASSED] element lnk-stateSponsor is displayed.]]>
    </line>
    <line>
      <![CDATA[[PASSED] element track_button_billPage is displayed.]]>
    </line>
    <line>
      <![CDATA[Track button verified]]>
    </line>
    <line>
      <![CDATA[[PASSED] element btn-bill-header with text 'Add to folder' is displayed.]]>
    </line>
    <line>
      <![CDATA[Add to folder button verified]]>
    </line>
    <line>
      <![CDATA[[PASSED] element btn-bill-header with text 'Create a Note' is displayed.]]>
    </line>
    <line>
      <![CDATA[Create a Note button verified]]>
    </line>
    <line>
      <![CDATA[  [info] Details of the State bill including sponsor verified]]>
    </line>
    <line>
      <![CDATA[  [info] State bill opened verified]]>
    </line>
    <line>
      <![CDATA[  [info] After switching windows, new window title: Bill Search - POLITICO Pro]]>
    </line>
    <line>
      <![CDATA[  [info] Legislative Compass link clicked]]>
    </line>
    <line>
      <![CDATA[  [info] Number of News articles as 20 verified on News tab page]]>
    </line>
    <line>
      <![CDATA[[PASSED] element btn-loadMoreNews is displayed.]]>
    </line>
    <line>
      <![CDATA[  [info] Total number of news content verified on news tab]]>
    </line>
    <line>
      <![CDATA[ ]]>
    </line>
    <line>
      <![CDATA[***** STARTING TEST STEP: TEST005_VERIFY_BILL_TEXT_TAB_FOR_STATE_BILL *****]]>
    </line>
    <line>
      <![CDATA[ ]]>
    </line>
    <line>
      <![CDATA[  [info] Window closed]]>
    </line>
    <line>
      <![CDATA[  [info] After switching windows, new window title: Bill Search - POLITICO Pro]]>
    </line>
    <line>
      <![CDATA[  [info] Window closed and switched to the previous window]]>
    </line>
    <line>
      <![CDATA[[PASSED] Page title verified]]>
    </line>
    <line>
      <![CDATA[ ]]>
    </line>
    <line>
      <![CDATA[***** STARTING TEST STEP: TEST003_TRACK_FUNCTIONALITY_FOR_FEDERAL_BILL *****]]>
    </line>
    <line>
      <![CDATA[ ]]>
    </line>
    <line>
      <![CDATA[  [info] Filters cleared]]>
    </line>
    <line>
      <![CDATA[  [info] After switching windows, new window title: Bill Search - POLITICO Pro]]>
    </line>
    <line>
      <![CDATA[[PASSED] element lnk-first-fresh-bill is displayed]]>
    </line>
    <line>
      <![CDATA[First unused bill on the Legislation Compass page clicked]]>
    </line>
    <line>
      <![CDATA[  [info] Legilation filter State selected]]>
    </line>
    <line>
      <![CDATA[  [info] After switching windows, new window title: Bill Overview - POLITICO Pro]]>
    </line>
    <line>
      <![CDATA[[PASSED] element label-federalBill is displayed.]]>
    </line>
    <line>
      <![CDATA[[PASSED] element txt-billNum is displayed.]]>
    </line>
    <line>
      <![CDATA[[PASSED] element txt-billNameDetailPage is displayed.]]>
    </line>
    <line>
      <![CDATA[First bill on the Legislation Compass page clicked]]>
    </line>
    <line>
      <![CDATA[[PASSED] element txt-proTitle is not displayed]]>
    </line>
    <line>
      <![CDATA[[PASSED] element lnk-sponsor is displayed.]]>
    </line>
    <line>
      <![CDATA[  [info] Details of the Federal bill including sponsor verified]]>
    </line>
    <line>
      <![CDATA[  [info] Bill Detail Page opened successfully]]>
    </line>
    <line>
      <![CDATA[Track update clicked]]>
    </line>
    <line>
      <![CDATA[Track with email alerts clicked]]>
    </line>
    <line>
      <![CDATA[  [info] After switching windows, new window title: Bill Overview - POLITICO Pro]]>
    </line>
    <line>
      <![CDATA[[PASSED] element label-stateBill is displayed.]]>
    </line>
    <line>
      <![CDATA[[PASSED] element txt-billNum is displayed.]]>
    </line>
    <line>
      <![CDATA[[PASSED] element txt-billNameDetailPage is displayed.]]>
    </line>
    <line>
      <![CDATA[ [INFO] Saving screenshot to D:\POLITICO\2017_automationscripts\./target/screenshots/\YourPreferencePageTest\2018_04_24_02_07_PM\screenshot.png]]>
    </line>
    <line>
      <![CDATA[ ]]>
    </line>
    <line>
      <![CDATA[***** STARTING TEST STEP: TEST004_VERIFY_TRACKED_LEGISLATION *****]]>
    </line>
    <line>
      <![CDATA[ ]]>
    </line>
    <line>
      <![CDATA[[PASSED] element txt-proTitle is not displayed]]>
    </line>
    <line>
      <![CDATA[  [info] Window closed]]>
    </line>
    <line>
      <![CDATA[[PASSED] element lnk-stateSponsor is displayed.]]>
    </line>
    <line>
      <![CDATA[[PASSED] element track_button_billPage is displayed.]]>
    </line>
    <line>
      <![CDATA[Track button verified]]>
    </line>
    <line>
      <![CDATA[[PASSED] element btn-bill-header with text 'Add to folder' is displayed.]]>
    </line>
    <line>
      <![CDATA[Add to folder button verified]]>
    </line>
    <line>
      <![CDATA[[PASSED] element btn-bill-header with text 'Create a Note' is displayed.]]>
    </line>
    <line>
      <![CDATA[Create a Note button verified]]>
    </line>
    <line>
      <![CDATA[  [info] Details of the State bill including sponsor verified]]>
    </line>
    <line>
      <![CDATA[  [info] State bill opened verified]]>
    </line>
    <line>
      <![CDATA[  [info] After switching windows, new window title: Bill Search - POLITICO Pro]]>
    </line>
    <line>
      <![CDATA[  [info] Window closed and switched to the previous window]]>
    </line>
    <line>
      <![CDATA[  [info] Bill Text tab on right rail clicked]]>
    </line>
    <line>
      <![CDATA[  [info] After switching windows, new window title: Bill Text - POLITICO Pro]]>
    </line>
    <line>
      <![CDATA[[PASSED] element label-stateBill is displayed.]]>
    </line>
    <line>
      <![CDATA[[PASSED] element txt-billNum is displayed.]]>
    </line>
    <line>
      <![CDATA[[PASSED] element txt-billNameDetailPage is displayed.]]>
    </line>
    <line>
      <![CDATA[[PASSED] element txt-proTitle is not displayed]]>
    </line>
    <line>
      <![CDATA[[PASSED] element lnk-stateSponsor is displayed.]]>
    </line>
    <line>
      <![CDATA[[PASSED] element track_button_billPage is displayed.]]>
    </line>
    <line>
      <![CDATA[Track button verified]]>
    </line>
    <line>
      <![CDATA[[PASSED] element btn-bill-header with text 'Add to folder' is displayed.]]>
    </line>
    <line>
      <![CDATA[Add to folder button verified]]>
    </line>
    <line>
      <![CDATA[[PASSED] element btn-bill-header with text 'Create a Note' is displayed.]]>
    </line>
    <line>
      <![CDATA[Create a Note button verified]]>
    </line>
    <line>
      <![CDATA[  [info] Details of the State bill including sponsor verified]]>
    </line>
    <line>
      <![CDATA[  [info] State bill opened verified]]>
    </line>
    <line>
      <![CDATA[[PASSED] element section-CreateNote is displayed.]]>
    </line>
    <line>
      <![CDATA[  [info] Create A Note section present]]>
    </line>
    <line>
      <![CDATA[[PASSED] element heading-mainBillPage with text 'Bill text for ' is displayed.]]>
    </line>
    <line>
      <![CDATA[[PASSED] element div-descriptionbillTextPage is displayed.]]>
    </line>
    <line>
      <![CDATA[  [info] Content on Bill Text page verified]]>
    </line>
    <line>
      <![CDATA[[PASSED] element label-stateBill is displayed.]]>
    </line>
    <line>
      <![CDATA[[PASSED] element txt-billNum is displayed.]]>
    </line>
    <line>
      <![CDATA[[PASSED] element txt-billNameDetailPage is displayed.]]>
    </line>
    <line>
      <![CDATA[[PASSED] element txt-proTitle is not displayed]]>
    </line>
    <line>
      <![CDATA[  [info] Your Preferences clicked]]>
    </line>
    <line>
      <![CDATA[[PASSED] element lnk-stateSponsor is displayed.]]>
    </line>
    <line>
      <![CDATA[[PASSED] element track_button_billPage is displayed.]]>
    </line>
    <line>
      <![CDATA[Track button verified]]>
    </line>
    <line>
      <![CDATA[[PASSED] element btn-bill-header with text 'Add to folder' is displayed.]]>
    </line>
    <line>
      <![CDATA[Add to folder button verified]]>
    </line>
    <line>
      <![CDATA[[PASSED] element btn-bill-header with text 'Create a Note' is displayed.]]>
    </line>
    <line>
      <![CDATA[Create a Note button verified]]>
    </line>
    <line>
      <![CDATA[  [info] Details of the State bill including sponsor verified]]>
    </line>
    <line>
      <![CDATA[[PASSED] element track_button_billPage is displayed.]]>
    </line>
    <line>
      <![CDATA[Track button verified]]>
    </line>
    <line>
      <![CDATA[[PASSED] element btn-bill-header with text 'Add to folder' is displayed.]]>
    </line>
    <line>
      <![CDATA[Add to folder button verified]]>
    </line>
    <line>
      <![CDATA[[PASSED] element btn-bill-header with text 'Create a Note' is displayed.]]>
    </line>
    <line>
      <![CDATA[Create a Note button verified]]>
    </line>
    <line>
      <![CDATA[  [info] Current Bill Text tab verified]]>
    </line>
    <line>
      <![CDATA[[PASSED] Page title verified]]>
    </line>
    <line>
      <![CDATA[[PASSED] element header-jumpTo is displayed.]]>
    </line>
    <line>
      <![CDATA[  [info] Jump to header verified]]>
    </line>
    <line>
      <![CDATA[  [info] Scrolled to top]]>
    </line>
    <line>
      <![CDATA[ [INFO] Saving screenshot to D:\POLITICO\2017_automationscripts\./target/screenshots/\StateBillDetailTest\2018_04_24_02_08_PM\screenshot.png]]>
    </line>
    <line>
      <![CDATA[ ]]>
    </line>
    <line>
      <![CDATA[***** STARTING TEST STEP: TEST006_VERIFY_ACTIONS_TAB_FOR_STATE_BILL *****]]>
    </line>
    <line>
      <![CDATA[ ]]>
    </line>
    <line>
      <![CDATA[  [info] Distinct jurisdiction selected]]>
    </line>
    <line>
      <![CDATA[  [info] Window closed]]>
    </line>
    <line>
      <![CDATA[  [info] All data for Federal verified]]>
    </line>
    <line>
      <![CDATA[  [info] After switching windows, new window title: Bill Search - POLITICO Pro]]>
    </line>
    <line>
      <![CDATA[  [info] Window closed and switched to the previous window]]>
    </line>
    <line>
      <![CDATA[[PASSED] element colHead-notesLegislature is displayed.]]>
    </line>
    <line>
      <![CDATA[[PASSED] element colHead-trackedLegislation with text 'Legislation' is displayed.]]>
    </line>
    <line>
      <![CDATA[[PASSED] element colHead-trackedLegislation with text 'Sponsor' is displayed.]]>
    </line>
    <line>
      <![CDATA[[PASSED] element colHead-trackedLegislation with text 'Latest Action' is displayed.]]>
    </line>
    <line>
      <![CDATA[[PASSED] element colHead-trackedLegislation with text 'Alerts' is displayed.]]>
    </line>
    <line>
      <![CDATA[  [info] Tracked Legislation table headers verified]]>
    </line>
    <line>
      <![CDATA[First bill on the Legislation Compass page clicked]]>
    </line>
    <line>
      <![CDATA[  [info] After switching windows, new window title: subscriber-stage.politicopro.com]]>
    </line>
    <line>
      <![CDATA[ [INFO] Saving screenshot to D:\POLITICO\2017_automationscripts\./target/screenshots/\StateBillDetailTest\2018_04_24_02_08_PM\screenshot.png]]>
    </line>
    <line>
      <![CDATA[ ]]>
    </line>
    <line>
      <![CDATA[***** STARTING TEST STEP: TEST007_VERIFY_NEWS_TAB_FOR_STATE_BILL *****]]>
    </line>
    <line>
      <![CDATA[ ]]>
    </line>
    <line>
      <![CDATA[  [info] Window closed]]>
    </line>
    <line>
      <![CDATA[  [info] After switching windows, new window title: POLITICO Pro Congressional Directory | Rep. Lee Zeldin]]>
    </line>
    <line>
      <![CDATA[[PASSED] PageTitle for POLITICO Pro Congressional Directory | Rep. Lee Zeldin contains: 'POLITICO Pro Congressional Directory | ']]>
    </line>
    <line>
      <![CDATA[  [info] After switching windows, new window title: Bill Search - POLITICO Pro]]>
    </line>
    <line>
      <![CDATA[  [info] Window closed and switched to the previous window]]>
    </line>
    <line>
      <![CDATA[  [info] Window closed]]>
    </line>
    <line>
      <![CDATA[  [info] After switching windows, new window title: My Preferences - POLITICO Pro]]>
    </line>
    <line>
      <![CDATA[  [info] Sponsors verified]]>
    </line>
    <line>
      <![CDATA[  [info] Tracked Legislation table data verified]]>
    </line>
    <line>
      <![CDATA[ ]]>
    </line>
    <line>
      <![CDATA[***** STARTING TEST STEP: TEST005_VERIFY_ALERTS_TRACKED_LEGISLATION *****]]>
    </line>
    <line>
      <![CDATA[ ]]>
    </line>
    <line>
      <![CDATA[  [info] Email alerts button clicked]]>
    </line>
    <line>
      <![CDATA[[PASSED] element btn-modal with text 'Stop tracking' is displayed.]]>
    </line>
    <line>
      <![CDATA[[PASSED] element btn-modal with text 'Turn off alerts' is displayed.]]>
    </line>
    <line>
      <![CDATA[[PASSED] element btn-modal with text 'Edit alerts' is displayed.]]>
    </line>
    <line>
      <![CDATA[[PASSED] element close-modal is displayed.]]>
    </line>
    <line>
      <![CDATA[  [info] Modify Tracking Modal verified]]>
    </line>
    <line>
      <![CDATA[  [info] Edit alerts button on Modify Tracking modal clicked]]>
    </line>
    <line>
      <![CDATA[[PASSED] element modal-emailAlertSettings is displayed.]]>
    </line>
    <line>
      <![CDATA[  [info] Email alert settings modal verified]]>
    </line>
    <line>
      <![CDATA[  [info] select all link on Email Alert modal clicked]]>
    </line>
    <line>
      <![CDATA[  [info] After switching windows, new window title: Bill Overview - POLITICO Pro]]>
    </line>
    <line>
      <![CDATA[[PASSED] element txt-newsCount is displayed]]>
    </line>
    <line>
      <![CDATA[  [info] Email settings saved]]>
    </line>
    <line>
      <![CDATA[  [info] Window closed]]>
    </line>
    <line>
      <![CDATA[[ASSERT PASSED] : Success modal for saving the email Settings verified]]>
    </line>
    <line>
      <![CDATA[  [info] Modal closed]]>
    </line>
    <line>
      <![CDATA[  [info] After switching windows, new window title: Bill Search - POLITICO Pro]]>
    </line>
    <line>
      <![CDATA[  [info] Window closed and switched to the previous window]]>
    </line>
    <line>
      <![CDATA[  [info] Could not find appropriate bill With News section.]]>
    </line>
    <line>
      <![CDATA[ ]]>
    </line>
    <line>
      <![CDATA[***** STARTING TEST STEP: TEST008_VERIFY_COMPARE_BILL_VERSION_FOR_STATE_BILL *****]]>
    </line>
    <line>
      <![CDATA[ ]]>
    </line>
    <line>
      <![CDATA[  [info] Email alerts button clicked]]>
    </line>
    <line>
      <![CDATA[  [info] Edit alerts button on Modify Tracking modal clicked]]>
    </line>
    <line>
      <![CDATA[  [info] Blank radiobuttons verified]]>
    </line>
    <line>
      <![CDATA[  [info] Blank radiobuttons verified]]>
    </line>
    <line>
      <![CDATA[  [info] Blank radiobuttons verified]]>
    </line>
    <line>
      <![CDATA[  [info] Blank radiobuttons verified]]>
    </line>
    <line>
      <![CDATA[  [info] Blank radiobuttons verified]]>
    </line>
    <line>
      <![CDATA[  [info] Blank radiobuttons verified]]>
    </line>
    <line>
      <![CDATA[  [info] Blank radiobuttons verified]]>
    </line>
    <line>
      <![CDATA[  [info] Blank radiobuttons verified]]>
    </line>
    <line>
      <![CDATA[  [info] Blank radiobuttons verified]]>
    </line>
    <line>
      <![CDATA[  [info] Blank radiobuttons verified]]>
    </line>
    <line>
      <![CDATA[  [info] clear all link on Email Alert modal clicked]]>
    </line>
    <line>
      <![CDATA[  [info] Email alert settings cancelled]]>
    </line>
    <line>
      <![CDATA[  [info] After switching windows, new window title: Bill Overview - POLITICO Pro]]>
    </line>
    <line>
      <![CDATA[[PASSED] element txt-billTxtCount is displayed]]>
    </line>
    <line>
      <![CDATA[  [info] Tracking alerts turned off]]>
    </line>
    <line>
      <![CDATA[  [info] Alerts turned off verified]]>
    </line>
    <line>
      <![CDATA[First bill on the Legislation Compass page to verify Bill having less Bill Text clicked]]>
    </line>
    <line>
      <![CDATA[  [info] Email alerts button clicked]]>
    </line>
    <line>
      <![CDATA[[PASSED] element btn-modal with text 'Stop tracking' is displayed.]]>
    </line>
    <line>
      <![CDATA[[PASSED] element btn-modal with text 'Turn on alerts' is displayed.]]>
    </line>
    <line>
      <![CDATA[[PASSED] element close-modal is displayed.]]>
    </line>
    <line>
      <![CDATA[  [info] Modify Tracking Modal for Alerts off verified]]>
    </line>
    <line>
      <![CDATA[  [info] Email alerts button clicked]]>
    </line>
    <line>
      <![CDATA[  [info] Stopped tracking bill number H.R. 4292 (115th)]]>
    </line>
    <line>
      <![CDATA[  [info] Bill Text tab on right rail clicked]]>
    </line>
    <line>
      <![CDATA[  [info] Bill number H.R. 4292 (115th) is no longer displayed under Tracked legislative table]]>
    </line>
    <line>
      <![CDATA[ ]]>
    </line>
    <line>
      <![CDATA[***** STARTING TEST STEP: TEST006_VERIFY_SORTING_COLUMNS *****]]>
    </line>
    <line>
      <![CDATA[ ]]>
    </line>
    <line>
      <![CDATA[  [info] Scrolled to top]]>
    </line>
    <line>
      <![CDATA[  [info] Distinct jurisdiction selected]]>
    </line>
    <line>
      <![CDATA[  [info] Sort Legislature button clicked]]>
    </line>
    <line>
      <![CDATA[  [info] After switching windows, new window title: Bill Text - POLITICO Pro]]>
    </line>
    <line>
      <![CDATA[[PASSED] element label-stateBill is displayed.]]>
    </line>
    <line>
      <![CDATA[[PASSED] element txt-billNum is displayed.]]>
    </line>
    <line>
      <![CDATA[[PASSED] element txt-billNameDetailPage is displayed.]]>
    </line>
    <line>
      <![CDATA[  [info] Legislature column sorted verified]]>
    </line>
    <line>
      <![CDATA[ ]]>
    </line>
    <line>
      <![CDATA[***** STARTING TEST STEP: TEST007_VERIFY_BILL_REMOVED *****]]>
    </line>
    <line>
      <![CDATA[ ]]>
    </line>
    <line>
      <![CDATA[[PASSED] element txt-proTitle is not displayed]]>
    </line>
    <line>
      <![CDATA[[PASSED] element lnk-stateSponsor is displayed.]]>
    </line>
    <line>
      <![CDATA[[PASSED] element track_button_billPage is displayed.]]>
    </line>
    <line>
      <![CDATA[Track button verified]]>
    </line>
    <line>
      <![CDATA[[PASSED] element btn-bill-header with text 'Add to folder' is displayed.]]>
    </line>
    <line>
      <![CDATA[Add to folder button verified]]>
    </line>
    <line>
      <![CDATA[[PASSED] element btn-bill-header with text 'Create a Note' is displayed.]]>
    </line>
    <line>
      <![CDATA[Create a Note button verified]]>
    </line>
    <line>
      <![CDATA[  [info] Details of the State bill including sponsor verified]]>
    </line>
    <line>
      <![CDATA[  [info] State bill opened verified]]>
    </line>
    <line>
      <![CDATA[  [info] Single option in Bill version dropdown verified]]>
    </line>
    <line>
      <![CDATA[  [info] X button clicked in order to remove the bill from Tracked Legilation table]]>
    </line>
    <line>
      <![CDATA[[PASSED] element btn-billVersion is not displayed]]>
    </line>
    <line>
      <![CDATA[  [info] Compare Bill Versions button verified]]>
    </line>
    <line>
      <![CDATA[  [info] Bill number Federal is no longer displayed under Tracked legislative table]]>
    </line>
    <line>
      <![CDATA[  [info] Download as Excel button clicked]]>
    </line>
    <line>
      <![CDATA[  [info] Window closed]]>
    </line>
    <line>
      <![CDATA[  [info] After switching windows, new window title: Bill Search - POLITICO Pro]]>
    </line>
    <line>
      <![CDATA[  [info] Window closed and switched to the previous window]]>
    </line>
    <line>
      <![CDATA[ ]]>
    </line>
    <line>
      <![CDATA[***** STARTING TEST STEP: TEST008_SEE_BILLS *****]]>
    </line>
    <line>
      <![CDATA[ ]]>
    </line>
    <line>
      <![CDATA[[PASSED] element lnk-showAllBills is displayed]]>
    </line>
    <line>
      <![CDATA[ [INFO] Saving screenshot to D:\POLITICO\2017_automationscripts\./target/screenshots/\YourPreferencePageTest\2018_04_24_02_09_PM\screenshot.png]]>
    </line>
    <line>
      <![CDATA[ ]]>
    </line>
    <line>
      <![CDATA[***** STARTING TEST STEP: TEST009_VERIFY_NOTES *****]]>
    </line>
    <line>
      <![CDATA[ ]]>
    </line>
    <line>
      <![CDATA[  [info] Scrolled to top]]>
    </line>
    <line>
      <![CDATA[  [info] After switching windows, new window title: subscriber-stage.politicopro.com]]>
    </line>
    <line>
      <![CDATA[  [info] Link Notes clicked]]>
    </line>
    <line>
      <![CDATA[[PASSED] element txt-billTxtCount is not displayed]]>
    </line>
    <line>
      <![CDATA[  [info] Preference for Notes selected]]>
    </line>
    <line>
      <![CDATA[[PASSED] element colHead-legislatureNotes is displayed.]]>
    </line>
    <line>
      <![CDATA[[PASSED] element colHead-notes with text 'Legislation' is displayed.]]>
    </line>
    <line>
      <![CDATA[[PASSED] element colHead-notes with text '# of notes' is displayed.]]>
    </line>
    <line>
      <![CDATA[[PASSED] element colHead-notes with text 'Most recent note' is displayed.]]>
    </line>
    <line>
      <![CDATA[[PASSED] element colHead-emptyForNotes is displayed.]]>
    </line>
    <line>
      <![CDATA[  [info] Notes table headers verified]]>
    </line>
    <line>
      <![CDATA[  [info] Tracked Legislation table data verified]]>
    </line>
    <line>
      <![CDATA[  [info] Window closed]]>
    </line>
    <line>
      <![CDATA[[PASSED] element colHead-DateCreated with text '1' is displayed.]]>
    </line>
    <line>
      <![CDATA[[PASSED] element colHead-showNotes with text '1' and 'Posted by' is displayed.]]>
    </line>
    <line>
      <![CDATA[[PASSED] element colHead-showNotes with text '1' and 'Privacy' is displayed.]]>
    </line>
    <line>
      <![CDATA[[PASSED] element colHead-showNotes with text '1' and 'Note' is displayed.]]>
    </line>
    <line>
      <![CDATA[[PASSED] element btn-viewNote with text '1' and 'shared' is displayed.]]>
    </line>
    <line>
      <![CDATA[[PASSED] element colHead-DateCreated with text '2' is displayed.]]>
    </line>
    <line>
      <![CDATA[[PASSED] element colHead-showNotes with text '2' and 'Posted by' is displayed.]]>
    </line>
    <line>
      <![CDATA[[PASSED] element colHead-showNotes with text '2' and 'Privacy' is displayed.]]>
    </line>
    <line>
      <![CDATA[[PASSED] element colHead-showNotes with text '2' and 'Note' is displayed.]]>
    </line>
    <line>
      <![CDATA[  [info] After switching windows, new window title: Bill Search - POLITICO Pro]]>
    </line>
    <line>
[...]
	at sun.reflect.NativeMethodAccessorImpl.invoke0(Native Method)
	at sun.reflect.NativeMethodAccessorImpl.invoke(NativeMethodAccessorImpl.java:62)
	at sun.reflect.DelegatingMethodAccessorImpl.invoke(DelegatingMethodAccessorImpl.java:43)
	at java.lang.reflect.Method.invoke(Method.java:498)
	at org.testng.internal.MethodInvocationHelper.invokeMethod(MethodInvocationHelper.java:84)
	at org.testng.internal.Invoker.invokeMethod(Invoker.java:714)
	at org.testng.internal.Invoker.invokeTestMethod(Invoker.java:901)
	at org.testng.internal.Invoker.invokeTestMethods(Invoker.java:1231)
	at org.testng.internal.TestMethodWorker.invokeTestMethods(TestMethodWorker.java:127)
	at org.testng.internal.TestMethodWorker.run(TestMethodWorker.java:111)
	at org.testng.TestRunner.privateRun(TestRunner.java:767)
	at org.testng.TestRunner.run(TestRunner.java:617)
	at org.testng.SuiteRunner.runTest(SuiteRunner.java:334)
	at org.testng.SuiteRunner.access$000(SuiteRunner.java:37)
	at org.testng.SuiteRunner$SuiteWorker.run(SuiteRunner.java:368)
	at org.testng.internal.thread.ThreadUtil$2.call(ThreadUtil.java:64)
	at java.util.concurrent.FutureTask.run(FutureTask.java:266)
	at java.util.concurrent.ThreadPoolExecutor.runWorker(ThreadPoolExecutor.java:1149)
	at java.util.concurrent.ThreadPoolExecutor$Worker.run(ThreadPoolExecutor.java:624)
	at java.lang.Thread.run(Thread.java:748)
]]>
            </full-stacktrace>
          </exception> <!-- java.lang.AssertionError -->
          <reporter-output>
          </reporter-output>
        </test-method> <!-- Test014_Clear_Filters -->
        <test-method status="PASS" signature="handleTestMethodName(java.lang.reflect.Method)[pri:0, instance:com.qait.politico.LegCompass.tests.RoleCallVoteSearchTest@61832929]" name="handleTestMethodName" is-config="true" duration-ms="0" started-at="2018-04-24T14:17:02Z" finished-at="2018-04-24T14:17:02Z">
          <params>
            <param index="0">
              <value>
                <![CDATA[public void com.qait.politico.LegCompass.tests.RoleCallVoteSearchTest.Test014_Clear_Filters()]]>
              </value>
            </param>
          </params>
          <reporter-output>
            <line>
              <![CDATA[ ]]>
            </line>
            <line>
              <![CDATA[***** STARTING TEST STEP: TEST014_CLEAR_FILTERS *****]]>
            </line>
            <line>
              <![CDATA[ ]]>
            </line>
          </reporter-output>
        </test-method> <!-- handleTestMethodName -->
        <test-method status="PASS" signature="takeScreenshotonFailure(org.testng.ITestResult)[pri:0, instance:com.qait.politico.LegCompass.tests.RoleCallVoteSearchTest@61832929]" name="takeScreenshotonFailure" is-config="true" duration-ms="281" started-at="2018-04-24T14:17:32Z" finished-at="2018-04-24T14:17:32Z">
          <params>
            <param index="0">
              <value>
                <![CDATA[[TestResult name=Test014_Clear_Filters status=FAILURE method=RoleCallVoteSearchTest.Test014_Clear_Filters()[pri:0, instance:com.qait.politico.LegCompass.tests.RoleCallVoteSearchTest@61832929] output={null}]]]>
              </value>
            </param>
          </params>
          <reporter-output>
            <line>
              <![CDATA[ [INFO] Saving screenshot to D:\POLITICO\2017_automationscripts\./target/screenshots/\RoleCallVoteSearchTest\2018_04_24_02_17_PM\screenshot.png]]>
            </line>
          </reporter-output>
        </test-method> <!-- takeScreenshotonFailure -->
        <test-method status="PASS" signature="handleTestMethodName(java.lang.reflect.Method)[pri:0, instance:com.qait.politico.LegCompass.tests.RoleCallVoteSearchTest@61832929]" name="handleTestMethodName" is-config="true" duration-ms="0" started-at="2018-04-24T14:17:32Z" finished-at="2018-04-24T14:17:32Z">
          <params>
            <param index="0">
              <value>
                <![CDATA[public void com.qait.politico.LegCompass.tests.RoleCallVoteSearchTest.Test015_Verify_Navigation_To_Roll_Call()]]>
              </value>
            </param>
          </params>
          <reporter-output>
            <line>
              <![CDATA[ ]]>
            </line>
            <line>
              <![CDATA[***** STARTING TEST STEP: TEST015_VERIFY_NAVIGATION_TO_ROLL_CALL *****]]>
            </line>
            <line>
              <![CDATA[ ]]>
            </line>
          </reporter-output>
        </test-method> <!-- handleTestMethodName -->
        <test-method status="FAIL" signature="Test015_Verify_Navigation_To_Roll_Call()[pri:0, instance:com.qait.politico.LegCompass.tests.RoleCallVoteSearchTest@61832929]" name="Test015_Verify_Navigation_To_Roll_Call" duration-ms="60070" started-at="2018-04-24T14:17:32Z" finished-at="2018-04-24T14:18:32Z">
          <exception class="org.openqa.selenium.TimeoutException">
            <message>
              <![CDATA[Expected condition failed: waiting for visibility of all [] (tried for 30 second(s) with 500 milliseconds interval)
Build info: version: '3.10.0', revision: '176b4a9', time: '2018-03-02T19:03:16.397Z'
System info: host: 'DLLA1439', ip: '10.90.0.147', os.name: 'Windows 8.1', os.arch: 'amd64', os.version: '6.3', java.version: '1.8.0_161'
Driver info: org.openqa.selenium.chrome.ChromeDriver
Capabilities {acceptInsecureCerts: false, acceptSslCerts: false, applicationCacheEnabled: false, browserConnectionEnabled: false, browserName: chrome, chrome: {chromedriverVersion: 2.36.540470 (e522d04694c7eb..., userDataDir: C:\Users\SHWETA~1\AppData\L...}, cssSelectorsEnabled: true, databaseEnabled: false, handlesAlerts: true, hasTouchScreen: false, javascriptEnabled: true, locationContextEnabled: true, mobileEmulationEnabled: false, nativeEvents: true, networkConnectionEnabled: false, pageLoadStrategy: normal, platform: XP, platformName: XP, rotatable: false, setWindowRect: true, takesHeapSnapshot: true, takesScreenshot: true, unexpectedAlertBehaviour: , unhandledPromptBehavior: , version: 66.0.3359.117, webStorageEnabled: true}
Session ID: 08c23253877b35ea08432ae49a9558d0]]>
            </message>
            <full-stacktrace>
              <![CDATA[org.openqa.selenium.TimeoutException: Expected condition failed: waiting for visibility of all [] (tried for 30 second(s) with 500 milliseconds interval)
Build info: version: '3.10.0', revision: '176b4a9', time: '2018-03-02T19:03:16.397Z'
System info: host: 'DLLA1439', ip: '10.90.0.147', os.name: 'Windows 8.1', os.arch: 'amd64', os.version: '6.3', java.version: '1.8.0_161'
Driver info: org.openqa.selenium.chrome.ChromeDriver
Capabilities {acceptInsecureCerts: false, acceptSslCerts: false, applicationCacheEnabled: false, browserConnectionEnabled: false, browserName: chrome, chrome: {chromedriverVersion: 2.36.540470 (e522d04694c7eb..., userDataDir: C:\Users\SHWETA~1\AppData\L...}, cssSelectorsEnabled: true, databaseEnabled: false, handlesAlerts: true, hasTouchScreen: false, javascriptEnabled: true, locationContextEnabled: true, mobileEmulationEnabled: false, nativeEvents: true, networkConnectionEnabled: false, pageLoadStrategy: normal, platform: XP, platformName: XP, rotatable: false, setWindowRect: true, takesHeapSnapshot: true, takesScreenshot: true, unexpectedAlertBehaviour: , unhandledPromptBehavior: , version: 66.0.3359.117, webStorageEnabled: true}
Session ID: 08c23253877b35ea08432ae49a9558d0
	at org.openqa.selenium.support.ui.WebDriverWait.timeoutException(WebDriverWait.java:82)
	at org.openqa.selenium.support.ui.FluentWait.until(FluentWait.java:272)
	at com.qait.automation.utils.SeleniumWait.waitForElementsToBeVisible(SeleniumWait.java:84)
	at com.qait.automation.getpageobjects.GetPage.elements(GetPage.java:127)
	at com.qait.automation.getpageobjects.GetPage.elements(GetPage.java:135)
	at com.qait.LegCompass.keywords.RollCallSearchPage.SelectRollCallAffliatedToBill(RollCallSearchPage.java:636)
	at com.qait.politico.LegCompass.tests.RoleCallVoteSearchTest.Test015_Verify_Navigation_To_Roll_Call(RoleCallVoteSearchTest.java:152)
	at sun.reflect.NativeMethodAccessorImpl.invoke0(Native Method)
	at sun.reflect.NativeMethodAccessorImpl.invoke(NativeMethodAccessorImpl.java:62)
	at sun.reflect.DelegatingMethodAccessorImpl.invoke(DelegatingMethodAccessorImpl.java:43)
	at java.lang.reflect.Method.invoke(Method.java:498)
	at org.testng.internal.MethodInvocationHelper.invokeMethod(MethodInvocationHelper.java:84)
	at org.testng.internal.Invoker.invokeMethod(Invoker.java:714)
	at org.testng.internal.Invoker.invokeTestMethod(Invoker.java:901)
	at org.testng.internal.Invoker.invokeTestMethods(Invoker.java:1231)
	at org.testng.internal.TestMethodWorker.invokeTestMethods(TestMethodWorker.java:127)
	at org.testng.internal.TestMethodWorker.run(TestMethodWorker.java:111)
	at org.testng.TestRunner.privateRun(TestRunner.java:767)
	at org.testng.TestRunner.run(TestRunner.java:617)
	at org.testng.SuiteRunner.runTest(SuiteRunner.java:334)
	at org.testng.SuiteRunner.access$000(SuiteRunner.java:37)
	at org.testng.SuiteRunner$SuiteWorker.run(SuiteRunner.java:368)
	at org.testng.internal.thread.ThreadUtil$2.call(ThreadUtil.java:64)
	at java.util.concurrent.FutureTask.run(FutureTask.java:266)
	at java.util.concurrent.ThreadPoolExecutor.runWorker(ThreadPoolExecutor.java:1149)
	at java.util.concurrent.ThreadPoolExecutor$Worker.run(ThreadPoolExecutor.java:624)
	at java.lang.Thread.run(Thread.java:748)
]]>
            </full-stacktrace>
          </exception> <!-- org.openqa.selenium.TimeoutException -->
          <reporter-output>
          </reporter-output>
        </test-method> <!-- Test015_Verify_Navigation_To_Roll_Call -->
        <test-method status="PASS" signature="takeScreenshotonFailure(org.testng.ITestResult)[pri:0, instance:com.qait.politico.LegCompass.tests.RoleCallVoteSearchTest@61832929]" name="takeScreenshotonFailure" is-config="true" duration-ms="339" started-at="2018-04-24T14:18:32Z" finished-at="2018-04-24T14:18:32Z">
          <params>
            <param index="0">
              <value>
                <![CDATA[[TestResult name=Test015_Verify_Navigation_To_Roll_Call status=FAILURE method=RoleCallVoteSearchTest.Test015_Verify_Navigation_To_Roll_Call()[pri:0, instance:com.qait.politico.LegCompass.tests.RoleCallVoteSearchTest@61832929] output={null}]]]>
              </value>
            </param>
          </params>
          <reporter-output>
            <line>
              <![CDATA[ [INFO] Saving screenshot to D:\POLITICO\2017_automationscripts\./target/screenshots/\RoleCallVoteSearchTest\2018_04_24_02_18_PM\screenshot.png]]>
            </line>
          </reporter-output>
        </test-method> <!-- takeScreenshotonFailure -->
        <test-method status="PASS" signature="handleTestMethodName(java.lang.reflect.Method)[pri:0, instance:com.qait.politico.LegCompass.tests.RoleCallVoteSearchTest@61832929]" name="handleTestMethodName" is-config="true" duration-ms="1" started-at="2018-04-24T14:18:32Z" finished-at="2018-04-24T14:18:32Z">
          <params>
            <param index="0">
              <value>
                <![CDATA[public void com.qait.politico.LegCompass.tests.RoleCallVoteSearchTest.Test016_Verify_Rejected_Amendments_Appears_In_Red()]]>
              </value>
            </param>
          </params>
          <reporter-output>
            <line>
              <![CDATA[ ]]>
            </line>
            <line>
              <![CDATA[***** STARTING TEST STEP: TEST016_VERIFY_REJECTED_AMENDMENTS_APPEARS_IN_RED *****]]>
            </line>
            <line>
              <![CDATA[ ]]>
            </line>
          </reporter-output>
        </test-method> <!-- handleTestMethodName -->
        <test-method status="FAIL" signature="Test016_Verify_Rejected_Amendments_Appears_In_Red()[pri:0, instance:com.qait.politico.LegCompass.tests.RoleCallVoteSearchTest@61832929]" name="Test016_Verify_Rejected_Amendments_Appears_In_Red" duration-ms="38631" started-at="2018-04-24T14:18:32Z" finished-at="2018-04-24T14:19:11Z">
          <exception class="java.lang.AssertionError">
            <message>
              <![CDATA[FAILED: Element option-voteOutcome not found on the RollCallPage !!!]]>
            </message>
            <full-stacktrace>
              <![CDATA[java.lang.AssertionError: FAILED: Element option-voteOutcome not found on the RollCallPage !!!
	at org.testng.Assert.fail(Assert.java:94)
	at com.qait.automation.getpageobjects.GetPage.element(GetPage.java:105)
	at com.qait.automation.getpageobjects.GetPage.isElementDisplayed(GetPage.java:198)
	at com.qait.LegCompass.keywords.RollCallSearchPage.verifyVoteOutcomeFilterOptions(RollCallSearchPage.java:260)
	at com.qait.politico.LegCompass.tests.RoleCallVoteSearchTest.Test016_Verify_Rejected_Amendments_Appears_In_Red(RoleCallVoteSearchTest.java:165)
	at sun.reflect.NativeMethodAccessorImpl.invoke0(Native Method)
	at sun.reflect.NativeMethodAccessorImpl.invoke(NativeMethodAccessorImpl.java:62)
	at sun.reflect.DelegatingMethodAccessorImpl.invoke(DelegatingMethodAccessorImpl.java:43)
	at java.lang.reflect.Method.invoke(Method.java:498)
	at org.testng.internal.MethodInvocationHelper.invokeMethod(MethodInvocationHelper.java:84)
	at org.testng.internal.Invoker.invokeMethod(Invoker.java:714)
	at org.testng.internal.Invoker.invokeTestMethod(Invoker.java:901)
	at org.testng.internal.Invoker.invokeTestMethods(Invoker.java:1231)
	at org.testng.internal.TestMethodWorker.invokeTestMethods(TestMethodWorker.java:127)
	at org.testng.internal.TestMethodWorker.run(TestMethodWorker.java:111)
	at org.testng.TestRunner.privateRun(TestRunner.java:767)
	at org.testng.TestRunner.run(TestRunner.java:617)
	at org.testng.SuiteRunner.runTest(SuiteRunner.java:334)
	at org.testng.SuiteRunner.access$000(SuiteRunner.java:37)
	at org.testng.SuiteRunner$SuiteWorker.run(SuiteRunner.java:368)
	at org.testng.internal.thread.ThreadUtil$2.call(ThreadUtil.java:64)
	at java.util.concurrent.FutureTask.run(FutureTask.java:266)
	at java.util.concurrent.ThreadPoolExecutor.runWorker(ThreadPoolExecutor.java:1149)
	at java.util.concurrent.ThreadPoolExecutor$Worker.run(ThreadPoolExecutor.java:624)
	at java.lang.Thread.run(Thread.java:748)
]]>
            </full-stacktrace>
          </exception> <!-- java.lang.AssertionError -->
          <reporter-output>
            <line>
              <![CDATA[  [info] Window closed]]>
            </line>
            <line>
              <![CDATA[  [info] After switching windows, new window title: Roll Call Vote Search - POLITICO Pro]]>
            </line>
            <line>
              <![CDATA[  [info] Window closed and switched to the previous window]]>
            </line>
            <line>
              <![CDATA[  [info] Amendment vote filter applied]]>
            </line>
          </reporter-output>
        </test-method> <!-- Test016_Verify_Rejected_Amendments_Appears_In_Red -->
        <test-method status="PASS" signature="takeScreenshotonFailure(org.testng.ITestResult)[pri:0, instance:com.qait.politico.LegCompass.tests.RoleCallVoteSearchTest@61832929]" name="takeScreenshotonFailure" is-config="true" duration-ms="351" started-at="2018-04-24T14:19:11Z" finished-at="2018-04-24T14:19:11Z">
          <params>
            <param index="0">
              <value>
                <![CDATA[[TestResult name=Test016_Verify_Rejected_Amendments_Appears_In_Red status=FAILURE method=RoleCallVoteSearchTest.Test016_Verify_Rejected_Amendments_Appears_In_Red()[pri:0, instance:com.qait.politico.LegCompass.tests.RoleCallVoteSearchTest@61832929] output=  [info] Window closed]]]>
              </value>
            </param>
          </params>
          <reporter-output>
            <line>
              <![CDATA[ [INFO] Saving screenshot to D:\POLITICO\2017_automationscripts\./target/screenshots/\RoleCallVoteSearchTest\2018_04_24_02_19_PM\screenshot.png]]>
            </line>
          </reporter-output>
        </test-method> <!-- takeScreenshotonFailure -->
        <test-method status="PASS" signature="handleTestMethodName(java.lang.reflect.Method)[pri:0, instance:com.qait.politico.LegCompass.tests.RoleCallVoteSearchTest@61832929]" name="handleTestMethodName" is-config="true" duration-ms="0" started-at="2018-04-24T14:19:11Z" finished-at="2018-04-24T14:19:11Z">
          <params>
            <param index="0">
              <value>
                <![CDATA[public void com.qait.politico.LegCompass.tests.RoleCallVoteSearchTest.Test017_Verify_Rejected_Motions_Appears_In_Red()]]>
              </value>
            </param>
          </params>
          <reporter-output>
            <line>
              <![CDATA[ ]]>
            </line>
            <line>
              <![CDATA[***** STARTING TEST STEP: TEST017_VERIFY_REJECTED_MOTIONS_APPEARS_IN_RED *****]]>
            </line>
            <line>
              <![CDATA[ ]]>
            </line>
          </reporter-output>
        </test-method> <!-- handleTestMethodName -->
        <test-method status="PASS" signature="Test017_Verify_Rejected_Motions_Appears_In_Red()[pri:0, instance:com.qait.politico.LegCompass.tests.RoleCallVoteSearchTest@61832929]" name="Test017_Verify_Rejected_Motions_Appears_In_Red" duration-ms="32425" started-at="2018-04-24T14:19:11Z" finished-at="2018-04-24T14:19:44Z">
          <reporter-output>
            <line>
              <![CDATA[  [info] All filters cleared]]>
            </line>
            <line>
              <![CDATA[  [info] Motions vote filter applied]]>
            </line>
            <line>
              <![CDATA[[PASSED] element option-voteOutcome with text 'All' is displayed.]]>
            </line>
            <line>
              <![CDATA[[PASSED] element option-voteOutcome with text 'Agreed to' is displayed.]]>
            </line>
            <line>
              <![CDATA[[PASSED] element option-voteOutcome with text 'Not Agreed to' is displayed.]]>
            </line>
            <line>
              <![CDATA[[PASSED] Rejected Ammendments Result are shown in red color.]]>
            </line>
            <line>
              <![CDATA[  [info] After switching windows, new window title: Senate Roll Call Vote - POLITICO Pro]]>
            </line>
            <line>
              <![CDATA[[PASSED] Page title verified]]>
            </line>
            <line>
              <![CDATA[[PASSED] Not Agreed To Motions Result are shown in red color.]]>
            </line>
          </reporter-output>
        </test-method> <!-- Test017_Verify_Rejected_Motions_Appears_In_Red -->
        <test-method status="PASS" signature="takeScreenshotonFailure(org.testng.ITestResult)[pri:0, instance:com.qait.politico.LegCompass.tests.RoleCallVoteSearchTest@61832929]" name="takeScreenshotonFailure" is-config="true" duration-ms="1" started-at="2018-04-24T14:19:44Z" finished-at="2018-04-24T14:19:44Z">
          <params>
            <param index="0">
              <value>
                <![CDATA[[TestResult name=Test017_Verify_Rejected_Motions_Appears_In_Red status=SUCCESS method=RoleCallVoteSearchTest.Test017_Verify_Rejected_Motions_Appears_In_Red()[pri:0, instance:com.qait.politico.LegCompass.tests.RoleCallVoteSearchTest@61832929] output=  [info] All filters cleared]]]>
              </value>
            </param>
          </params>
          <reporter-output>
          </reporter-output>
        </test-method> <!-- takeScreenshotonFailure -->
        <test-method status="PASS" signature="stop_test_session()[pri:0, instance:com.qait.politico.LegCompass.tests.RoleCallVoteSearchTest@61832929]" name="stop_test_session" is-config="true" duration-ms="0" started-at="2018-04-24T14:19:44Z" finished-at="2018-04-24T14:19:44Z">
          <reporter-output>
          </reporter-output>
        </test-method> <!-- stop_test_session -->
      </class> <!-- com.qait.politico.LegCompass.tests.RoleCallVoteSearchTest -->
    </test> <!-- Roll_Call_Test -->
  </suite> <!-- Legislative Compass Frontend Test Suite -->
</testng-results>
