<?xml version="1.0" encoding="UTF-8"?>
<testsuite name="TestSuite" time="1,641.275" tests="130" errors="0" skipped="0" failures="100">
  <properties>
[...]
</properties>
  <testcase name="Test001_Login" classname="com.qait.politico.LegCompass.tests.FederalBillDetailTest" time="54.464"/>
  <testcase name="Test001_Login" classname="com.qait.politico.LegCompass.tests.LegislationSearchTest" time="1.29"/>
  <testcase name="Test002_Launch_LegislativeCompass" classname="com.qait.politico.LegCompass.tests.LegislationSearchTest" time="16.037"/>
  <testcase name="Test002_Launch_LegislativeCompass" classname="com.qait.politico.LegCompass.tests.FederalBillDetailTest" time="35.515">
    <failure message="expected [POLITICO Pro Congressional Directory] but found [POLITICO Pro Congressional Directory | Sen. Roy Blunt]" type="java.lang.AssertionError">java.lang.AssertionError: expected [POLITICO Pro Congressional Directory] but found [POLITICO Pro Congressional Directory | Sen. Roy Blunt]
	at org.testng.Assert.fail(Assert.java:94)
	at org.testng.Assert.failNotEquals(Assert.java:494)
	at org.testng.Assert.assertEquals(Assert.java:123)
	at org.testng.Assert.assertEquals(Assert.java:176)
	at org.testng.Assert.assertEquals(Assert.java:186)
	at com.qait.automation.getpageobjects.BaseUi.verifyPageTitle(BaseUi.java:143)
	at com.qait.LegCompass.keywords.BillDetailPage.verifySponsorLink(BillDetailPage.java:814)
	at com.qait.politico.LegCompass.tests.FederalBillDetailTest.Test002_Launch_LegislativeCompass(FederalBillDetailTest.java:29)
</failure>
    <system-out><![CDATA[ 
***** STARTING TEST STEP: TEST003_SEARCH_BY_KEYWORD_OR_BILL *****
 
[PASSED] element lnk-first-fresh-bill is displayed
  [info] Keyword to search entered
First unused bill on the Legislation Compass page clicked
Windows size before: 2
  [info] Keyword search verified
Windows size later: 2
  [info] After switching windows, new window title: Bill Overview - POLITICO Pro
[PASSED] element label-federalBill is displayed.
[PASSED] element txt-billNum is displayed.
[PASSED] element txt-billNameDetailPage is displayed.
[PASSED] element txt-proTitle is not displayed
[PASSED] element lnk-sponsor is displayed.
  [info] Details of the Federal bill including sponsor verified
  [info] Bill Detail Page opened successfully
[PASSED] element lnk-sponsor is displayed
Windows size before: 3
  [info] After switching windows, new window title: POLITICO Pro Congressional Directory | Sen. Roy Blunt
]]></system-out>
  </testcase>
  <testcase name="Test003_Verify_Buttons_On_Bill_Detail_Page" classname="com.qait.politico.LegCompass.tests.FederalBillDetailTest" time="1.11">
    <failure message="FAILED: Element btn-bill-header not found on the BillDetailPage !!!" type="java.lang.AssertionError">java.lang.AssertionError: FAILED: Element btn-bill-header not found on the BillDetailPage !!!
	at org.testng.Assert.fail(Assert.java:94)
	at com.qait.automation.getpageobjects.GetPage.element(GetPage.java:105)
	at com.qait.automation.getpageobjects.GetPage.isElementDisplayed(GetPage.java:198)
	at com.qait.LegCompass.keywords.BillDetailPage.verifyButtonOnBillPage(BillDetailPage.java:151)
	at com.qait.politico.LegCompass.tests.FederalBillDetailTest.Test003_Verify_Buttons_On_Bill_Detail_Page(FederalBillDetailTest.java:34)
</failure>
    <system-out><![CDATA[ [INFO] Saving screenshot to D:\POLITICO\2017_automationscripts\./target/screenshots/\FederalBillDetailTest\2018_04_24_01_53_PM\screenshot.png
 
***** STARTING TEST STEP: TEST003_VERIFY_BUTTONS_ON_BILL_DETAIL_PAGE *****
 
]]></system-out>
  </testcase>
  <testcase name="Test004_Verify_Overview_Tab_For_Federal_Bill" classname="com.qait.politico.LegCompass.tests.FederalBillDetailTest" time="1.042">
    <failure message="FAILED: Element tab-billText not found on the BillDetailPage !!!" type="java.lang.AssertionError">java.lang.AssertionError: FAILED: Element tab-billText not found on the BillDetailPage !!!
	at org.testng.Assert.fail(Assert.java:94)
	at com.qait.automation.getpageobjects.GetPage.element(GetPage.java:105)
	at com.qait.automation.getpageobjects.GetPage.element(GetPage.java:80)
	at com.qait.LegCompass.keywords.BillDetailPage.verifyGrayingOFTabs(BillDetailPage.java:839)
	at com.qait.politico.LegCompass.tests.FederalBillDetailTest.Test004_Verify_Overview_Tab_For_Federal_Bill(FederalBillDetailTest.java:41)
</failure>
    <system-out><![CDATA[ [INFO] Saving screenshot to D:\POLITICO\2017_automationscripts\./target/screenshots/\FederalBillDetailTest\2018_04_24_01_53_PM\screenshot.png
 
***** STARTING TEST STEP: TEST004_VERIFY_OVERVIEW_TAB_FOR_FEDERAL_BILL *****
 
]]></system-out>
  </testcase>
  <testcase name="Test003_Search_By_Keyword_Or_Bill" classname="com.qait.politico.LegCompass.tests.LegislationSearchTest" time="12.503">
    <failure message="Expected condition failed: waiting for element to no longer be visible: By.cssSelector: div#loading-results (tried for 30 second(s) with 500 milliseconds interval)&#10;Build info: version: &apos;3.10.0&apos;, revision: &apos;176b4a9&apos;, time: &apos;2018-03-02T19:03:16.397Z&apos;&#10;System info: host: &apos;DLLA1439&apos;, ip: &apos;10.90.0.147&apos;, os.name: &apos;Windows 8.1&apos;, os.arch: &apos;amd64&apos;, os.version: &apos;6.3&apos;, java.version: &apos;1.8.0_161&apos;&#10;Driver info: org.openqa.selenium.chrome.ChromeDriver&#10;Capabilities {acceptInsecureCerts: false, acceptSslCerts: false, applicationCacheEnabled: false, browserConnectionEnabled: false, browserName: chrome, chrome: {chromedriverVersion: 2.36.540470 (e522d04694c7eb..., userDataDir: C:\Users\SHWETA~1\AppData\L...}, cssSelectorsEnabled: true, databaseEnabled: false, handlesAlerts: true, hasTouchScreen: false, javascriptEnabled: true, locationContextEnabled: true, mobileEmulationEnabled: false, nativeEvents: true, networkConnectionEnabled: false, pageLoadStrategy: normal, platform: XP, platformName: XP, rotatable: false, setWindowRect: true, takesHeapSnapshot: true, takesScreenshot: true, unexpectedAlertBehaviour: , unhandledPromptBehavior: , version: 66.0.3359.117, webStorageEnabled: true}&#10;Session ID: a5ec631c8bf0c06a1be18b2bb62b7302" type="org.openqa.selenium.TimeoutException">org.openqa.selenium.TimeoutException: Expected condition failed: waiting for element to no longer be visible: By.cssSelector: div#loading-results (tried for 30 second(s) with 500 milliseconds interval)
Build info: version: '3.10.0', revision: '176b4a9', time: '2018-03-02T19:03:16.397Z'
System info: host: 'DLLA1439', ip: '10.90.0.147', os.name: 'Windows 8.1', os.arch: 'amd64', os.version: '6.3', java.version: '1.8.0_161'
Driver info: org.openqa.selenium.chrome.ChromeDriver
Capabilities {acceptInsecureCerts: false, acceptSslCerts: false, applicationCacheEnabled: false, browserConnectionEnabled: false, browserName: chrome, chrome: {chromedriverVersion: 2.36.540470 (e522d04694c7eb..., userDataDir: C:\Users\SHWETA~1\AppData\L...}, cssSelectorsEnabled: true, databaseEnabled: false, handlesAlerts: true, hasTouchScreen: false, javascriptEnabled: true, locationContextEnabled: true, mobileEmulationEnabled: false, nativeEvents: true, networkConnectionEnabled: false, pageLoadStrategy: normal, platform: XP, platformName: XP, rotatable: false, setWindowRect: true, takesHeapSnapshot: true, takesScreenshot: true, unexpectedAlertBehaviour: , unhandledPromptBehavior: , version: 66.0.3359.117, webStorageEnabled: true}
Session ID: a5ec631c8bf0c06a1be18b2bb62b7302
	at org.openqa.selenium.support.ui.WebDriverWait.timeoutException(WebDriverWait.java:82)
	at org.openqa.selenium.support.ui.FluentWait.until(FluentWait.java:272)
	at com.qait.automation.utils.SeleniumWait.waitForElementToBeInVisible(SeleniumWait.java:88)
	at com.qait.LegCompass.keywords.LegislationSearchPage.clearFilters(LegislationSearchPage.java:223)
	at com.qait.politico.LegCompass.tests.LegislationSearchTest.Test003_Search_By_Keyword_Or_Bill(LegislationSearchTest.java:35)
</failure>
    <system-out><![CDATA[ [INFO] Saving screenshot to D:\POLITICO\2017_automationscripts\./target/screenshots/\FederalBillDetailTest\2018_04_24_01_53_PM\screenshot.png
 
***** STARTING TEST STEP: TEST005_VERIFY_BILL_TEXT_TAB_FOR_FEDERAL_BILL *****
 
  [info] Window closed
Windows size before: 2
  [info] After switching windows, new window title: Bill Search - POLITICO Pro
  [info] Window closed and switched to the previous window
Windows size before: 3
]]></system-out>
  </testcase>
  <testcase name="Test005_Verify_Bill_Text_Tab_For_Federal_Bill" classname="com.qait.politico.LegCompass.tests.FederalBillDetailTest" time="2.927">
    <failure message="Expected condition failed: waiting for title to contain &quot;Bill Text - POLITICO Pro&quot;. Current title: &quot;Bill Overview - POLITICO Pro&quot; (tried for 5 second(s) with 500 milliseconds interval)&#10;Build info: version: &apos;3.10.0&apos;, revision: &apos;176b4a9&apos;, time: &apos;2018-03-02T19:03:16.397Z&apos;&#10;System info: host: &apos;DLLA1439&apos;, ip: &apos;10.90.0.147&apos;, os.name: &apos;Windows 8.1&apos;, os.arch: &apos;amd64&apos;, os.version: &apos;6.3&apos;, java.version: &apos;1.8.0_161&apos;&#10;Driver info: org.openqa.selenium.chrome.ChromeDriver&#10;Capabilities {acceptInsecureCerts: false, acceptSslCerts: false, applicationCacheEnabled: false, browserConnectionEnabled: false, browserName: chrome, chrome: {chromedriverVersion: 2.36.540470 (e522d04694c7eb..., userDataDir: C:\Users\SHWETA~1\AppData\L...}, cssSelectorsEnabled: true, databaseEnabled: false, handlesAlerts: true, hasTouchScreen: false, javascriptEnabled: true, locationContextEnabled: true, mobileEmulationEnabled: false, nativeEvents: true, networkConnectionEnabled: false, pageLoadStrategy: normal, platform: XP, platformName: XP, rotatable: false, setWindowRect: true, takesHeapSnapshot: true, takesScreenshot: true, unexpectedAlertBehaviour: , unhandledPromptBehavior: , version: 66.0.3359.117, webStorageEnabled: true}&#10;Session ID: 612c05722024e75500c6e3284904fec2" type="org.openqa.selenium.TimeoutException">org.openqa.selenium.TimeoutException: Expected condition failed: waiting for title to contain "Bill Text - POLITICO Pro". Current title: "Bill Overview - POLITICO Pro" (tried for 5 second(s) with 500 milliseconds interval)
Build info: version: '3.10.0', revision: '176b4a9', time: '2018-03-02T19:03:16.397Z'
System info: host: 'DLLA1439', ip: '10.90.0.147', os.name: 'Windows 8.1', os.arch: 'amd64', os.version: '6.3', java.version: '1.8.0_161'
Driver info: org.openqa.selenium.chrome.ChromeDriver
Capabilities {acceptInsecureCerts: false, acceptSslCerts: false, applicationCacheEnabled: false, browserConnectionEnabled: false, browserName: chrome, chrome: {chromedriverVersion: 2.36.540470 (e522d04694c7eb..., userDataDir: C:\Users\SHWETA~1\AppData\L...}, cssSelectorsEnabled: true, databaseEnabled: false, handlesAlerts: true, hasTouchScreen: false, javascriptEnabled: true, locationContextEnabled: true, mobileEmulationEnabled: false, nativeEvents: true, networkConnectionEnabled: false, pageLoadStrategy: normal, platform: XP, platformName: XP, rotatable: false, setWindowRect: true, takesHeapSnapshot: true, takesScreenshot: true, unexpectedAlertBehaviour: , unhandledPromptBehavior: , version: 66.0.3359.117, webStorageEnabled: true}
Session ID: 612c05722024e75500c6e3284904fec2
	at org.openqa.selenium.support.ui.WebDriverWait.timeoutException(WebDriverWait.java:82)
	at org.openqa.selenium.support.ui.FluentWait.until(FluentWait.java:272)
	at com.qait.automation.getpageobjects.BaseUi.waitForWindowToChaneUntilTitle(BaseUi.java:628)
	at com.qait.LegCompass.keywords.BillDetailPage.selectBillToVerifyBillText(BillDetailPage.java:1043)
	at com.qait.politico.LegCompass.tests.FederalBillDetailTest.Test005_Verify_Bill_Text_Tab_For_Federal_Bill(FederalBillDetailTest.java:54)
</failure>
    <system-out><![CDATA[ [INFO] Saving screenshot to D:\POLITICO\2017_automationscripts\./target/screenshots/\LegislationSearchTest\2018_04_24_01_53_PM\screenshot.png
 
***** STARTING TEST STEP: TEST004_SEARCH_BY_CONGRESS *****
 
]]></system-out>
  </testcase>
  <testcase name="Test004_Search_By_Congress" classname="com.qait.politico.LegCompass.tests.LegislationSearchTest" time="20.109"/>
  <testcase name="Test005_Search_By_Chamber" classname="com.qait.politico.LegCompass.tests.LegislationSearchTest" time="54.886">
    <failure message="FAILED: Element option-billVersionFiled not found on the LegislationSearch !!!" type="java.lang.AssertionError">java.lang.AssertionError: FAILED: Element option-billVersionFiled not found on the LegislationSearch !!!
	at org.testng.Assert.fail(Assert.java:94)
	at com.qait.automation.getpageobjects.GetPage.element(GetPage.java:105)
	at com.qait.automation.getpageobjects.GetPage.element(GetPage.java:80)
	at com.qait.LegCompass.keywords.LegislationSearchPage.verifyResultsForSelectedChamber(LegislationSearchPage.java:117)
	at com.qait.politico.LegCompass.tests.LegislationSearchTest.Test005_Search_By_Chamber(LegislationSearchTest.java:59)
</failure>
    <system-out><![CDATA[ 
***** STARTING TEST STEP: TEST005_SEARCH_BY_CHAMBER *****
 
  [info] After switching windows, new window title: Bill Search - POLITICO Pro
  [info] Window closed and switched to the previous window
Windows size before: 3
[PASSED] element item-chamberFilter with text 'House' is displayed.
[PASSED] element item-chamberFilter with text 'Senate' is displayed.
  [info] Chamber filter options verified
  [info] House chamber filter applied
  [info] After switching windows, new window title: Bill Overview - POLITICO Pro
[PASSED] element txt-billTxtCount is displayed
Windows size before: 2
  [info] Window closed
Windows size before: 2
  [info] After switching windows, new window title: Bill Search - POLITICO Pro
  [info] Window closed and switched to the previous window
Windows size before: 3
  [info] After switching windows, new window title: Bill Overview - POLITICO Pro
  [info] After switching windows, new window title: subscriber-stage.politicopro.com
[PASSED] element txt-billTxtCount is not displayed
  [info] Window closed
Windows size before: 2
  [info] After switching windows, new window title: Bill Search - POLITICO Pro
  [info] Window closed and switched to the previous window
Windows size before: 3
  [info] After switching windows, new window title: Bill Overview - POLITICO Pro
[PASSED] element txt-billTxtCount is displayed
  [info] Window closed
Windows size before: 2
  [info] After switching windows, new window title: Bill Search - POLITICO Pro
  [info] Window closed and switched to the previous window
Windows size before: 3
]]></system-out>
  </testcase>
  <testcase name="Test006_Search_By_Legislation_Type" classname="com.qait.politico.LegCompass.tests.LegislationSearchTest" time="30.056">
    <failure message="FAILED: Element input-legislationType not found on the LegislationSearch !!!" type="java.lang.AssertionError">java.lang.AssertionError: FAILED: Element input-legislationType not found on the LegislationSearch !!!
	at org.testng.Assert.fail(Assert.java:94)
	at com.qait.automation.getpageobjects.GetPage.element(GetPage.java:105)
	at com.qait.automation.getpageobjects.GetPage.element(GetPage.java:80)
	at com.qait.LegCompass.keywords.LegislationSearchPage.verifyLegislationFilterOptions(LegislationSearchPage.java:148)
	at com.qait.politico.LegCompass.tests.LegislationSearchTest.Test006_Search_By_Legislation_Type(LegislationSearchTest.java:64)
</failure>
    <system-out><![CDATA[ [INFO] Saving screenshot to D:\POLITICO\2017_automationscripts\./target/screenshots/\LegislationSearchTest\2018_04_24_01_54_PM\screenshot.png
 
***** STARTING TEST STEP: TEST006_SEARCH_BY_LEGISLATION_TYPE *****
 
  [info] After switching windows, new window title: Bill Overview - POLITICO Pro
[PASSED] element txt-billTxtCount is displayed
  [info] Window closed
Windows size before: 2
  [info] After switching windows, new window title: Bill Search - POLITICO Pro
  [info] Window closed and switched to the previous window
Windows size before: 3
  [info] After switching windows, new window title: Bill Overview - POLITICO Pro
[PASSED] element txt-billTxtCount is displayed
  [info] Window closed
Windows size before: 2
  [info] After switching windows, new window title: Bill Search - POLITICO Pro
  [info] Window closed and switched to the previous window
]]></system-out>
  </testcase>
  <testcase name="Test007_Search_By_CRS_Isuue_Area" classname="com.qait.politico.LegCompass.tests.LegislationSearchTest" time="30.04">
    <failure message="FAILED: Element btn-clrFilters not found on the LegislationSearch !!!" type="java.lang.AssertionError">java.lang.AssertionError: FAILED: Element btn-clrFilters not found on the LegislationSearch !!!
	at org.testng.Assert.fail(Assert.java:94)
	at com.qait.automation.getpageobjects.GetPage.element(GetPage.java:105)
	at com.qait.automation.getpageobjects.GetPage.element(GetPage.java:80)
	at com.qait.LegCompass.keywords.LegislationSearchPage.clearFilters(LegislationSearchPage.java:222)
	at com.qait.politico.LegCompass.tests.LegislationSearchTest.Test007_Search_By_CRS_Isuue_Area(LegislationSearchTest.java:73)
</failure>
    <system-out><![CDATA[Windows size before: 3
 [INFO] Saving screenshot to D:\POLITICO\2017_automationscripts\./target/screenshots/\LegislationSearchTest\2018_04_24_01_55_PM\screenshot.png
 
***** STARTING TEST STEP: TEST007_SEARCH_BY_CRS_ISUUE_AREA *****
 
  [info] After switching windows, new window title: subscriber-stage.politicopro.com
[PASSED] element txt-billTxtCount is not displayed
  [info] Window closed
Windows size before: 2
  [info] After switching windows, new window title: Bill Search - POLITICO Pro
  [info] Window closed and switched to the previous window
Windows size before: 3
  [info] After switching windows, new window title: Bill Overview - POLITICO Pro
[PASSED] element txt-billTxtCount is displayed
  [info] Window closed
Windows size before: 2
]]></system-out>
  </testcase>
  <testcase name="Test008_Search_By_Sponsors" classname="com.qait.politico.LegCompass.tests.LegislationSearchTest" time="30.067">
    <failure message="FAILED: Element btn-clrFilters not found on the LegislationSearch !!!" type="java.lang.AssertionError">java.lang.AssertionError: FAILED: Element btn-clrFilters not found on the LegislationSearch !!!
	at org.testng.Assert.fail(Assert.java:94)
	at com.qait.automation.getpageobjects.GetPage.element(GetPage.java:105)
	at com.qait.automation.getpageobjects.GetPage.element(GetPage.java:80)
	at com.qait.LegCompass.keywords.LegislationSearchPage.clearFilters(LegislationSearchPage.java:222)
	at com.qait.politico.LegCompass.tests.LegislationSearchTest.Test008_Search_By_Sponsors(LegislationSearchTest.java:89)
</failure>
    <system-out><![CDATA[ [INFO] Saving screenshot to D:\POLITICO\2017_automationscripts\./target/screenshots/\LegislationSearchTest\2018_04_24_01_55_PM\screenshot.png
 
***** STARTING TEST STEP: TEST008_SEARCH_BY_SPONSORS *****
 
  [info] After switching windows, new window title: Bill Search - POLITICO Pro
  [info] Window closed and switched to the previous window
Windows size before: 3
  [info] After switching windows, new window title: Bill Overview - POLITICO Pro
[PASSED] element txt-billTxtCount is displayed
  [info] Window closed
Windows size before: 2
  [info] After switching windows, new window title: Bill Search - POLITICO Pro
  [info] Window closed and switched to the previous window
Windows size before: 3
  [info] After switching windows, new window title: Bill Overview - POLITICO Pro
[PASSED] element txt-billTxtCount is displayed
]]></system-out>
  </testcase>
  <testcase name="Test009_Search_By_Cosponsors" classname="com.qait.politico.LegCompass.tests.LegislationSearchTest" time="30.041">
    <failure message="FAILED: Element btn-clrFilters not found on the LegislationSearch !!!" type="java.lang.AssertionError">java.lang.AssertionError: FAILED: Element btn-clrFilters not found on the LegislationSearch !!!
	at org.testng.Assert.fail(Assert.java:94)
	at com.qait.automation.getpageobjects.GetPage.element(GetPage.java:105)
	at com.qait.automation.getpageobjects.GetPage.element(GetPage.java:80)
	at com.qait.LegCompass.keywords.LegislationSearchPage.clearFilters(LegislationSearchPage.java:222)
	at com.qait.politico.LegCompass.tests.LegislationSearchTest.Test009_Search_By_Cosponsors(LegislationSearchTest.java:100)
</failure>
    <system-out><![CDATA[  [info] Window closed
Windows size before: 2
 [INFO] Saving screenshot to D:\POLITICO\2017_automationscripts\./target/screenshots/\LegislationSearchTest\2018_04_24_01_56_PM\screenshot.png
 
***** STARTING TEST STEP: TEST009_SEARCH_BY_COSPONSORS *****
 
  [info] After switching windows, new window title: Bill Search - POLITICO Pro
  [info] Window closed and switched to the previous window
Windows size before: 3
  [info] After switching windows, new window title: subscriber-stage.politicopro.com
[PASSED] element txt-billTxtCount is not displayed
  [info] Window closed
Windows size before: 2
  [info] After switching windows, new window title: Bill Search - POLITICO Pro
  [info] Window closed and switched to the previous window
Windows size before: 3
  [info] After switching windows, new window title: Bill Overview - POLITICO Pro
[PASSED] element txt-billTxtCount is displayed
]]></system-out>
  </testcase>
  <testcase name="Test010_Search_By_Committees" classname="com.qait.politico.LegCompass.tests.LegislationSearchTest" time="30.057">
    <failure message="FAILED: Element btn-clrFilters not found on the LegislationSearch !!!" type="java.lang.AssertionError">java.lang.AssertionError: FAILED: Element btn-clrFilters not found on the LegislationSearch !!!
	at org.testng.Assert.fail(Assert.java:94)
	at com.qait.automation.getpageobjects.GetPage.element(GetPage.java:105)
	at com.qait.automation.getpageobjects.GetPage.element(GetPage.java:80)
	at com.qait.LegCompass.keywords.LegislationSearchPage.clearFilters(LegislationSearchPage.java:222)
	at com.qait.politico.LegCompass.tests.LegislationSearchTest.Test010_Search_By_Committees(LegislationSearchTest.java:111)
</failure>
    <system-out><![CDATA[ [INFO] Saving screenshot to D:\POLITICO\2017_automationscripts\./target/screenshots/\LegislationSearchTest\2018_04_24_01_57_PM\screenshot.png
 
***** STARTING TEST STEP: TEST010_SEARCH_BY_COMMITTEES *****
 
  [info] Window closed
Windows size before: 2
  [info] After switching windows, new window title: Bill Search - POLITICO Pro
  [info] Window closed and switched to the previous window
Windows size before: 3
  [info] After switching windows, new window title: Bill Overview - POLITICO Pro
[PASSED] element txt-billTxtCount is displayed
First bill on the Legislation Compass page to verify Bill having less Bill Text clicked
  [info] Bill Text tab on right rail clicked
  [info] Single option in Bill version dropdown verified
[PASSED] element btn-billVersion is not displayed
  [info] Compare Bill Versions button verified
]]></system-out>
  </testcase>
  <testcase name="Test011_Search_By_Current_Status" classname="com.qait.politico.LegCompass.tests.LegislationSearchTest" time="30.08">
    <failure message="FAILED: Element btn-clrFilters not found on the LegislationSearch !!!" type="java.lang.AssertionError">java.lang.AssertionError: FAILED: Element btn-clrFilters not found on the LegislationSearch !!!
	at org.testng.Assert.fail(Assert.java:94)
	at com.qait.automation.getpageobjects.GetPage.element(GetPage.java:105)
	at com.qait.automation.getpageobjects.GetPage.element(GetPage.java:80)
	at com.qait.LegCompass.keywords.LegislationSearchPage.clearFilters(LegislationSearchPage.java:222)
	at com.qait.politico.LegCompass.tests.LegislationSearchTest.Test011_Search_By_Current_Status(LegislationSearchTest.java:122)
</failure>
    <system-out><![CDATA[ [INFO] Saving screenshot to D:\POLITICO\2017_automationscripts\./target/screenshots/\LegislationSearchTest\2018_04_24_01_57_PM\screenshot.png
 
***** STARTING TEST STEP: TEST011_SEARCH_BY_CURRENT_STATUS *****
 
  [info] Window closed
Windows size before: 2
  [info] After switching windows, new window title: Bill Search - POLITICO Pro
  [info] Window closed and switched to the previous window
Windows size before: 3
  [info] After switching windows, new window title: Bill Overview - POLITICO Pro
[PASSED] element txt-billTxtCount is displayed
  [info] Window closed
Windows size before: 2
  [info] After switching windows, new window title: Bill Search - POLITICO Pro
  [info] Window closed and switched to the previous window
Windows size before: 3
  [info] After switching windows, new window title: Bill Overview - POLITICO Pro
[PASSED] element txt-billTxtCount is displayed
]]></system-out>
  </testcase>
  <testcase name="Test012_Search_By_Actions" classname="com.qait.politico.LegCompass.tests.LegislationSearchTest" time="30.021">
    <failure message="FAILED: Element btn-clrFilters not found on the LegislationSearch !!!" type="java.lang.AssertionError">java.lang.AssertionError: FAILED: Element btn-clrFilters not found on the LegislationSearch !!!
	at org.testng.Assert.fail(Assert.java:94)
	at com.qait.automation.getpageobjects.GetPage.element(GetPage.java:105)
	at com.qait.automation.getpageobjects.GetPage.element(GetPage.java:80)
	at com.qait.LegCompass.keywords.LegislationSearchPage.clearFilters(LegislationSearchPage.java:222)
	at com.qait.politico.LegCompass.tests.LegislationSearchTest.Test012_Search_By_Actions(LegislationSearchTest.java:133)
</failure>
    <system-out><![CDATA[ [INFO] Saving screenshot to D:\POLITICO\2017_automationscripts\./target/screenshots/\LegislationSearchTest\2018_04_24_01_58_PM\screenshot.png
 
***** STARTING TEST STEP: TEST012_SEARCH_BY_ACTIONS *****
 
  [info] Window closed
Windows size before: 2
  [info] After switching windows, new window title: Bill Search - POLITICO Pro
  [info] Window closed and switched to the previous window
Windows size before: 3
  [info] After switching windows, new window title: Bill Overview - POLITICO Pro
[PASSED] element txt-billTxtCount is displayed
  [info] Window closed
Windows size before: 2
  [info] After switching windows, new window title: Bill Search - POLITICO Pro
  [info] Window closed and switched to the previous window
Windows size before: 3
  [info] After switching windows, new window title: Bill Overview - POLITICO Pro
]]></system-out>
  </testcase>
  <testcase name="Test013_Search_By_Date_Range" classname="com.qait.politico.LegCompass.tests.LegislationSearchTest" time="30.029">
    <failure message="FAILED: Element btn-clrFilters not found on the LegislationSearch !!!" type="java.lang.AssertionError">java.lang.AssertionError: FAILED: Element btn-clrFilters not found on the LegislationSearch !!!
	at org.testng.Assert.fail(Assert.java:94)
	at com.qait.automation.getpageobjects.GetPage.element(GetPage.java:105)
	at com.qait.automation.getpageobjects.GetPage.element(GetPage.java:80)
	at com.qait.LegCompass.keywords.LegislationSearchPage.clearFilters(LegislationSearchPage.java:222)
	at com.qait.politico.LegCompass.tests.LegislationSearchTest.Test013_Search_By_Date_Range(LegislationSearchTest.java:145)
</failure>
    <system-out><![CDATA[ [INFO] Saving screenshot to D:\POLITICO\2017_automationscripts\./target/screenshots/\LegislationSearchTest\2018_04_24_01_58_PM\screenshot.png
 
***** STARTING TEST STEP: TEST013_SEARCH_BY_DATE_RANGE *****
 
[PASSED] element txt-billTxtCount is displayed
  [info] Window closed
Windows size before: 2
  [info] After switching windows, new window title: Bill Search - POLITICO Pro
  [info] Window closed and switched to the previous window
Windows size before: 3
  [info] After switching windows, new window title: Legislative Compass: Federal and State Legislative Tracking | POLITICO Pro
[PASSED] element txt-billTxtCount is not displayed
  [info] Window closed
Windows size before: 2
  [info] After switching windows, new window title: Bill Search - POLITICO Pro
  [info] Window closed and switched to the previous window
Windows size before: 3
]]></system-out>
  </testcase>
  <testcase name="Test014_Save_Search_Modal" classname="com.qait.politico.LegCompass.tests.LegislationSearchTest" time="30.046">
    <failure message="FAILED: Element btn-clrFilters not found on the LegislationSearch !!!" type="java.lang.AssertionError">java.lang.AssertionError: FAILED: Element btn-clrFilters not found on the LegislationSearch !!!
	at org.testng.Assert.fail(Assert.java:94)
	at com.qait.automation.getpageobjects.GetPage.element(GetPage.java:105)
	at com.qait.automation.getpageobjects.GetPage.element(GetPage.java:80)
	at com.qait.LegCompass.keywords.LegislationSearchPage.clearFilters(LegislationSearchPage.java:222)
	at com.qait.politico.LegCompass.tests.LegislationSearchTest.Test014_Save_Search_Modal(LegislationSearchTest.java:156)
</failure>
    <system-out><![CDATA[ [INFO] Saving screenshot to D:\POLITICO\2017_automationscripts\./target/screenshots/\LegislationSearchTest\2018_04_24_01_59_PM\screenshot.png
 
***** STARTING TEST STEP: TEST014_SAVE_SEARCH_MODAL *****
 
  [info] After switching windows, new window title: Legislative Compass: Federal and State Legislative Tracking | POLITICO Pro
[PASSED] element txt-billTxtCount is not displayed
  [info] Window closed
Windows size before: 2
  [info] After switching windows, new window title: Bill Search - POLITICO Pro
  [info] Window closed and switched to the previous window
Windows size before: 3
  [info] After switching windows, new window title: Legislative Compass: Federal and State Legislative Tracking | POLITICO Pro
[PASSED] element txt-billTxtCount is not displayed
  [info] Window closed
Windows size before: 2
  [info] After switching windows, new window title: Bill Search - POLITICO Pro
  [info] Window closed and switched to the previous window
Windows size before: 3
]]></system-out>
  </testcase>
  <testcase name="Test015_Select_All_Box" classname="com.qait.politico.LegCompass.tests.LegislationSearchTest" time="38.693">
    <failure message="FAILED: Element radio-selectAll not found on the LegislationSearch !!!" type="java.lang.AssertionError">java.lang.AssertionError: FAILED: Element radio-selectAll not found on the LegislationSearch !!!
	at org.testng.Assert.fail(Assert.java:94)
	at com.qait.automation.getpageobjects.GetPage.element(GetPage.java:105)
	at com.qait.automation.getpageobjects.GetPage.element(GetPage.java:80)
	at com.qait.LegCompass.keywords.LegislationSearchPage.clickSelectAllCheckbox(LegislationSearchPage.java:716)
	at com.qait.politico.LegCompass.tests.LegislationSearchTest.Test015_Select_All_Box(LegislationSearchTest.java:170)
</failure>
    <system-out><![CDATA[ [INFO] Saving screenshot to D:\POLITICO\2017_automationscripts\./target/screenshots/\LegislationSearchTest\2018_04_24_01_59_PM\screenshot.png
 
***** STARTING TEST STEP: TEST015_SELECT_ALL_BOX *****
 
  [info] After switching windows, new window title: Legislative Compass: Federal and State Legislative Tracking | POLITICO Pro
[PASSED] element txt-billTxtCount is not displayed
  [info] Legislation Search clicked
  [info] Window closed
Windows size before: 2
  [info] After switching windows, new window title: Bill Search - POLITICO Pro
  [info] Window closed and switched to the previous window
Windows size before: 3
  [info] After switching windows, new window title: Legislative Compass: Federal and State Legislative Tracking | POLITICO Pro
[PASSED] element txt-billTxtCount is not displayed
  [info] Window closed
Windows size before: 2
  [info] After switching windows, new window title: Bill Search - POLITICO Pro
  [info] Window closed and switched to the previous window
Windows size before: 3
  [info] After switching windows, new window title: Legislative Compass: Federal and State Legislative Tracking | POLITICO Pro
]]></system-out>
  </testcase>
  <testcase name="Test016_Track_Bill_From_Legislation_Page_With_Alerts" classname="com.qait.politico.LegCompass.tests.LegislationSearchTest" time="30.055">
    <failure message="FAILED: Element btn-clrFilters not found on the LegislationSearch !!!" type="java.lang.AssertionError">java.lang.AssertionError: FAILED: Element btn-clrFilters not found on the LegislationSearch !!!
	at org.testng.Assert.fail(Assert.java:94)
	at com.qait.automation.getpageobjects.GetPage.element(GetPage.java:105)
	at com.qait.automation.getpageobjects.GetPage.element(GetPage.java:80)
	at com.qait.LegCompass.keywords.LegislationSearchPage.clearFilters(LegislationSearchPage.java:222)
	at com.qait.politico.LegCompass.tests.LegislationSearchTest.Test016_Track_Bill_From_Legislation_Page_With_Alerts(LegislationSearchTest.java:177)
</failure>
    <system-out><![CDATA[ [INFO] Saving screenshot to D:\POLITICO\2017_automationscripts\./target/screenshots/\LegislationSearchTest\2018_04_24_02_00_PM\screenshot.png
 
***** STARTING TEST STEP: TEST016_TRACK_BILL_FROM_LEGISLATION_PAGE_WITH_ALERTS *****
 
[PASSED] element txt-billTxtCount is not displayed
  [info] Window closed
Windows size before: 2
  [info] After switching windows, new window title: Bill Search - POLITICO Pro
  [info] Window closed and switched to the previous window
Windows size before: 3
  [info] After switching windows, new window title: Legislative Compass: Federal and State Legislative Tracking | POLITICO Pro
[PASSED] element txt-billTxtCount is not displayed
  [info] Window closed
Windows size before: 2
  [info] After switching windows, new window title: Bill Search - POLITICO Pro
  [info] Window closed and switched to the previous window
Windows size before: 3
]]></system-out>
  </testcase>
  <testcase name="Test017_Track_Bill_From_Legislation_Page_Without_Alerts" classname="com.qait.politico.LegCompass.tests.LegislationSearchTest" time="30.026">
    <failure message="FAILED: Element btn-lcHeader not found on the YourPreferencePage !!!" type="java.lang.AssertionError">java.lang.AssertionError: FAILED: Element btn-lcHeader not found on the YourPreferencePage !!!
	at org.testng.Assert.fail(Assert.java:94)
	at com.qait.automation.getpageobjects.GetPage.element(GetPage.java:105)
	at com.qait.LegCompass.keywords.YourPreferencePage.clickButtonInLCHeader(YourPreferencePage.java:38)
	at com.qait.politico.LegCompass.tests.LegislationSearchTest.Test017_Track_Bill_From_Legislation_Page_Without_Alerts(LegislationSearchTest.java:205)
</failure>
    <system-out><![CDATA[ [INFO] Saving screenshot to D:\POLITICO\2017_automationscripts\./target/screenshots/\LegislationSearchTest\2018_04_24_02_00_PM\screenshot.png
 
***** STARTING TEST STEP: TEST017_TRACK_BILL_FROM_LEGISLATION_PAGE_WITHOUT_ALERTS *****
 
  [info] After switching windows, new window title: Legislative Compass: Federal and State Legislative Tracking | POLITICO Pro
[PASSED] element txt-billTxtCount is not displayed
  [info] Window closed
Windows size before: 2
  [info] After switching windows, new window title: Bill Search - POLITICO Pro
  [info] Window closed and switched to the previous window
Windows size before: 3
  [info] After switching windows, new window title: Legislative Compass: Federal and State Legislative Tracking | POLITICO Pro
[PASSED] element txt-billTxtCount is not displayed
  [info] Window closed
Windows size before: 2
  [info] After switching windows, new window title: Bill Search - POLITICO Pro
  [info] Window closed and switched to the previous window
Windows size before: 3
]]></system-out>
  </testcase>
  <testcase name="Test018_Add_Folder_From_Legislation_Page" classname="com.qait.politico.LegCompass.tests.LegislationSearchTest" time="30.045">
    <failure message="FAILED: Element btn-lcHeader not found on the YourPreferencePage !!!" type="java.lang.AssertionError">java.lang.AssertionError: FAILED: Element btn-lcHeader not found on the YourPreferencePage !!!
	at org.testng.Assert.fail(Assert.java:94)
	at com.qait.automation.getpageobjects.GetPage.element(GetPage.java:105)
	at com.qait.LegCompass.keywords.YourPreferencePage.clickButtonInLCHeader(YourPreferencePage.java:38)
	at com.qait.politico.LegCompass.tests.LegislationSearchTest.Test018_Add_Folder_From_Legislation_Page(LegislationSearchTest.java:233)
</failure>
    <system-out><![CDATA[ [INFO] Saving screenshot to D:\POLITICO\2017_automationscripts\./target/screenshots/\LegislationSearchTest\2018_04_24_02_01_PM\screenshot.png
 
***** STARTING TEST STEP: TEST018_ADD_FOLDER_FROM_LEGISLATION_PAGE *****
 
  [info] After switching windows, new window title: Legislative Compass: Federal and State Legislative Tracking | POLITICO Pro
[PASSED] element txt-billTxtCount is not displayed
  [info] Window closed
Windows size before: 2
  [info] After switching windows, new window title: Bill Search - POLITICO Pro
  [info] Window closed and switched to the previous window
Windows size before: 3
  [info] After switching windows, new window title: Legislative Compass: Federal and State Legislative Tracking | POLITICO Pro
[PASSED] element txt-billTxtCount is not displayed
  [info] Window closed
Windows size before: 2
  [info] After switching windows, new window title: Bill Search - POLITICO Pro
  [info] Window closed and switched to the previous window
Windows size before: 3
]]></system-out>
  </testcase>
  <testcase name="Test019_Download_Excel_From_Legislation_Page" classname="com.qait.politico.LegCompass.tests.LegislationSearchTest" time="30.02">
    <failure message="FAILED: Element btn-lcHeader not found on the YourPreferencePage !!!" type="java.lang.AssertionError">java.lang.AssertionError: FAILED: Element btn-lcHeader not found on the YourPreferencePage !!!
	at org.testng.Assert.fail(Assert.java:94)
	at com.qait.automation.getpageobjects.GetPage.element(GetPage.java:105)
	at com.qait.LegCompass.keywords.YourPreferencePage.clickButtonInLCHeader(YourPreferencePage.java:38)
	at com.qait.politico.LegCompass.tests.LegislationSearchTest.Test019_Download_Excel_From_Legislation_Page(LegislationSearchTest.java:252)
</failure>
    <system-out><![CDATA[ [INFO] Saving screenshot to D:\POLITICO\2017_automationscripts\./target/screenshots/\LegislationSearchTest\2018_04_24_02_01_PM\screenshot.png
 
***** STARTING TEST STEP: TEST019_DOWNLOAD_EXCEL_FROM_LEGISLATION_PAGE *****
 
  [info] After switching windows, new window title: Legislative Compass: Federal and State Legislative Tracking | POLITICO Pro
[PASSED] element txt-billTxtCount is not displayed
  [info] Window closed
Windows size before: 2
  [info] After switching windows, new window title: Bill Search - POLITICO Pro
  [info] Window closed and switched to the previous window
Windows size before: 3
  [info] After switching windows, new window title: Legislative Compass: Federal and State Legislative Tracking | POLITICO Pro
[PASSED] element txt-billTxtCount is not displayed
  [info] Window closed
Windows size before: 2
  [info] After switching windows, new window title: Bill Search - POLITICO Pro
  [info] Window closed and switched to the previous window
]]></system-out>
  </testcase>
  <testcase name="Test020_Verify_Pagination" classname="com.qait.politico.LegCompass.tests.LegislationSearchTest" time="30.042">
    <failure message="FAILED: Element btn-lcHeader not found on the YourPreferencePage !!!" type="java.lang.AssertionError">java.lang.AssertionError: FAILED: Element btn-lcHeader not found on the YourPreferencePage !!!
	at org.testng.Assert.fail(Assert.java:94)
	at com.qait.automation.getpageobjects.GetPage.element(GetPage.java:105)
	at com.qait.LegCompass.keywords.YourPreferencePage.clickButtonInLCHeader(YourPreferencePage.java:38)
	at com.qait.politico.LegCompass.tests.LegislationSearchTest.Test020_Verify_Pagination(LegislationSearchTest.java:263)
</failure>
    <system-out><![CDATA[ [INFO] Saving screenshot to D:\POLITICO\2017_automationscripts\./target/screenshots/\LegislationSearchTest\2018_04_24_02_02_PM\screenshot.png
 
***** STARTING TEST STEP: TEST020_VERIFY_PAGINATION *****
 
Windows size before: 3
  [info] After switching windows, new window title: Legislative Compass: Federal and State Legislative Tracking | POLITICO Pro
[PASSED] element txt-billTxtCount is not displayed
  [info] Window closed
Windows size before: 2
  [info] After switching windows, new window title: Bill Search - POLITICO Pro
  [info] Window closed and switched to the previous window
Windows size before: 3
  [info] After switching windows, new window title: Legislative Compass: Federal and State Legislative Tracking | POLITICO Pro
[PASSED] element txt-billTxtCount is not displayed
]]></system-out>
  </testcase>
  <testcase name="Test021_Verify_Opening_Of_A_Bill" classname="com.qait.politico.LegCompass.tests.LegislationSearchTest" time="9.082">
    <failure message="FAILED: Element btn-loadMore not found on the BillDetailPage !!!" type="java.lang.AssertionError">java.lang.AssertionError: FAILED: Element btn-loadMore not found on the BillDetailPage !!!
	at org.testng.Assert.fail(Assert.java:94)
	at com.qait.automation.getpageobjects.GetPage.element(GetPage.java:105)
	at com.qait.automation.getpageobjects.GetPage.element(GetPage.java:80)
	at com.qait.LegCompass.keywords.BillDetailPage.goToFirstFreshBill(BillDetailPage.java:77)
	at com.qait.politico.LegCompass.tests.LegislationSearchTest.Test021_Verify_Opening_Of_A_Bill(LegislationSearchTest.java:270)
</failure>
    <system-out><![CDATA[ [INFO] Saving screenshot to D:\POLITICO\2017_automationscripts\./target/screenshots/\LegislationSearchTest\2018_04_24_02_02_PM\screenshot.png
 
***** STARTING TEST STEP: TEST021_VERIFY_OPENING_OF_A_BILL *****
 
  [info] Window closed
Windows size before: 2
  [info] After switching windows, new window title: Bill Search - POLITICO Pro
  [info] Window closed and switched to the previous window
Windows size before: 3
[PASSED] element lnk-first-fresh-bill is not displayed
]]></system-out>
  </testcase>
  <testcase name="Test006_Verify_Compare_Bill_Version_For_Federal_Bill" classname="com.qait.politico.LegCompass.tests.FederalBillDetailTest" time="10.522">
    <failure message="FAILED: Element tab-rightRail not found on the BillDetailPage !!!" type="java.lang.AssertionError">java.lang.AssertionError: FAILED: Element tab-rightRail not found on the BillDetailPage !!!
	at org.testng.Assert.fail(Assert.java:94)
	at com.qait.automation.getpageobjects.GetPage.element(GetPage.java:105)
	at com.qait.LegCompass.keywords.BillDetailPage.clickTabOnRightRail(BillDetailPage.java:418)
	at com.qait.politico.LegCompass.tests.FederalBillDetailTest.Test006_Verify_Compare_Bill_Version_For_Federal_Bill(FederalBillDetailTest.java:77)
</failure>
    <system-out><![CDATA[ [INFO] Saving screenshot to D:\POLITICO\2017_automationscripts\./target/screenshots/\LegislationSearchTest\2018_04_24_02_02_PM\screenshot.png
 
***** STARTING TEST STEP: TEST022_SEARCH_BY_KEYWORD_OR_BILL_STATE *****
 
Windows size before: 2
  [info] After switching windows, new window title: Bill Search - POLITICO Pro
  [info] After switching windows, new window title: Legislative Compass: Federal and State Legislative Tracking | POLITICO Pro
[PASSED] element txt-billTxtCount is not displayed
  [info] Window closed
Windows size before: 2
  [info] After switching windows, new window title: Bill Search - POLITICO Pro
  [info] Window closed and switched to the previous window
Could not find appropriate Bill in the Search Page
]]></system-out>
  </testcase>
  <testcase name="Test007_Verify_Track_Functionality_For_Federal_Bill" classname="com.qait.politico.LegCompass.tests.FederalBillDetailTest" time="19.05">
    <failure message="Expected condition failed: waiting for title to contain &quot;Bill Overview - POLITICO Pro&quot;. Current title: &quot;Legislative Compass: Federal and State Legislative Tracking | POLITICO Pro&quot; (tried for 5 second(s) with 500 milliseconds interval)&#10;Build info: version: &apos;3.10.0&apos;, revision: &apos;176b4a9&apos;, time: &apos;2018-03-02T19:03:16.397Z&apos;&#10;System info: host: &apos;DLLA1439&apos;, ip: &apos;10.90.0.147&apos;, os.name: &apos;Windows 8.1&apos;, os.arch: &apos;amd64&apos;, os.version: &apos;6.3&apos;, java.version: &apos;1.8.0_161&apos;&#10;Driver info: org.openqa.selenium.chrome.ChromeDriver&#10;Capabilities {acceptInsecureCerts: false, acceptSslCerts: false, applicationCacheEnabled: false, browserConnectionEnabled: false, browserName: chrome, chrome: {chromedriverVersion: 2.36.540470 (e522d04694c7eb..., userDataDir: C:\Users\SHWETA~1\AppData\L...}, cssSelectorsEnabled: true, databaseEnabled: false, handlesAlerts: true, hasTouchScreen: false, javascriptEnabled: true, locationContextEnabled: true, mobileEmulationEnabled: false, nativeEvents: true, networkConnectionEnabled: false, pageLoadStrategy: normal, platform: XP, platformName: XP, rotatable: false, setWindowRect: true, takesHeapSnapshot: true, takesScreenshot: true, unexpectedAlertBehaviour: , unhandledPromptBehavior: , version: 66.0.3359.117, webStorageEnabled: true}&#10;Session ID: 612c05722024e75500c6e3284904fec2" type="org.openqa.selenium.TimeoutException">org.openqa.selenium.TimeoutException: Expected condition failed: waiting for title to contain "Bill Overview - POLITICO Pro". Current title: "Legislative Compass: Federal and State Legislative Tracking | POLITICO Pro" (tried for 5 second(s) with 500 milliseconds interval)
Build info: version: '3.10.0', revision: '176b4a9', time: '2018-03-02T19:03:16.397Z'
System info: host: 'DLLA1439', ip: '10.90.0.147', os.name: 'Windows 8.1', os.arch: 'amd64', os.version: '6.3', java.version: '1.8.0_161'
Driver info: org.openqa.selenium.chrome.ChromeDriver
Capabilities {acceptInsecureCerts: false, acceptSslCerts: false, applicationCacheEnabled: false, browserConnectionEnabled: false, browserName: chrome, chrome: {chromedriverVersion: 2.36.540470 (e522d04694c7eb..., userDataDir: C:\Users\SHWETA~1\AppData\L...}, cssSelectorsEnabled: true, databaseEnabled: false, handlesAlerts: true, hasTouchScreen: false, javascriptEnabled: true, locationContextEnabled: true, mobileEmulationEnabled: false, nativeEvents: true, networkConnectionEnabled: false, pageLoadStrategy: normal, platform: XP, platformName: XP, rotatable: false, setWindowRect: true, takesHeapSnapshot: true, takesScreenshot: true, unexpectedAlertBehaviour: , unhandledPromptBehavior: , version: 66.0.3359.117, webStorageEnabled: true}
Session ID: 612c05722024e75500c6e3284904fec2
	at org.openqa.selenium.support.ui.WebDriverWait.timeoutException(WebDriverWait.java:82)
	at org.openqa.selenium.support.ui.FluentWait.until(FluentWait.java:272)
	at com.qait.automation.getpageobjects.BaseUi.waitForWindowToChaneUntilTitle(BaseUi.java:628)
	at com.qait.LegCompass.keywords.BillDetailPage.verifyBillOpened(BillDetailPage.java:110)
	at com.qait.politico.LegCompass.tests.FederalBillDetailTest.Test007_Verify_Track_Functionality_For_Federal_Bill(FederalBillDetailTest.java:95)
</failure>
    <system-out><![CDATA[ [INFO] Saving screenshot to D:\POLITICO\2017_automationscripts\./target/screenshots/\FederalBillDetailTest\2018_04_24_02_03_PM\screenshot.png
 
***** STARTING TEST STEP: TEST007_VERIFY_TRACK_FUNCTIONALITY_FOR_FEDERAL_BILL *****
 
  [info] Legilation filter State selected
[PASSED] element lnk-first-fresh-bill is displayed
  [info] New York state entered
First unused bill on the Legislation Compass page clicked
Windows size before: 3
  [info] Results for state New York verified
[PASSED] element input-sessionFilter is displayed.
[PASSED] element input-searchByKeyword is displayed.
[PASSED] element select-chamberFilter is displayed.
[PASSED] element input-legislationType is displayed.
[PASSED] element input-sponsor is displayed.
[PASSED] element input-cosponsor is displayed.
[PASSED] element input-committee is displayed.
  [info] Filters in the left rail verified
]]></system-out>
  </testcase>
  <testcase name="Test008_Stop_Tracking" classname="com.qait.politico.LegCompass.tests.FederalBillDetailTest" time="3.047">
    <failure message="FAILED: Element txt-successEmailAlert not found on the LegislationSearch !!!" type="java.lang.AssertionError">java.lang.AssertionError: FAILED: Element txt-successEmailAlert not found on the LegislationSearch !!!
	at org.testng.Assert.fail(Assert.java:94)
	at com.qait.automation.getpageobjects.GetPage.element(GetPage.java:105)
	at com.qait.automation.getpageobjects.GetPage.element(GetPage.java:80)
	at com.qait.automation.getpageobjects.GetPage.isElementDisplayed(GetPage.java:231)
	at com.qait.LegCompass.keywords.LegislationSearchPage.verifyEmailAlertSuccessModal(LegislationSearchPage.java:784)
	at com.qait.politico.LegCompass.tests.FederalBillDetailTest.Test008_Stop_Tracking(FederalBillDetailTest.java:108)
</failure>
    <system-out><![CDATA[ [INFO] Saving screenshot to D:\POLITICO\2017_automationscripts\./target/screenshots/\FederalBillDetailTest\2018_04_24_02_03_PM\screenshot.png
 
***** STARTING TEST STEP: TEST008_STOP_TRACKING *****
 
]]></system-out>
  </testcase>
  <testcase name="Test022_Search_By_Keyword_Or_Bill_State" classname="com.qait.politico.LegCompass.tests.LegislationSearchTest" time="11.522"/>
  <testcase name="Test009_Verify_Track_Functionality_For_Amendment_Bill" classname="com.qait.politico.LegCompass.tests.FederalBillDetailTest" time="20.468">
    <failure message="FAILED: Element lnk-billHeader not found on the LegOutcome !!!" type="java.lang.AssertionError">java.lang.AssertionError: FAILED: Element lnk-billHeader not found on the LegOutcome !!!
	at org.testng.Assert.fail(Assert.java:94)
	at com.qait.automation.getpageobjects.GetPage.element(GetPage.java:105)
	at com.qait.LegCompass.keywords.LegOutcomePage.goToBill(LegOutcomePage.java:670)
	at com.qait.politico.LegCompass.tests.FederalBillDetailTest.Test009_Verify_Track_Functionality_For_Amendment_Bill(FederalBillDetailTest.java:121)
</failure>
    <system-out><![CDATA[ 
***** STARTING TEST STEP: TEST023_SAVE_SEARCH_STATE *****
 
[PASSED] element lnk-frst-fresh-amdt is not displayed
  [info] Filters cleared
  [info] Keyword to search entered
  [info] California state entered
]]></system-out>
  </testcase>
  <testcase name="Test010_Stop_Tracking_Amendment" classname="com.qait.politico.LegCompass.tests.FederalBillDetailTest" time="3.03">
    <failure message="FAILED: Element txt-successEmailAlert not found on the LegislationSearch !!!" type="java.lang.AssertionError">java.lang.AssertionError: FAILED: Element txt-successEmailAlert not found on the LegislationSearch !!!
	at org.testng.Assert.fail(Assert.java:94)
	at com.qait.automation.getpageobjects.GetPage.element(GetPage.java:105)
	at com.qait.automation.getpageobjects.GetPage.element(GetPage.java:80)
	at com.qait.automation.getpageobjects.GetPage.isElementDisplayed(GetPage.java:231)
	at com.qait.LegCompass.keywords.LegislationSearchPage.verifyEmailAlertSuccessModal(LegislationSearchPage.java:784)
	at com.qait.politico.LegCompass.tests.FederalBillDetailTest.Test010_Stop_Tracking_Amendment(FederalBillDetailTest.java:134)
</failure>
    <system-out><![CDATA[ [INFO] Saving screenshot to D:\POLITICO\2017_automationscripts\./target/screenshots/\FederalBillDetailTest\2018_04_24_02_03_PM\screenshot.png
 
***** STARTING TEST STEP: TEST010_STOP_TRACKING_AMENDMENT *****
 
]]></system-out>
  </testcase>
  <testcase name="Test011_Verify_Actions_Tab_For_Federal_Bill" classname="com.qait.politico.LegCompass.tests.FederalBillDetailTest" time="14.312">
    <failure message="FAILED: Element btn-loadMore not found on the BillDetailPage !!!" type="java.lang.AssertionError">java.lang.AssertionError: FAILED: Element btn-loadMore not found on the BillDetailPage !!!
	at org.testng.Assert.fail(Assert.java:94)
	at com.qait.automation.getpageobjects.GetPage.element(GetPage.java:105)
	at com.qait.automation.getpageobjects.GetPage.element(GetPage.java:80)
	at com.qait.LegCompass.keywords.BillDetailPage.goToFirstFreshBill(BillDetailPage.java:77)
	at com.qait.politico.LegCompass.tests.FederalBillDetailTest.Test011_Verify_Actions_Tab_For_Federal_Bill(FederalBillDetailTest.java:147)
</failure>
    <system-out><![CDATA[ [INFO] Saving screenshot to D:\POLITICO\2017_automationscripts\./target/screenshots/\FederalBillDetailTest\2018_04_24_02_04_PM\screenshot.png
 
***** STARTING TEST STEP: TEST011_VERIFY_ACTIONS_TAB_FOR_FEDERAL_BILL *****
 
  [info] Window closed
Windows size before: 1
  [info] Nevada state entered
  [info] After switching windows, new window title: Legislative Compass: Federal and State Legislative Tracking | POLITICO Pro
  [info] Window closed and switched to the previous window
  [info] Keyword to search entered
  [info] Save Search button clicked
[PASSED] element txt-searchName is displayed.
[PASSED] element txt-saveSearchModal is displayed.
[PASSED] element btn-saveModal is displayed.
[PASSED] element lnk-cancelSearch is displayed.
  [info] Information on Save Search modal verified
[PASSED] element lnk-first-fresh-bill is not displayed
Saved Search: medical marijuana SearchTue Apr 24 13:51:28 IST 2018
  [info] Search Name entered in the Save Search modal dialog
]]></system-out>
  </testcase>
  <testcase name="Test012_Verify_News_Tab_For_Federal_Bill" classname="com.qait.politico.LegCompass.tests.FederalBillDetailTest" time="4.311">
    <failure message="no such session&#10;  (Driver info: chromedriver=2.36.540470 (e522d04694c7ebea4ba8821272dbef4f9b818c91),platform=Windows NT 6.3.9600 x86_64) (WARNING: The server did not provide any stacktrace information)&#10;Command duration or timeout: 0 milliseconds&#10;Build info: version: &apos;3.10.0&apos;, revision: &apos;176b4a9&apos;, time: &apos;2018-03-02T19:03:16.397Z&apos;&#10;System info: host: &apos;DLLA1439&apos;, ip: &apos;10.90.0.147&apos;, os.name: &apos;Windows 8.1&apos;, os.arch: &apos;amd64&apos;, os.version: &apos;6.3&apos;, java.version: &apos;1.8.0_161&apos;&#10;Driver info: org.openqa.selenium.chrome.ChromeDriver&#10;Capabilities {acceptInsecureCerts: false, acceptSslCerts: false, applicationCacheEnabled: false, browserConnectionEnabled: false, browserName: chrome, chrome: {chromedriverVersion: 2.36.540470 (e522d04694c7eb..., userDataDir: C:\Users\SHWETA~1\AppData\L...}, cssSelectorsEnabled: true, databaseEnabled: false, handlesAlerts: true, hasTouchScreen: false, javascriptEnabled: true, locationContextEnabled: true, mobileEmulationEnabled: false, nativeEvents: true, networkConnectionEnabled: false, pageLoadStrategy: normal, platform: XP, platformName: XP, rotatable: false, setWindowRect: true, takesHeapSnapshot: true, takesScreenshot: true, unexpectedAlertBehaviour: , unhandledPromptBehavior: , version: 66.0.3359.117, webStorageEnabled: true}&#10;Session ID: 612c05722024e75500c6e3284904fec2" type="org.openqa.selenium.NoSuchSessionException">org.openqa.selenium.NoSuchSessionException: no such session
  (Driver info: chromedriver=2.36.540470 (e522d04694c7ebea4ba8821272dbef4f9b818c91),platform=Windows NT 6.3.9600 x86_64) (WARNING: The server did not provide any stacktrace information)
Command duration or timeout: 0 milliseconds
Build info: version: '3.10.0', revision: '176b4a9', time: '2018-03-02T19:03:16.397Z'
System info: host: 'DLLA1439', ip: '10.90.0.147', os.name: 'Windows 8.1', os.arch: 'amd64', os.version: '6.3', java.version: '1.8.0_161'
Driver info: org.openqa.selenium.chrome.ChromeDriver
Capabilities {acceptInsecureCerts: false, acceptSslCerts: false, applicationCacheEnabled: false, browserConnectionEnabled: false, browserName: chrome, chrome: {chromedriverVersion: 2.36.540470 (e522d04694c7eb..., userDataDir: C:\Users\SHWETA~1\AppData\L...}, cssSelectorsEnabled: true, databaseEnabled: false, handlesAlerts: true, hasTouchScreen: false, javascriptEnabled: true, locationContextEnabled: true, mobileEmulationEnabled: false, nativeEvents: true, networkConnectionEnabled: false, pageLoadStrategy: normal, platform: XP, platformName: XP, rotatable: false, setWindowRect: true, takesHeapSnapshot: true, takesScreenshot: true, unexpectedAlertBehaviour: , unhandledPromptBehavior: , version: 66.0.3359.117, webStorageEnabled: true}
Session ID: 612c05722024e75500c6e3284904fec2
	at sun.reflect.NativeConstructorAccessorImpl.newInstance0(Native Method)
	at sun.reflect.NativeConstructorAccessorImpl.newInstance(NativeConstructorAccessorImpl.java:62)
	at sun.reflect.DelegatingConstructorAccessorImpl.newInstance(DelegatingConstructorAccessorImpl.java:45)
	at java.lang.reflect.Constructor.newInstance(Constructor.java:423)
	at org.openqa.selenium.remote.ErrorHandler.createThrowable(ErrorHandler.java:214)
	at org.openqa.selenium.remote.ErrorHandler.throwIfResponseFailed(ErrorHandler.java:166)
	at org.openqa.selenium.remote.http.JsonHttpResponseCodec.reconstructValue(JsonHttpResponseCodec.java:40)
	at org.openqa.selenium.remote.http.AbstractHttpResponseCodec.decode(AbstractHttpResponseCodec.java:80)
	at org.openqa.selenium.remote.http.AbstractHttpResponseCodec.decode(AbstractHttpResponseCodec.java:44)
	at org.openqa.selenium.remote.HttpCommandExecutor.execute(HttpCommandExecutor.java:160)
	at org.openqa.selenium.remote.service.DriverCommandExecutor.execute(DriverCommandExecutor.java:83)
	at org.openqa.selenium.remote.RemoteWebDriver.execute(RemoteWebDriver.java:601)
	at org.openqa.selenium.remote.RemoteWebDriver.execute(RemoteWebDriver.java:658)
	at org.openqa.selenium.remote.RemoteWebDriver.getWindowHandles(RemoteWebDriver.java:506)
	at com.qait.automation.getpageobjects.BaseUi.changeWindow(BaseUi.java:583)
	at com.qait.LegCompass.keywords.BillDetailPage.closeAndSwitchToPreviousWindow(BillDetailPage.java:545)
	at com.qait.politico.LegCompass.tests.FederalBillDetailTest.Test012_Verify_News_Tab_For_Federal_Bill(FederalBillDetailTest.java:164)
</failure>
    <system-out><![CDATA[ [INFO] Saving screenshot to D:\POLITICO\2017_automationscripts\./target/screenshots/\FederalBillDetailTest\2018_04_24_02_04_PM\screenshot.png
 
***** STARTING TEST STEP: TEST012_VERIFY_NEWS_TAB_FOR_FEDERAL_BILL *****
 
[PASSED] element txt-searchSuccess is displayed.
[PASSED] element btn-okSearchSaved is displayed.
  [info] Window closed
]]></system-out>
  </testcase>
  <testcase name="Test013_Verify_CRS_Summary_Tab" classname="com.qait.politico.LegCompass.tests.FederalBillDetailTest" time="0.034">
    <failure message="no such session&#10;  (Driver info: chromedriver=2.36.540470 (e522d04694c7ebea4ba8821272dbef4f9b818c91),platform=Windows NT 6.3.9600 x86_64) (WARNING: The server did not provide any stacktrace information)&#10;Command duration or timeout: 0 milliseconds&#10;Build info: version: &apos;3.10.0&apos;, revision: &apos;176b4a9&apos;, time: &apos;2018-03-02T19:03:16.397Z&apos;&#10;System info: host: &apos;DLLA1439&apos;, ip: &apos;10.90.0.147&apos;, os.name: &apos;Windows 8.1&apos;, os.arch: &apos;amd64&apos;, os.version: &apos;6.3&apos;, java.version: &apos;1.8.0_161&apos;&#10;Driver info: org.openqa.selenium.chrome.ChromeDriver&#10;Capabilities {acceptInsecureCerts: false, acceptSslCerts: false, applicationCacheEnabled: false, browserConnectionEnabled: false, browserName: chrome, chrome: {chromedriverVersion: 2.36.540470 (e522d04694c7eb..., userDataDir: C:\Users\SHWETA~1\AppData\L...}, cssSelectorsEnabled: true, databaseEnabled: false, handlesAlerts: true, hasTouchScreen: false, javascriptEnabled: true, locationContextEnabled: true, mobileEmulationEnabled: false, nativeEvents: true, networkConnectionEnabled: false, pageLoadStrategy: normal, platform: XP, platformName: XP, rotatable: false, setWindowRect: true, takesHeapSnapshot: true, takesScreenshot: true, unexpectedAlertBehaviour: , unhandledPromptBehavior: , version: 66.0.3359.117, webStorageEnabled: true}&#10;Session ID: 612c05722024e75500c6e3284904fec2&#10;*** Element info: {Using=xpath, value=//h3[@class=&apos;name mt1&apos;]//a[1][not(contains(text(),&apos;Amdt.&apos;)) and not(contains(text(),&apos;Amendment&apos;))]}" type="org.openqa.selenium.NoSuchSessionException">org.openqa.selenium.NoSuchSessionException: no such session
  (Driver info: chromedriver=2.36.540470 (e522d04694c7ebea4ba8821272dbef4f9b818c91),platform=Windows NT 6.3.9600 x86_64) (WARNING: The server did not provide any stacktrace information)
Command duration or timeout: 0 milliseconds
Build info: version: '3.10.0', revision: '176b4a9', time: '2018-03-02T19:03:16.397Z'
System info: host: 'DLLA1439', ip: '10.90.0.147', os.name: 'Windows 8.1', os.arch: 'amd64', os.version: '6.3', java.version: '1.8.0_161'
Driver info: org.openqa.selenium.chrome.ChromeDriver
Capabilities {acceptInsecureCerts: false, acceptSslCerts: false, applicationCacheEnabled: false, browserConnectionEnabled: false, browserName: chrome, chrome: {chromedriverVersion: 2.36.540470 (e522d04694c7eb..., userDataDir: C:\Users\SHWETA~1\AppData\L...}, cssSelectorsEnabled: true, databaseEnabled: false, handlesAlerts: true, hasTouchScreen: false, javascriptEnabled: true, locationContextEnabled: true, mobileEmulationEnabled: false, nativeEvents: true, networkConnectionEnabled: false, pageLoadStrategy: normal, platform: XP, platformName: XP, rotatable: false, setWindowRect: true, takesHeapSnapshot: true, takesScreenshot: true, unexpectedAlertBehaviour: , unhandledPromptBehavior: , version: 66.0.3359.117, webStorageEnabled: true}
Session ID: 612c05722024e75500c6e3284904fec2
*** Element info: {Using=xpath, value=//h3[@class='name mt1']//a[1][not(contains(text(),'Amdt.')) and not(contains(text(),'Amendment'))]}
	at sun.reflect.NativeConstructorAccessorImpl.newInstance0(Native Method)
	at sun.reflect.NativeConstructorAccessorImpl.newInstance(NativeConstructorAccessorImpl.java:62)
	at sun.reflect.DelegatingConstructorAccessorImpl.newInstance(DelegatingConstructorAccessorImpl.java:45)
	at java.lang.reflect.Constructor.newInstance(Constructor.java:423)
	at org.openqa.selenium.remote.ErrorHandler.createThrowable(ErrorHandler.java:214)
	at org.openqa.selenium.remote.ErrorHandler.throwIfResponseFailed(ErrorHandler.java:166)
	at org.openqa.selenium.remote.http.JsonHttpResponseCodec.reconstructValue(JsonHttpResponseCodec.java:40)
	at org.openqa.selenium.remote.http.AbstractHttpResponseCodec.decode(AbstractHttpResponseCodec.java:80)
	at org.openqa.selenium.remote.http.AbstractHttpResponseCodec.decode(AbstractHttpResponseCodec.java:44)
	at org.openqa.selenium.remote.HttpCommandExecutor.execute(HttpCommandExecutor.java:160)
	at org.openqa.selenium.remote.service.DriverCommandExecutor.execute(DriverCommandExecutor.java:83)
	at org.openqa.selenium.remote.RemoteWebDriver.execute(RemoteWebDriver.java:601)
	at org.openqa.selenium.remote.RemoteWebDriver.findElements(RemoteWebDriver.java:398)
	at org.openqa.selenium.remote.RemoteWebDriver.findElementsByXPath(RemoteWebDriver.java:477)
	at org.openqa.selenium.By$ByXPath.findElements(By.java:356)
	at org.openqa.selenium.remote.RemoteWebDriver.findElements(RemoteWebDriver.java:359)
	at com.qait.automation.getpageobjects.GetPage.elements(GetPage.java:127)
	at com.qait.automation.getpageobjects.GetPage.elements(GetPage.java:135)
	at com.qait.LegCompass.keywords.BillDetailPage.selectBillToVerifyCRSSummary(BillDetailPage.java:768)
	at com.qait.politico.LegCompass.tests.FederalBillDetailTest.Test013_Verify_CRS_Summary_Tab(FederalBillDetailTest.java:186)
</failure>
    <system-out><![CDATA[Driver is null while taking screen shot
 
***** STARTING TEST STEP: TEST013_VERIFY_CRS_SUMMARY_TAB *****
 
]]></system-out>
  </testcase>
  <testcase name="Test014_Verify_News_Count" classname="com.qait.politico.LegCompass.tests.FederalBillDetailTest" time="0.062">
    <failure message="no such session&#10;  (Driver info: chromedriver=2.36.540470 (e522d04694c7ebea4ba8821272dbef4f9b818c91),platform=Windows NT 6.3.9600 x86_64) (WARNING: The server did not provide any stacktrace information)&#10;Command duration or timeout: 0 milliseconds&#10;Build info: version: &apos;3.10.0&apos;, revision: &apos;176b4a9&apos;, time: &apos;2018-03-02T19:03:16.397Z&apos;&#10;System info: host: &apos;DLLA1439&apos;, ip: &apos;10.90.0.147&apos;, os.name: &apos;Windows 8.1&apos;, os.arch: &apos;amd64&apos;, os.version: &apos;6.3&apos;, java.version: &apos;1.8.0_161&apos;&#10;Driver info: org.openqa.selenium.chrome.ChromeDriver&#10;Capabilities {acceptInsecureCerts: false, acceptSslCerts: false, applicationCacheEnabled: false, browserConnectionEnabled: false, browserName: chrome, chrome: {chromedriverVersion: 2.36.540470 (e522d04694c7eb..., userDataDir: C:\Users\SHWETA~1\AppData\L...}, cssSelectorsEnabled: true, databaseEnabled: false, handlesAlerts: true, hasTouchScreen: false, javascriptEnabled: true, locationContextEnabled: true, mobileEmulationEnabled: false, nativeEvents: true, networkConnectionEnabled: false, pageLoadStrategy: normal, platform: XP, platformName: XP, rotatable: false, setWindowRect: true, takesHeapSnapshot: true, takesScreenshot: true, unexpectedAlertBehaviour: , unhandledPromptBehavior: , version: 66.0.3359.117, webStorageEnabled: true}&#10;Session ID: 612c05722024e75500c6e3284904fec2" type="org.openqa.selenium.NoSuchSessionException">org.openqa.selenium.NoSuchSessionException: no such session
  (Driver info: chromedriver=2.36.540470 (e522d04694c7ebea4ba8821272dbef4f9b818c91),platform=Windows NT 6.3.9600 x86_64) (WARNING: The server did not provide any stacktrace information)
Command duration or timeout: 0 milliseconds
Build info: version: '3.10.0', revision: '176b4a9', time: '2018-03-02T19:03:16.397Z'
System info: host: 'DLLA1439', ip: '10.90.0.147', os.name: 'Windows 8.1', os.arch: 'amd64', os.version: '6.3', java.version: '1.8.0_161'
Driver info: org.openqa.selenium.chrome.ChromeDriver
Capabilities {acceptInsecureCerts: false, acceptSslCerts: false, applicationCacheEnabled: false, browserConnectionEnabled: false, browserName: chrome, chrome: {chromedriverVersion: 2.36.540470 (e522d04694c7eb..., userDataDir: C:\Users\SHWETA~1\AppData\L...}, cssSelectorsEnabled: true, databaseEnabled: false, handlesAlerts: true, hasTouchScreen: false, javascriptEnabled: true, locationContextEnabled: true, mobileEmulationEnabled: false, nativeEvents: true, networkConnectionEnabled: false, pageLoadStrategy: normal, platform: XP, platformName: XP, rotatable: false, setWindowRect: true, takesHeapSnapshot: true, takesScreenshot: true, unexpectedAlertBehaviour: , unhandledPromptBehavior: , version: 66.0.3359.117, webStorageEnabled: true}
Session ID: 612c05722024e75500c6e3284904fec2
	at sun.reflect.NativeConstructorAccessorImpl.newInstance0(Native Method)
	at sun.reflect.NativeConstructorAccessorImpl.newInstance(NativeConstructorAccessorImpl.java:62)
	at sun.reflect.DelegatingConstructorAccessorImpl.newInstance(DelegatingConstructorAccessorImpl.java:45)
	at java.lang.reflect.Constructor.newInstance(Constructor.java:423)
	at org.openqa.selenium.remote.ErrorHandler.createThrowable(ErrorHandler.java:214)
	at org.openqa.selenium.remote.ErrorHandler.throwIfResponseFailed(ErrorHandler.java:166)
	at org.openqa.selenium.remote.http.JsonHttpResponseCodec.reconstructValue(JsonHttpResponseCodec.java:40)
	at org.openqa.selenium.remote.http.AbstractHttpResponseCodec.decode(AbstractHttpResponseCodec.java:80)
	at org.openqa.selenium.remote.http.AbstractHttpResponseCodec.decode(AbstractHttpResponseCodec.java:44)
	at org.openqa.selenium.remote.HttpCommandExecutor.execute(HttpCommandExecutor.java:160)
	at org.openqa.selenium.remote.service.DriverCommandExecutor.execute(DriverCommandExecutor.java:83)
	at org.openqa.selenium.remote.RemoteWebDriver.execute(RemoteWebDriver.java:601)
	at org.openqa.selenium.remote.RemoteWebDriver.get(RemoteWebDriver.java:325)
	at com.qait.automation.TestSessionInitiator.openUrl(TestSessionInitiator.java:398)
	at com.qait.politico.LegCompass.tests.FederalBillDetailTest.Test014_Verify_News_Count(FederalBillDetailTest.java:203)
</failure>
    <system-out><![CDATA[Driver is null while taking screen shot
 
***** STARTING TEST STEP: TEST014_VERIFY_NEWS_COUNT *****
 
#########
https://subscriber-stage.politicopro.com/
]]></system-out>
  </testcase>
  <testcase name="Test015_Verify_Roll_Call_Votes_Tab_Modules_For_Federal_Bill" classname="com.qait.politico.LegCompass.tests.FederalBillDetailTest" time="0.006">
    <failure message="no such session&#10;  (Driver info: chromedriver=2.36.540470 (e522d04694c7ebea4ba8821272dbef4f9b818c91),platform=Windows NT 6.3.9600 x86_64) (WARNING: The server did not provide any stacktrace information)&#10;Command duration or timeout: 0 milliseconds&#10;Build info: version: &apos;3.10.0&apos;, revision: &apos;176b4a9&apos;, time: &apos;2018-03-02T19:03:16.397Z&apos;&#10;System info: host: &apos;DLLA1439&apos;, ip: &apos;10.90.0.147&apos;, os.name: &apos;Windows 8.1&apos;, os.arch: &apos;amd64&apos;, os.version: &apos;6.3&apos;, java.version: &apos;1.8.0_161&apos;&#10;Driver info: org.openqa.selenium.chrome.ChromeDriver&#10;Capabilities {acceptInsecureCerts: false, acceptSslCerts: false, applicationCacheEnabled: false, browserConnectionEnabled: false, browserName: chrome, chrome: {chromedriverVersion: 2.36.540470 (e522d04694c7eb..., userDataDir: C:\Users\SHWETA~1\AppData\L...}, cssSelectorsEnabled: true, databaseEnabled: false, handlesAlerts: true, hasTouchScreen: false, javascriptEnabled: true, locationContextEnabled: true, mobileEmulationEnabled: false, nativeEvents: true, networkConnectionEnabled: false, pageLoadStrategy: normal, platform: XP, platformName: XP, rotatable: false, setWindowRect: true, takesHeapSnapshot: true, takesScreenshot: true, unexpectedAlertBehaviour: , unhandledPromptBehavior: , version: 66.0.3359.117, webStorageEnabled: true}&#10;Session ID: 612c05722024e75500c6e3284904fec2&#10;*** Element info: {Using=xpath, value=//h3[@class=&apos;name mt1&apos;]//a[1][not(contains(text(),&apos;Amdt.&apos;)) and not(contains(text(),&apos;Amendment&apos;))]}" type="org.openqa.selenium.NoSuchSessionException">org.openqa.selenium.NoSuchSessionException: no such session
  (Driver info: chromedriver=2.36.540470 (e522d04694c7ebea4ba8821272dbef4f9b818c91),platform=Windows NT 6.3.9600 x86_64) (WARNING: The server did not provide any stacktrace information)
Command duration or timeout: 0 milliseconds
Build info: version: '3.10.0', revision: '176b4a9', time: '2018-03-02T19:03:16.397Z'
System info: host: 'DLLA1439', ip: '10.90.0.147', os.name: 'Windows 8.1', os.arch: 'amd64', os.version: '6.3', java.version: '1.8.0_161'
Driver info: org.openqa.selenium.chrome.ChromeDriver
Capabilities {acceptInsecureCerts: false, acceptSslCerts: false, applicationCacheEnabled: false, browserConnectionEnabled: false, browserName: chrome, chrome: {chromedriverVersion: 2.36.540470 (e522d04694c7eb..., userDataDir: C:\Users\SHWETA~1\AppData\L...}, cssSelectorsEnabled: true, databaseEnabled: false, handlesAlerts: true, hasTouchScreen: false, javascriptEnabled: true, locationContextEnabled: true, mobileEmulationEnabled: false, nativeEvents: true, networkConnectionEnabled: false, pageLoadStrategy: normal, platform: XP, platformName: XP, rotatable: false, setWindowRect: true, takesHeapSnapshot: true, takesScreenshot: true, unexpectedAlertBehaviour: , unhandledPromptBehavior: , version: 66.0.3359.117, webStorageEnabled: true}
Session ID: 612c05722024e75500c6e3284904fec2
*** Element info: {Using=xpath, value=//h3[@class='name mt1']//a[1][not(contains(text(),'Amdt.')) and not(contains(text(),'Amendment'))]}
	at sun.reflect.NativeConstructorAccessorImpl.newInstance0(Native Method)
	at sun.reflect.NativeConstructorAccessorImpl.newInstance(NativeConstructorAccessorImpl.java:62)
	at sun.reflect.DelegatingConstructorAccessorImpl.newInstance(DelegatingConstructorAccessorImpl.java:45)
	at java.lang.reflect.Constructor.newInstance(Constructor.java:423)
	at org.openqa.selenium.remote.ErrorHandler.createThrowable(ErrorHandler.java:214)
	at org.openqa.selenium.remote.ErrorHandler.throwIfResponseFailed(ErrorHandler.java:166)
	at org.openqa.selenium.remote.http.JsonHttpResponseCodec.reconstructValue(JsonHttpResponseCodec.java:40)
	at org.openqa.selenium.remote.http.AbstractHttpResponseCodec.decode(AbstractHttpResponseCodec.java:80)
	at org.openqa.selenium.remote.http.AbstractHttpResponseCodec.decode(AbstractHttpResponseCodec.java:44)
	at org.openqa.selenium.remote.HttpCommandExecutor.execute(HttpCommandExecutor.java:160)
	at org.openqa.selenium.remote.service.DriverCommandExecutor.execute(DriverCommandExecutor.java:83)
	at org.openqa.selenium.remote.RemoteWebDriver.execute(RemoteWebDriver.java:601)
	at org.openqa.selenium.remote.RemoteWebDriver.findElements(RemoteWebDriver.java:398)
	at org.openqa.selenium.remote.RemoteWebDriver.findElementsByXPath(RemoteWebDriver.java:477)
	at org.openqa.selenium.By$ByXPath.findElements(By.java:356)
	at org.openqa.selenium.remote.RemoteWebDriver.findElements(RemoteWebDriver.java:359)
	at com.qait.automation.getpageobjects.GetPage.elements(GetPage.java:127)
	at com.qait.automation.getpageobjects.GetPage.elements(GetPage.java:135)
	at com.qait.LegCompass.keywords.BillDetailPage.selectBillToVerifyRollCall(BillDetailPage.java:1273)
	at com.qait.politico.LegCompass.tests.FederalBillDetailTest.Test015_Verify_Roll_Call_Votes_Tab_Modules_For_Federal_Bill(FederalBillDetailTest.java:213)
</failure>
    <system-out><![CDATA[Driver is null while taking screen shot
 
***** STARTING TEST STEP: TEST015_VERIFY_ROLL_CALL_VOTES_TAB_MODULES_FOR_FEDERAL_BILL *****
 
]]></system-out>
  </testcase>
  <testcase name="Test016_Verify_Vote_Count_By_Member_Module_For_Federal_Bill" classname="com.qait.politico.LegCompass.tests.FederalBillDetailTest" time="0.009">
    <failure message="no such session&#10;  (Driver info: chromedriver=2.36.540470 (e522d04694c7ebea4ba8821272dbef4f9b818c91),platform=Windows NT 6.3.9600 x86_64) (WARNING: The server did not provide any stacktrace information)&#10;Command duration or timeout: 0 milliseconds&#10;Build info: version: &apos;3.10.0&apos;, revision: &apos;176b4a9&apos;, time: &apos;2018-03-02T19:03:16.397Z&apos;&#10;System info: host: &apos;DLLA1439&apos;, ip: &apos;10.90.0.147&apos;, os.name: &apos;Windows 8.1&apos;, os.arch: &apos;amd64&apos;, os.version: &apos;6.3&apos;, java.version: &apos;1.8.0_161&apos;&#10;Driver info: org.openqa.selenium.chrome.ChromeDriver&#10;Capabilities {acceptInsecureCerts: false, acceptSslCerts: false, applicationCacheEnabled: false, browserConnectionEnabled: false, browserName: chrome, chrome: {chromedriverVersion: 2.36.540470 (e522d04694c7eb..., userDataDir: C:\Users\SHWETA~1\AppData\L...}, cssSelectorsEnabled: true, databaseEnabled: false, handlesAlerts: true, hasTouchScreen: false, javascriptEnabled: true, locationContextEnabled: true, mobileEmulationEnabled: false, nativeEvents: true, networkConnectionEnabled: false, pageLoadStrategy: normal, platform: XP, platformName: XP, rotatable: false, setWindowRect: true, takesHeapSnapshot: true, takesScreenshot: true, unexpectedAlertBehaviour: , unhandledPromptBehavior: , version: 66.0.3359.117, webStorageEnabled: true}&#10;Session ID: 612c05722024e75500c6e3284904fec2&#10;*** Element info: {Using=css selector, value=select#roll_call_voted_state}" type="org.openqa.selenium.NoSuchSessionException">org.openqa.selenium.NoSuchSessionException: no such session
  (Driver info: chromedriver=2.36.540470 (e522d04694c7ebea4ba8821272dbef4f9b818c91),platform=Windows NT 6.3.9600 x86_64) (WARNING: The server did not provide any stacktrace information)
Command duration or timeout: 0 milliseconds
Build info: version: '3.10.0', revision: '176b4a9', time: '2018-03-02T19:03:16.397Z'
System info: host: 'DLLA1439', ip: '10.90.0.147', os.name: 'Windows 8.1', os.arch: 'amd64', os.version: '6.3', java.version: '1.8.0_161'
Driver info: org.openqa.selenium.chrome.ChromeDriver
Capabilities {acceptInsecureCerts: false, acceptSslCerts: false, applicationCacheEnabled: false, browserConnectionEnabled: false, browserName: chrome, chrome: {chromedriverVersion: 2.36.540470 (e522d04694c7eb..., userDataDir: C:\Users\SHWETA~1\AppData\L...}, cssSelectorsEnabled: true, databaseEnabled: false, handlesAlerts: true, hasTouchScreen: false, javascriptEnabled: true, locationContextEnabled: true, mobileEmulationEnabled: false, nativeEvents: true, networkConnectionEnabled: false, pageLoadStrategy: normal, platform: XP, platformName: XP, rotatable: false, setWindowRect: true, takesHeapSnapshot: true, takesScreenshot: true, unexpectedAlertBehaviour: , unhandledPromptBehavior: , version: 66.0.3359.117, webStorageEnabled: true}
Session ID: 612c05722024e75500c6e3284904fec2
*** Element info: {Using=css selector, value=select#roll_call_voted_state}
	at sun.reflect.NativeConstructorAccessorImpl.newInstance0(Native Method)
	at sun.reflect.NativeConstructorAccessorImpl.newInstance(NativeConstructorAccessorImpl.java:62)
	at sun.reflect.DelegatingConstructorAccessorImpl.newInstance(DelegatingConstructorAccessorImpl.java:45)
	at java.lang.reflect.Constructor.newInstance(Constructor.java:423)
	at org.openqa.selenium.remote.ErrorHandler.createThrowable(ErrorHandler.java:214)
	at org.openqa.selenium.remote.ErrorHandler.throwIfResponseFailed(ErrorHandler.java:166)
	at org.openqa.selenium.remote.http.JsonHttpResponseCodec.reconstructValue(JsonHttpResponseCodec.java:40)
	at org.openqa.selenium.remote.http.AbstractHttpResponseCodec.decode(AbstractHttpResponseCodec.java:80)
	at org.openqa.selenium.remote.http.AbstractHttpResponseCodec.decode(AbstractHttpResponseCodec.java:44)
	at org.openqa.selenium.remote.HttpCommandExecutor.execute(HttpCommandExecutor.java:160)
	at org.openqa.selenium.remote.service.DriverCommandExecutor.execute(DriverCommandExecutor.java:83)
	at org.openqa.selenium.remote.RemoteWebDriver.execute(RemoteWebDriver.java:601)
	at org.openqa.selenium.remote.RemoteWebDriver.findElement(RemoteWebDriver.java:371)
	at org.openqa.selenium.remote.RemoteWebDriver.findElementByCssSelector(RemoteWebDriver.java:465)
	at org.openqa.selenium.By$ByCssSelector.findElement(By.java:430)
	at org.openqa.selenium.remote.RemoteWebDriver.findElement(RemoteWebDriver.java:363)
	at com.qait.automation.getpageobjects.GetPage.element(GetPage.java:103)
	at com.qait.automation.getpageobjects.GetPage.element(GetPage.java:80)
	at com.qait.LegCompass.keywords.BillDetailPage.verifyRollCallVotedStateDropdown(BillDetailPage.java:1342)
	at com.qait.politico.LegCompass.tests.FederalBillDetailTest.Test016_Verify_Vote_Count_By_Member_Module_For_Federal_Bill(FederalBillDetailTest.java:225)
</failure>
    <system-out><![CDATA[Driver is null while taking screen shot
 
***** STARTING TEST STEP: TEST016_VERIFY_VOTE_COUNT_BY_MEMBER_MODULE_FOR_FEDERAL_BILL *****
 
]]></system-out>
  </testcase>
  <testcase name="Test017_Verify_Bill_Titles_On_related_Bill_Tab" classname="com.qait.politico.LegCompass.tests.FederalBillDetailTest" time="0.055">
[...]
  (Driver info: chromedriver=2.36.540470 (e522d04694c7ebea4ba8821272dbef4f9b818c91),platform=Windows NT 6.3.9600 x86_64) (WARNING: The server did not provide any stacktrace information)
Command duration or timeout: 0 milliseconds
Build info: version: '3.10.0', revision: '176b4a9', time: '2018-03-02T19:03:16.397Z'
System info: host: 'DLLA1439', ip: '10.90.0.147', os.name: 'Windows 8.1', os.arch: 'amd64', os.version: '6.3', java.version: '1.8.0_161'
Driver info: org.openqa.selenium.chrome.ChromeDriver
Capabilities {acceptInsecureCerts: false, acceptSslCerts: false, applicationCacheEnabled: false, browserConnectionEnabled: false, browserName: chrome, chrome: {chromedriverVersion: 2.36.540470 (e522d04694c7eb..., userDataDir: C:\Users\SHWETA~1\AppData\L...}, cssSelectorsEnabled: true, databaseEnabled: false, handlesAlerts: true, hasTouchScreen: false, javascriptEnabled: true, locationContextEnabled: true, mobileEmulationEnabled: false, nativeEvents: true, networkConnectionEnabled: false, pageLoadStrategy: normal, platform: XP, platformName: XP, rotatable: false, setWindowRect: true, takesHeapSnapshot: true, takesScreenshot: true, unexpectedAlertBehaviour: , unhandledPromptBehavior: , version: 66.0.3359.117, webStorageEnabled: true}
Session ID: 524f68af5825fff765cc3d7954a0cf12
	at sun.reflect.GeneratedConstructorAccessor15.newInstance(Unknown Source)
	at sun.reflect.DelegatingConstructorAccessorImpl.newInstance(DelegatingConstructorAccessorImpl.java:45)
	at java.lang.reflect.Constructor.newInstance(Constructor.java:423)
	at org.openqa.selenium.remote.ErrorHandler.createThrowable(ErrorHandler.java:214)
	at org.openqa.selenium.remote.ErrorHandler.throwIfResponseFailed(ErrorHandler.java:166)
	at org.openqa.selenium.remote.http.JsonHttpResponseCodec.reconstructValue(JsonHttpResponseCodec.java:40)
	at org.openqa.selenium.remote.http.AbstractHttpResponseCodec.decode(AbstractHttpResponseCodec.java:80)
	at org.openqa.selenium.remote.http.AbstractHttpResponseCodec.decode(AbstractHttpResponseCodec.java:44)
	at org.openqa.selenium.remote.HttpCommandExecutor.execute(HttpCommandExecutor.java:160)
	at org.openqa.selenium.remote.service.DriverCommandExecutor.execute(DriverCommandExecutor.java:83)
	at org.openqa.selenium.remote.RemoteWebDriver.execute(RemoteWebDriver.java:601)
	at org.openqa.selenium.remote.RemoteWebDriver.execute(RemoteWebDriver.java:658)
	at org.openqa.selenium.remote.RemoteWebDriver.close(RemoteWebDriver.java:487)
	at com.qait.automation.getpageobjects.BaseUi.closeWindow(BaseUi.java:278)
	at com.qait.LegCompass.keywords.BillDetailPage.closeAndSwitchToPreviousWindow(BillDetailPage.java:544)
	at com.qait.politico.LegCompass.tests.Legislative_Outcome_Test.Test008_Verify_Leg_Outcome_Details_For_Changes_Since_Its_Enactment_LC_2374(Legislative_Outcome_Test.java:113)
</failure>
    <system-out><![CDATA[Driver is null while taking screen shot
 
***** STARTING TEST STEP: TEST008_VERIFY_LEG_OUTCOME_DETAILS_FOR_CHANGES_SINCE_ITS_ENACTMENT_LC_2374 *****
 
]]></system-out>
  </testcase>
  <testcase name="Test009_Verify_Leg_Outcome_Details_For_Work_In_Progress_Bills_LC_2481" classname="com.qait.politico.LegCompass.tests.Legislative_Outcome_Test" time="0">
    <failure message="no such session&#10;  (Driver info: chromedriver=2.36.540470 (e522d04694c7ebea4ba8821272dbef4f9b818c91),platform=Windows NT 6.3.9600 x86_64) (WARNING: The server did not provide any stacktrace information)&#10;Command duration or timeout: 0 milliseconds&#10;Build info: version: &apos;3.10.0&apos;, revision: &apos;176b4a9&apos;, time: &apos;2018-03-02T19:03:16.397Z&apos;&#10;System info: host: &apos;DLLA1439&apos;, ip: &apos;10.90.0.147&apos;, os.name: &apos;Windows 8.1&apos;, os.arch: &apos;amd64&apos;, os.version: &apos;6.3&apos;, java.version: &apos;1.8.0_161&apos;&#10;Driver info: org.openqa.selenium.chrome.ChromeDriver&#10;Capabilities {acceptInsecureCerts: false, acceptSslCerts: false, applicationCacheEnabled: false, browserConnectionEnabled: false, browserName: chrome, chrome: {chromedriverVersion: 2.36.540470 (e522d04694c7eb..., userDataDir: C:\Users\SHWETA~1\AppData\L...}, cssSelectorsEnabled: true, databaseEnabled: false, handlesAlerts: true, hasTouchScreen: false, javascriptEnabled: true, locationContextEnabled: true, mobileEmulationEnabled: false, nativeEvents: true, networkConnectionEnabled: false, pageLoadStrategy: normal, platform: XP, platformName: XP, rotatable: false, setWindowRect: true, takesHeapSnapshot: true, takesScreenshot: true, unexpectedAlertBehaviour: , unhandledPromptBehavior: , version: 66.0.3359.117, webStorageEnabled: true}&#10;Session ID: 524f68af5825fff765cc3d7954a0cf12" type="org.openqa.selenium.NoSuchSessionException">org.openqa.selenium.NoSuchSessionException: no such session
  (Driver info: chromedriver=2.36.540470 (e522d04694c7ebea4ba8821272dbef4f9b818c91),platform=Windows NT 6.3.9600 x86_64) (WARNING: The server did not provide any stacktrace information)
Command duration or timeout: 0 milliseconds
Build info: version: '3.10.0', revision: '176b4a9', time: '2018-03-02T19:03:16.397Z'
System info: host: 'DLLA1439', ip: '10.90.0.147', os.name: 'Windows 8.1', os.arch: 'amd64', os.version: '6.3', java.version: '1.8.0_161'
Driver info: org.openqa.selenium.chrome.ChromeDriver
Capabilities {acceptInsecureCerts: false, acceptSslCerts: false, applicationCacheEnabled: false, browserConnectionEnabled: false, browserName: chrome, chrome: {chromedriverVersion: 2.36.540470 (e522d04694c7eb..., userDataDir: C:\Users\SHWETA~1\AppData\L...}, cssSelectorsEnabled: true, databaseEnabled: false, handlesAlerts: true, hasTouchScreen: false, javascriptEnabled: true, locationContextEnabled: true, mobileEmulationEnabled: false, nativeEvents: true, networkConnectionEnabled: false, pageLoadStrategy: normal, platform: XP, platformName: XP, rotatable: false, setWindowRect: true, takesHeapSnapshot: true, takesScreenshot: true, unexpectedAlertBehaviour: , unhandledPromptBehavior: , version: 66.0.3359.117, webStorageEnabled: true}
Session ID: 524f68af5825fff765cc3d7954a0cf12
	at sun.reflect.GeneratedConstructorAccessor15.newInstance(Unknown Source)
	at sun.reflect.DelegatingConstructorAccessorImpl.newInstance(DelegatingConstructorAccessorImpl.java:45)
	at java.lang.reflect.Constructor.newInstance(Constructor.java:423)
	at org.openqa.selenium.remote.ErrorHandler.createThrowable(ErrorHandler.java:214)
	at org.openqa.selenium.remote.ErrorHandler.throwIfResponseFailed(ErrorHandler.java:166)
	at org.openqa.selenium.remote.http.JsonHttpResponseCodec.reconstructValue(JsonHttpResponseCodec.java:40)
	at org.openqa.selenium.remote.http.AbstractHttpResponseCodec.decode(AbstractHttpResponseCodec.java:80)
	at org.openqa.selenium.remote.http.AbstractHttpResponseCodec.decode(AbstractHttpResponseCodec.java:44)
	at org.openqa.selenium.remote.HttpCommandExecutor.execute(HttpCommandExecutor.java:160)
	at org.openqa.selenium.remote.service.DriverCommandExecutor.execute(DriverCommandExecutor.java:83)
	at org.openqa.selenium.remote.RemoteWebDriver.execute(RemoteWebDriver.java:601)
	at org.openqa.selenium.remote.RemoteWebDriver.execute(RemoteWebDriver.java:658)
	at org.openqa.selenium.remote.RemoteWebDriver.close(RemoteWebDriver.java:487)
	at com.qait.automation.getpageobjects.BaseUi.closeWindow(BaseUi.java:278)
	at com.qait.LegCompass.keywords.BillDetailPage.closeAndSwitchToPreviousWindow(BillDetailPage.java:544)
	at com.qait.politico.LegCompass.tests.Legislative_Outcome_Test.Test009_Verify_Leg_Outcome_Details_For_Work_In_Progress_Bills_LC_2481(Legislative_Outcome_Test.java:135)
</failure>
    <system-out><![CDATA[Driver is null while taking screen shot
 
***** STARTING TEST STEP: TEST009_VERIFY_LEG_OUTCOME_DETAILS_FOR_WORK_IN_PROGRESS_BILLS_LC_2481 *****
 
]]></system-out>
  </testcase>
  <testcase name="Test010_VerifyLegislative_Outcome_Is_Not_Present_For_States_Bills" classname="com.qait.politico.LegCompass.tests.Legislative_Outcome_Test" time="0.002">
    <failure message="no such session&#10;  (Driver info: chromedriver=2.36.540470 (e522d04694c7ebea4ba8821272dbef4f9b818c91),platform=Windows NT 6.3.9600 x86_64) (WARNING: The server did not provide any stacktrace information)&#10;Command duration or timeout: 0 milliseconds&#10;Build info: version: &apos;3.10.0&apos;, revision: &apos;176b4a9&apos;, time: &apos;2018-03-02T19:03:16.397Z&apos;&#10;System info: host: &apos;DLLA1439&apos;, ip: &apos;10.90.0.147&apos;, os.name: &apos;Windows 8.1&apos;, os.arch: &apos;amd64&apos;, os.version: &apos;6.3&apos;, java.version: &apos;1.8.0_161&apos;&#10;Driver info: org.openqa.selenium.chrome.ChromeDriver&#10;Capabilities {acceptInsecureCerts: false, acceptSslCerts: false, applicationCacheEnabled: false, browserConnectionEnabled: false, browserName: chrome, chrome: {chromedriverVersion: 2.36.540470 (e522d04694c7eb..., userDataDir: C:\Users\SHWETA~1\AppData\L...}, cssSelectorsEnabled: true, databaseEnabled: false, handlesAlerts: true, hasTouchScreen: false, javascriptEnabled: true, locationContextEnabled: true, mobileEmulationEnabled: false, nativeEvents: true, networkConnectionEnabled: false, pageLoadStrategy: normal, platform: XP, platformName: XP, rotatable: false, setWindowRect: true, takesHeapSnapshot: true, takesScreenshot: true, unexpectedAlertBehaviour: , unhandledPromptBehavior: , version: 66.0.3359.117, webStorageEnabled: true}&#10;Session ID: 524f68af5825fff765cc3d7954a0cf12" type="org.openqa.selenium.NoSuchSessionException">org.openqa.selenium.NoSuchSessionException: no such session
  (Driver info: chromedriver=2.36.540470 (e522d04694c7ebea4ba8821272dbef4f9b818c91),platform=Windows NT 6.3.9600 x86_64) (WARNING: The server did not provide any stacktrace information)
Command duration or timeout: 0 milliseconds
Build info: version: '3.10.0', revision: '176b4a9', time: '2018-03-02T19:03:16.397Z'
System info: host: 'DLLA1439', ip: '10.90.0.147', os.name: 'Windows 8.1', os.arch: 'amd64', os.version: '6.3', java.version: '1.8.0_161'
Driver info: org.openqa.selenium.chrome.ChromeDriver
Capabilities {acceptInsecureCerts: false, acceptSslCerts: false, applicationCacheEnabled: false, browserConnectionEnabled: false, browserName: chrome, chrome: {chromedriverVersion: 2.36.540470 (e522d04694c7eb..., userDataDir: C:\Users\SHWETA~1\AppData\L...}, cssSelectorsEnabled: true, databaseEnabled: false, handlesAlerts: true, hasTouchScreen: false, javascriptEnabled: true, locationContextEnabled: true, mobileEmulationEnabled: false, nativeEvents: true, networkConnectionEnabled: false, pageLoadStrategy: normal, platform: XP, platformName: XP, rotatable: false, setWindowRect: true, takesHeapSnapshot: true, takesScreenshot: true, unexpectedAlertBehaviour: , unhandledPromptBehavior: , version: 66.0.3359.117, webStorageEnabled: true}
Session ID: 524f68af5825fff765cc3d7954a0cf12
	at sun.reflect.GeneratedConstructorAccessor15.newInstance(Unknown Source)
	at sun.reflect.DelegatingConstructorAccessorImpl.newInstance(DelegatingConstructorAccessorImpl.java:45)
	at java.lang.reflect.Constructor.newInstance(Constructor.java:423)
	at org.openqa.selenium.remote.ErrorHandler.createThrowable(ErrorHandler.java:214)
	at org.openqa.selenium.remote.ErrorHandler.throwIfResponseFailed(ErrorHandler.java:166)
	at org.openqa.selenium.remote.http.JsonHttpResponseCodec.reconstructValue(JsonHttpResponseCodec.java:40)
	at org.openqa.selenium.remote.http.AbstractHttpResponseCodec.decode(AbstractHttpResponseCodec.java:80)
	at org.openqa.selenium.remote.http.AbstractHttpResponseCodec.decode(AbstractHttpResponseCodec.java:44)
	at org.openqa.selenium.remote.HttpCommandExecutor.execute(HttpCommandExecutor.java:160)
	at org.openqa.selenium.remote.service.DriverCommandExecutor.execute(DriverCommandExecutor.java:83)
	at org.openqa.selenium.remote.RemoteWebDriver.execute(RemoteWebDriver.java:601)
	at org.openqa.selenium.remote.RemoteWebDriver.execute(RemoteWebDriver.java:658)
	at org.openqa.selenium.remote.RemoteWebDriver.close(RemoteWebDriver.java:487)
	at com.qait.automation.getpageobjects.BaseUi.closeWindow(BaseUi.java:278)
	at com.qait.LegCompass.keywords.BillDetailPage.closeAndSwitchToPreviousWindow(BillDetailPage.java:544)
	at com.qait.politico.LegCompass.tests.Legislative_Outcome_Test.Test010_VerifyLegislative_Outcome_Is_Not_Present_For_States_Bills(Legislative_Outcome_Test.java:148)
</failure>
    <system-out><![CDATA[Driver is null while taking screen shot
 
***** STARTING TEST STEP: TEST010_VERIFYLEGISLATIVE_OUTCOME_IS_NOT_PRESENT_FOR_STATES_BILLS *****
 
]]></system-out>
  </testcase>
  <testcase name="Test013_Verify_Pagination" classname="com.qait.politico.LegCompass.tests.RoleCallVoteSearchTest" time="14.322">
    <failure message="FAILED: Element btn-clrFilters not found on the RollCallPage !!!" type="java.lang.AssertionError">java.lang.AssertionError: FAILED: Element btn-clrFilters not found on the RollCallPage !!!
	at org.testng.Assert.fail(Assert.java:94)
	at com.qait.automation.getpageobjects.GetPage.element(GetPage.java:105)
	at com.qait.automation.getpageobjects.GetPage.element(GetPage.java:80)
	at com.qait.LegCompass.keywords.RollCallSearchPage.verifyAllFiltersCleared(RollCallSearchPage.java:147)
	at com.qait.politico.LegCompass.tests.RoleCallVoteSearchTest.Test013_Verify_Pagination(RoleCallVoteSearchTest.java:138)
</failure>
    <system-out><![CDATA[Driver is null while taking screen shot
]]></system-out>
  </testcase>
  <testcase name="Test014_Clear_Filters" classname="com.qait.politico.LegCompass.tests.RoleCallVoteSearchTest" time="30.021">
    <failure message="FAILED: Element btn-clrFilters not found on the RollCallPage !!!" type="java.lang.AssertionError">java.lang.AssertionError: FAILED: Element btn-clrFilters not found on the RollCallPage !!!
	at org.testng.Assert.fail(Assert.java:94)
	at com.qait.automation.getpageobjects.GetPage.element(GetPage.java:105)
	at com.qait.automation.getpageobjects.GetPage.element(GetPage.java:80)
	at com.qait.LegCompass.keywords.RollCallSearchPage.verifyAllFiltersCleared(RollCallSearchPage.java:147)
	at com.qait.politico.LegCompass.tests.RoleCallVoteSearchTest.Test014_Clear_Filters(RoleCallVoteSearchTest.java:145)
</failure>
    <system-out><![CDATA[ [INFO] Saving screenshot to D:\POLITICO\2017_automationscripts\./target/screenshots/\RoleCallVoteSearchTest\2018_04_24_02_17_PM\screenshot.png
 
***** STARTING TEST STEP: TEST014_CLEAR_FILTERS *****
 
]]></system-out>
  </testcase>
  <testcase name="Test015_Verify_Navigation_To_Roll_Call" classname="com.qait.politico.LegCompass.tests.RoleCallVoteSearchTest" time="60.072">
    <failure message="Expected condition failed: waiting for visibility of all [] (tried for 30 second(s) with 500 milliseconds interval)&#10;Build info: version: &apos;3.10.0&apos;, revision: &apos;176b4a9&apos;, time: &apos;2018-03-02T19:03:16.397Z&apos;&#10;System info: host: &apos;DLLA1439&apos;, ip: &apos;10.90.0.147&apos;, os.name: &apos;Windows 8.1&apos;, os.arch: &apos;amd64&apos;, os.version: &apos;6.3&apos;, java.version: &apos;1.8.0_161&apos;&#10;Driver info: org.openqa.selenium.chrome.ChromeDriver&#10;Capabilities {acceptInsecureCerts: false, acceptSslCerts: false, applicationCacheEnabled: false, browserConnectionEnabled: false, browserName: chrome, chrome: {chromedriverVersion: 2.36.540470 (e522d04694c7eb..., userDataDir: C:\Users\SHWETA~1\AppData\L...}, cssSelectorsEnabled: true, databaseEnabled: false, handlesAlerts: true, hasTouchScreen: false, javascriptEnabled: true, locationContextEnabled: true, mobileEmulationEnabled: false, nativeEvents: true, networkConnectionEnabled: false, pageLoadStrategy: normal, platform: XP, platformName: XP, rotatable: false, setWindowRect: true, takesHeapSnapshot: true, takesScreenshot: true, unexpectedAlertBehaviour: , unhandledPromptBehavior: , version: 66.0.3359.117, webStorageEnabled: true}&#10;Session ID: 08c23253877b35ea08432ae49a9558d0" type="org.openqa.selenium.TimeoutException">org.openqa.selenium.TimeoutException: Expected condition failed: waiting for visibility of all [] (tried for 30 second(s) with 500 milliseconds interval)
Build info: version: '3.10.0', revision: '176b4a9', time: '2018-03-02T19:03:16.397Z'
System info: host: 'DLLA1439', ip: '10.90.0.147', os.name: 'Windows 8.1', os.arch: 'amd64', os.version: '6.3', java.version: '1.8.0_161'
Driver info: org.openqa.selenium.chrome.ChromeDriver
Capabilities {acceptInsecureCerts: false, acceptSslCerts: false, applicationCacheEnabled: false, browserConnectionEnabled: false, browserName: chrome, chrome: {chromedriverVersion: 2.36.540470 (e522d04694c7eb..., userDataDir: C:\Users\SHWETA~1\AppData\L...}, cssSelectorsEnabled: true, databaseEnabled: false, handlesAlerts: true, hasTouchScreen: false, javascriptEnabled: true, locationContextEnabled: true, mobileEmulationEnabled: false, nativeEvents: true, networkConnectionEnabled: false, pageLoadStrategy: normal, platform: XP, platformName: XP, rotatable: false, setWindowRect: true, takesHeapSnapshot: true, takesScreenshot: true, unexpectedAlertBehaviour: , unhandledPromptBehavior: , version: 66.0.3359.117, webStorageEnabled: true}
Session ID: 08c23253877b35ea08432ae49a9558d0
	at org.openqa.selenium.support.ui.WebDriverWait.timeoutException(WebDriverWait.java:82)
	at org.openqa.selenium.support.ui.FluentWait.until(FluentWait.java:272)
	at com.qait.automation.utils.SeleniumWait.waitForElementsToBeVisible(SeleniumWait.java:84)
	at com.qait.automation.getpageobjects.GetPage.elements(GetPage.java:127)
	at com.qait.automation.getpageobjects.GetPage.elements(GetPage.java:135)
	at com.qait.LegCompass.keywords.RollCallSearchPage.SelectRollCallAffliatedToBill(RollCallSearchPage.java:636)
	at com.qait.politico.LegCompass.tests.RoleCallVoteSearchTest.Test015_Verify_Navigation_To_Roll_Call(RoleCallVoteSearchTest.java:152)
</failure>
    <system-out><![CDATA[ [INFO] Saving screenshot to D:\POLITICO\2017_automationscripts\./target/screenshots/\RoleCallVoteSearchTest\2018_04_24_02_17_PM\screenshot.png
 
***** STARTING TEST STEP: TEST015_VERIFY_NAVIGATION_TO_ROLL_CALL *****
 
]]></system-out>
  </testcase>
  <testcase name="Test016_Verify_Rejected_Amendments_Appears_In_Red" classname="com.qait.politico.LegCompass.tests.RoleCallVoteSearchTest" time="38.631">
    <failure message="FAILED: Element option-voteOutcome not found on the RollCallPage !!!" type="java.lang.AssertionError">java.lang.AssertionError: FAILED: Element option-voteOutcome not found on the RollCallPage !!!
	at org.testng.Assert.fail(Assert.java:94)
	at com.qait.automation.getpageobjects.GetPage.element(GetPage.java:105)
	at com.qait.automation.getpageobjects.GetPage.isElementDisplayed(GetPage.java:198)
	at com.qait.LegCompass.keywords.RollCallSearchPage.verifyVoteOutcomeFilterOptions(RollCallSearchPage.java:260)
	at com.qait.politico.LegCompass.tests.RoleCallVoteSearchTest.Test016_Verify_Rejected_Amendments_Appears_In_Red(RoleCallVoteSearchTest.java:165)
</failure>
    <system-out><![CDATA[ [INFO] Saving screenshot to D:\POLITICO\2017_automationscripts\./target/screenshots/\RoleCallVoteSearchTest\2018_04_24_02_18_PM\screenshot.png
 
***** STARTING TEST STEP: TEST016_VERIFY_REJECTED_AMENDMENTS_APPEARS_IN_RED *****
 
  [info] Window closed
Windows size before: 1
  [info] After switching windows, new window title: Roll Call Vote Search - POLITICO Pro
  [info] Window closed and switched to the previous window
  [info] Amendment vote filter applied
]]></system-out>
  </testcase>
  <testcase name="Test017_Verify_Rejected_Motions_Appears_In_Red" classname="com.qait.politico.LegCompass.tests.RoleCallVoteSearchTest" time="32.425"/>
</testsuite>