<?xml version="1.0" encoding="UTF-8"?>
<testng-results skipped="0" failed="0" total="1" passed="1">
  <reporter-output>
    <line>
      <![CDATA[Test running on qa environment]]>
    </line>
    <line>
      <![CDATA[Platform - web
Browser - chrome]]>
    </line>
    <line>
      <![CDATA[Test running on chrome browser]]>
    </line>
    <line>
      <![CDATA[
***** STARTING TEST: HOMEPAGEHEADERTEST *****

Launching browser /chrome/ against starting URL: https://nejm.org/]]>
    </line>
    <line>
      <![CDATA[ ]]>
    </line>
    <line>
      <![CDATA[***** STARTING TEST STEP: TEST001_LOGIN *****]]>
    </line>
    <line>
      <![CDATA[ ]]>
    </line>
  </reporter-output>
  <suite name="Default suite" duration-ms="33394" started-at="2018-04-28T09:26:17Z" finished-at="2018-04-28T09:26:50Z">
    <groups>
    </groups>
    <test name="Default test" duration-ms="33394" started-at="2018-04-28T09:26:17Z" finished-at="2018-04-28T09:26:50Z">
      <class name="com.qait.politico.LegCompass.tests.HomePageHeaderTest">
        <test-method status="PASS" signature="Start_Test_Session()[pri:0, instance:com.qait.politico.LegCompass.tests.HomePageHeaderTest@2b2948e2]" name="Start_Test_Session" is-config="true" duration-ms="33339" started-at="2018-04-28T14:56:17Z" finished-at="2018-04-28T14:56:50Z">
          <reporter-output>
            <line>
              <![CDATA[Test running on qa environment]]>
            </line>
            <line>
              <![CDATA[Platform - web
Browser - chrome]]>
            </line>
            <line>
              <![CDATA[Test running on chrome browser]]>
            </line>
            <line>
              <![CDATA[
***** STARTING TEST: HOMEPAGEHEADERTEST *****

Launching browser /chrome/ against starting URL: https://nejm.org/]]>
            </line>
          </reporter-output>
        </test-method> <!-- Start_Test_Session -->
        <test-method status="PASS" signature="handleTestMethodName(java.lang.reflect.Method)[pri:0, instance:com.qait.politico.LegCompass.tests.HomePageHeaderTest@2b2948e2]" name="handleTestMethodName" is-config="true" duration-ms="5" started-at="2018-04-28T14:56:50Z" finished-at="2018-04-28T14:56:50Z">
          <params>
            <param index="0">
              <value>
                <![CDATA[public void com.qait.politico.LegCompass.tests.HomePageHeaderTest.Test001_Login()]]>
              </value>
            </param>
          </params>
          <reporter-output>
            <line>
              <![CDATA[ ]]>
            </line>
            <line>
              <![CDATA[***** STARTING TEST STEP: TEST001_LOGIN *****]]>
            </line>
            <line>
              <![CDATA[ ]]>
            </line>
          </reporter-output>
        </test-method> <!-- handleTestMethodName -->
        <test-method status="PASS" signature="Test001_Login()[pri:0, instance:com.qait.politico.LegCompass.tests.HomePageHeaderTest@2b2948e2]" name="Test001_Login" duration-ms="17" started-at="2018-04-28T14:56:50Z" finished-at="2018-04-28T14:56:50Z">
          <reporter-output>
          </reporter-output>
        </test-method> <!-- Test001_Login -->
        <test-method status="PASS" signature="stop_test_session()[pri:0, instance:com.qait.politico.LegCompass.tests.HomePageHeaderTest@2b2948e2]" name="stop_test_session" is-config="true" duration-ms="0" started-at="2018-04-28T14:56:50Z" finished-at="2018-04-28T14:56:50Z">
          <reporter-output>
          </reporter-output>
        </test-method> <!-- stop_test_session -->
        <test-method status="PASS" signature="takeScreenshotonFailure(org.testng.ITestResult)[pri:0, instance:com.qait.politico.LegCompass.tests.HomePageHeaderTest@2b2948e2]" name="takeScreenshotonFailure" is-config="true" duration-ms="0" started-at="2018-04-28T14:56:50Z" finished-at="2018-04-28T14:56:50Z">
          <params>
            <param index="0">
              <value>
                <![CDATA[[TestResult name=Test001_Login status=SUCCESS method=HomePageHeaderTest.Test001_Login()[pri:0, instance:com.qait.politico.LegCompass.tests.HomePageHeaderTest@2b2948e2] output={null}]]]>
              </value>
            </param>
          </params>
          <reporter-output>
          </reporter-output>
        </test-method> <!-- takeScreenshotonFailure -->
      </class> <!-- com.qait.politico.LegCompass.tests.HomePageHeaderTest -->
    </test> <!-- Default test -->
  </suite> <!-- Default suite -->
</testng-results>
