<?xml version="1.0" encoding="UTF-8"?>
<testng-results skipped="0" failed="0" total="2" passed="2">
  <reporter-output>
    <line>
      <![CDATA[Test running on westcoast environment]]>
    </line>
  </reporter-output>
  <suite name="Surefire suite" duration-ms="20196" started-at="2018-04-24T08:49:56Z" finished-at="2018-04-24T08:50:16Z">
    <groups>
    </groups>
    <test name="Surefire test" duration-ms="20196" started-at="2018-04-24T08:49:56Z" finished-at="2018-04-24T08:50:16Z">
      <class name="com.qait.automation.report.ResultsIT">
        <test-method status="PASS" signature="setupMailConfig()[pri:0, instance:com.qait.automation.report.ResultsIT@1593948d]" name="setupMailConfig" is-config="true" duration-ms="7" started-at="2018-04-24T14:19:56Z" finished-at="2018-04-24T14:19:56Z">
          <reporter-output>
          </reporter-output>
        </test-method> <!-- setupMailConfig -->
        <test-method status="PASS" signature="changeReportColor()[pri:0, instance:com.qait.automation.report.ResultsIT@1593948d]" name="changeReportColor" duration-ms="1096" started-at="2018-04-24T14:19:56Z" finished-at="2018-04-24T14:19:57Z">
          <reporter-output>
          </reporter-output>
        </test-method> <!-- changeReportColor -->
        <test-method status="PASS" signature="sendResultsMail()[pri:0, instance:com.qait.automation.report.ResultsIT@1593948d]" name="sendResultsMail" duration-ms="19080" started-at="2018-04-24T14:19:57Z" finished-at="2018-04-24T14:20:16Z">
          <reporter-output>
            <line>
              <![CDATA[Test running on westcoast environment]]>
            </line>
          </reporter-output>
        </test-method> <!-- sendResultsMail -->
      </class> <!-- com.qait.automation.report.ResultsIT -->
    </test> <!-- Surefire test -->
  </suite> <!-- Surefire suite -->
</testng-results>
